e:\compilacoes-pw-2024\cliente\element2_2\common\fweditorlib\debug\fweditorlib.pdb
e:\compilacoes-pw-2024\cliente\element2_2\common\fweditorlib\debug\fweditorlib.idb
e:\compilacoes-pw-2024\cliente\element2_2\common\fweditorlib\debug\fwstatecreatefirework.obj
e:\compilacoes-pw-2024\cliente\element2_2\common\fweditorlib\debug\fwstatecreatepolygon.obj
e:\compilacoes-pw-2024\cliente\element2_2\common\fweditorlib\debug\fwstatecreaterect.obj
e:\compilacoes-pw-2024\cliente\element2_2\common\fweditorlib\debug\fwstatecreatetext.obj
e:\compilacoes-pw-2024\cliente\element2_2\common\fweditorlib\debug\fwstatemove.obj
e:\compilacoes-pw-2024\cliente\element2_2\common\fweditorlib\debug\fwstatemovehandle.obj
e:\compilacoes-pw-2024\cliente\element2_2\common\fweditorlib\debug\fwstatemovewindow.obj
e:\compilacoes-pw-2024\cliente\element2_2\common\fweditorlib\debug\fwstatenetselect.obj
e:\compilacoes-pw-2024\cliente\element2_2\common\fweditorlib\debug\fwstateresize.obj
e:\compilacoes-pw-2024\cliente\element2_2\common\fweditorlib\debug\fwstaterotate.obj
e:\compilacoes-pw-2024\cliente\element2_2\common\fweditorlib\debug\fwstateselect.obj
e:\compilacoes-pw-2024\cliente\element2_2\common\fweditorlib\debug\fwstream.obj
e:\compilacoes-pw-2024\cliente\element2_2\common\fweditorlib\debug\fwtemplate.obj
e:\compilacoes-pw-2024\cliente\element2_2\common\fweditorlib\debug\fwtextmesh.obj
e:\compilacoes-pw-2024\cliente\element2_2\common\fweditorlib\debug\fwview.obj
e:\compilacoes-pw-2024\cliente\element2_2\common\fweditorlib\debug\glucontour.obj
e:\compilacoes-pw-2024\cliente\element2_2\common\fweditorlib\debug\glupolygon.obj
e:\compilacoes-pw-2024\cliente\element2_2\common\fweditorlib\debug\glutess.obj
e:\compilacoes-pw-2024\cliente\element2_2\common\fweditorlib\debug\mesh.obj
e:\compilacoes-pw-2024\cliente\element2_2\common\fweditorlib\debug\triangle.obj
e:\compilacoes-pw-2024\cliente\element2_2\common\fweditorlib\debug\fwglyphtext.obj
e:\compilacoes-pw-2024\cliente\element2_2\common\fweditorlib\debug\fwinnerproperty.obj
e:\compilacoes-pw-2024\cliente\element2_2\common\fweditorlib\debug\fwlog.obj
e:\compilacoes-pw-2024\cliente\element2_2\common\fweditorlib\debug\fwmanager.obj
e:\compilacoes-pw-2024\cliente\element2_2\common\fweditorlib\debug\fwmodifier.obj
e:\compilacoes-pw-2024\cliente\element2_2\common\fweditorlib\debug\fwmodifiercreator.obj
e:\compilacoes-pw-2024\cliente\element2_2\common\fweditorlib\debug\fwmodifierparabola.obj
e:\compilacoes-pw-2024\cliente\element2_2\common\fweditorlib\debug\fwmodifierring.obj
e:\compilacoes-pw-2024\cliente\element2_2\common\fweditorlib\debug\fwobject.obj
e:\compilacoes-pw-2024\cliente\element2_2\common\fweditorlib\debug\fwoperand.obj
e:\compilacoes-pw-2024\cliente\element2_2\common\fweditorlib\debug\fwoperator.obj
e:\compilacoes-pw-2024\cliente\element2_2\common\fweditorlib\debug\fwoutterproperty.obj
e:\compilacoes-pw-2024\cliente\element2_2\common\fweditorlib\debug\fwparam.obj
e:\compilacoes-pw-2024\cliente\element2_2\common\fweditorlib\debug\fwparticalquota.obj
e:\compilacoes-pw-2024\cliente\element2_2\common\fweditorlib\debug\fwparticalquotalist.obj
e:\compilacoes-pw-2024\cliente\element2_2\common\fweditorlib\debug\fwplayer.obj
e:\compilacoes-pw-2024\cliente\element2_2\common\fweditorlib\debug\fwruntimeclass.obj
e:\compilacoes-pw-2024\cliente\element2_2\common\fweditorlib\debug\fwsharedfile.obj
e:\compilacoes-pw-2024\cliente\element2_2\common\fweditorlib\debug\fwstate.obj
e:\compilacoes-pw-2024\cliente\element2_2\common\fweditorlib\debug\fwstatecreatebezier.obj
e:\compilacoes-pw-2024\cliente\element2_2\common\fweditorlib\debug\fwfireworkgraph.obj
e:\compilacoes-pw-2024\cliente\element2_2\common\fweditorlib\debug\fwfireworklanch.obj
e:\compilacoes-pw-2024\cliente\element2_2\common\fweditorlib\debug\fwfireworkleaf.obj
e:\compilacoes-pw-2024\cliente\element2_2\common\fweditorlib\debug\fwfireworksimple.obj
e:\compilacoes-pw-2024\cliente\element2_2\common\fweditorlib\debug\fwflatcollector.obj
e:\compilacoes-pw-2024\cliente\element2_2\common\fweditorlib\debug\fwfontenum.obj
e:\compilacoes-pw-2024\cliente\element2_2\common\fweditorlib\debug\fwformula.obj
e:\compilacoes-pw-2024\cliente\element2_2\common\fweditorlib\debug\fwformulaelement.obj
e:\compilacoes-pw-2024\cliente\element2_2\common\fweditorlib\debug\fwformulalist.obj
e:\compilacoes-pw-2024\cliente\element2_2\common\fweditorlib\debug\fwgfxwithmodifier.obj
e:\compilacoes-pw-2024\cliente\element2_2\common\fweditorlib\debug\fwglyph.obj
e:\compilacoes-pw-2024\cliente\element2_2\common\fweditorlib\debug\fwglyphbezier.obj
e:\compilacoes-pw-2024\cliente\element2_2\common\fweditorlib\debug\fwglyphcomposite.obj
e:\compilacoes-pw-2024\cliente\element2_2\common\fweditorlib\debug\fwglyphellipse.obj
e:\compilacoes-pw-2024\cliente\element2_2\common\fweditorlib\debug\fwglyphfirework.obj
e:\compilacoes-pw-2024\cliente\element2_2\common\fweditorlib\debug\fwglyphgraphbase.obj
e:\compilacoes-pw-2024\cliente\element2_2\common\fweditorlib\debug\fwglyphlist.obj
e:\compilacoes-pw-2024\cliente\element2_2\common\fweditorlib\debug\fwglyphpolygon.obj
e:\compilacoes-pw-2024\cliente\element2_2\common\fweditorlib\debug\fwglyphrectangle.obj
e:\compilacoes-pw-2024\cliente\element2_2\common\fweditorlib\debug\fwglyphrectbase.obj
e:\compilacoes-pw-2024\cliente\element2_2\common\fweditorlib\debug\fwdialogbeziermenu.obj
e:\compilacoes-pw-2024\cliente\element2_2\common\fweditorlib\debug\fwdialogboard.obj
e:\compilacoes-pw-2024\cliente\element2_2\common\fweditorlib\debug\fwdialogcustom.obj
e:\compilacoes-pw-2024\cliente\element2_2\common\fweditorlib\debug\fwdialogedit.obj
e:\compilacoes-pw-2024\cliente\element2_2\common\fweditorlib\debug\fwdialoggraph.obj
e:\compilacoes-pw-2024\cliente\element2_2\common\fweditorlib\debug\fwdialoggraphmenu.obj
e:\compilacoes-pw-2024\cliente\element2_2\common\fweditorlib\debug\fwdialoglanch.obj
e:\compilacoes-pw-2024\cliente\element2_2\common\fweditorlib\debug\fwdialogmain.obj
e:\compilacoes-pw-2024\cliente\element2_2\common\fweditorlib\debug\fwdialogparam.obj
e:\compilacoes-pw-2024\cliente\element2_2\common\fweditorlib\debug\fwdialogplay.obj
e:\compilacoes-pw-2024\cliente\element2_2\common\fweditorlib\debug\fwdialogpolygonmenu.obj
e:\compilacoes-pw-2024\cliente\element2_2\common\fweditorlib\debug\fwdialogpropbase.obj
e:\compilacoes-pw-2024\cliente\element2_2\common\fweditorlib\debug\fwdialogscale.obj
e:\compilacoes-pw-2024\cliente\element2_2\common\fweditorlib\debug\fwdialogsimple.obj
e:\compilacoes-pw-2024\cliente\element2_2\common\fweditorlib\debug\fwdialogtext.obj
e:\compilacoes-pw-2024\cliente\element2_2\common\fweditorlib\debug\fwdialogtool.obj
e:\compilacoes-pw-2024\cliente\element2_2\common\fweditorlib\debug\fwdoc.obj
e:\compilacoes-pw-2024\cliente\element2_2\common\fweditorlib\debug\fwfirework.obj
e:\compilacoes-pw-2024\cliente\element2_2\common\fweditorlib\debug\fwfireworkcustom.obj
e:\compilacoes-pw-2024\cliente\element2_2\common\fweditorlib\debug\fwfireworkelement.obj
e:\compilacoes-pw-2024\cliente\element2_2\common\fweditorlib\debug\fwartwave.obj
e:\compilacoes-pw-2024\cliente\element2_2\common\fweditorlib\debug\fwassemblycache.obj
e:\compilacoes-pw-2024\cliente\element2_2\common\fweditorlib\debug\fwassemblyprofile.obj
e:\compilacoes-pw-2024\cliente\element2_2\common\fweditorlib\debug\fwassemblyset.obj
e:\compilacoes-pw-2024\cliente\element2_2\common\fweditorlib\debug\fwauimanager.obj
e:\compilacoes-pw-2024\cliente\element2_2\common\fweditorlib\debug\fwcommand.obj
e:\compilacoes-pw-2024\cliente\element2_2\common\fweditorlib\debug\fwcommandcombine.obj
e:\compilacoes-pw-2024\cliente\element2_2\common\fweditorlib\debug\fwcommandcreate.obj
e:\compilacoes-pw-2024\cliente\element2_2\common\fweditorlib\debug\fwcommanddelete.obj
e:\compilacoes-pw-2024\cliente\element2_2\common\fweditorlib\debug\fwcommandduplicatehandle.obj
e:\compilacoes-pw-2024\cliente\element2_2\common\fweditorlib\debug\fwcommandlist.obj
e:\compilacoes-pw-2024\cliente\element2_2\common\fweditorlib\debug\fwcommandmove.obj
e:\compilacoes-pw-2024\cliente\element2_2\common\fweditorlib\debug\fwcommandmovehandle.obj
e:\compilacoes-pw-2024\cliente\element2_2\common\fweditorlib\debug\fwcommandremovehandle.obj
e:\compilacoes-pw-2024\cliente\element2_2\common\fweditorlib\debug\fwcommandresize.obj
e:\compilacoes-pw-2024\cliente\element2_2\common\fweditorlib\debug\fwcommandrotate.obj
e:\compilacoes-pw-2024\cliente\element2_2\common\fweditorlib\debug\fwcommandsetbeziermode.obj
e:\compilacoes-pw-2024\cliente\element2_2\common\fweditorlib\debug\fwcommandsetglyphprop.obj
e:\compilacoes-pw-2024\cliente\element2_2\common\fweditorlib\debug\fwcommanduncombine.obj
e:\compilacoes-pw-2024\cliente\element2_2\common\fweditorlib\debug\fwdialogbase.obj
e:\compilacoes-pw-2024\cliente\element2_2\common\fweditorlib\debug\charcontour.obj
e:\compilacoes-pw-2024\cliente\element2_2\common\fweditorlib\debug\charcurve.obj
e:\compilacoes-pw-2024\cliente\element2_2\common\fweditorlib\debug\charoutline.obj
e:\compilacoes-pw-2024\cliente\element2_2\common\fweditorlib\debug\charverticesbuffer.obj
e:\compilacoes-pw-2024\cliente\element2_2\common\fweditorlib\debug\codetemplate.obj
e:\compilacoes-pw-2024\cliente\element2_2\common\fweditorlib\debug\fwalgorithm.obj
e:\compilacoes-pw-2024\cliente\element2_2\common\fweditorlib\debug\fwarchive.obj
e:\compilacoes-pw-2024\cliente\element2_2\common\fweditorlib\debug\fwart.obj
e:\compilacoes-pw-2024\cliente\element2_2\common\fweditorlib\debug\fwartarc.obj
e:\compilacoes-pw-2024\cliente\element2_2\common\fweditorlib\debug\fwartcreator.obj
e:\compilacoes-pw-2024\cliente\element2_2\common\fweditorlib\debug\fwartdoublearc.obj
e:\compilacoes-pw-2024\cliente\element2_2\common\fweditorlib\debug\fwartnochange.obj
e:\compilacoes-pw-2024\cliente\element2_2\common\fweditorlib\debug\fwartstepscale.obj
e:\compilacoes-pw-2024\cliente\element2_2\common\fweditorlib\debug\fwarttilt.obj
e:\compilacoes-pw-2024\cliente\element2_2\common\fweditorlib\debug\fweditorlib_d.lib
e:\compilacoes-pw-2024\cliente\element2_2\common\fweditorlib\debug\fweditorlib.vcxproj.filelistabsolute.txt
e:\compilacoes-pw-2024\cliente\element2_2\common\fweditorlib\debug\fweditorlib.tlog\cl.command.1.tlog
e:\compilacoes-pw-2024\cliente\element2_2\common\fweditorlib\debug\fweditorlib.tlog\cl.items.tlog
e:\compilacoes-pw-2024\cliente\element2_2\common\fweditorlib\debug\fweditorlib.tlog\cl.read.1.tlog
e:\compilacoes-pw-2024\cliente\element2_2\common\fweditorlib\debug\fweditorlib.tlog\cl.write.1.tlog
e:\compilacoes-pw-2024\cliente\element2_2\common\fweditorlib\debug\fweditorlib.tlog\lib-link.read.1.tlog
e:\compilacoes-pw-2024\cliente\element2_2\common\fweditorlib\debug\fweditorlib.tlog\lib-link.write.1.tlog
e:\compilacoes-pw-2024\cliente\element2_2\common\fweditorlib\debug\fweditorlib.tlog\lib.command.1.tlog
