e:\compilacoes-pw-2024\cliente\element2_2\common\ftdriver\debug\stdafx.obj
e:\compilacoes-pw-2024\cliente\element2_2\common\ftdriver\debug\ftglyphcache.obj
e:\compilacoes-pw-2024\cliente\element2_2\common\ftdriver\debug\myraster.obj
e:\compilacoes-pw-2024\cliente\element2_2\common\ftdriver\debug\ftfont.obj
e:\compilacoes-pw-2024\cliente\element2_2\common\ftdriver\debug\myftcache.obj
e:\compilacoes-pw-2024\cliente\element2_2\common\ftdriver\debug\ftmanager.obj
e:\compilacoes-pw-2024\cliente\element2_2\common\ftdriver\debug\wtfont.obj
e:\compilacoes-pw-2024\cliente\element2_2\common\ftdriver\debug\criticalsession.obj
e:\compilacoes-pw-2024\cliente\element2_2\common\ftdriver\debug\ftdriverdll.obj
e:\compilacoes-pw-2024\cliente\element2_2\common\ftdriver\debug\vc143.pdb
e:\compilacoes-pw-2024\cliente\element2_2\common\ftdriver\debug\ftdriver_d.dll
e:\compilacoes-pw-2024\cliente\element2_2\common\ftdriver\debug\ftdriver_d.pdb
e:\compilacoes-pw-2024\cliente\element2_2\common\ftdriver\debug\ftdriver_d.lib
e:\compilacoes-pw-2024\cliente\element2_2\common\ftdriver\debug\ftdriver_d.exp
e:\compilacoes-pw-2024\cliente\element2_2\common\ftdriver\debug\ftdriver_d.ilk
e:\compilacoes-pw-2024\cliente\element2_2\common\ftdriver\debug\vc143.idb
e:\compilacoes-pw-2024\cliente\element2_2\common\ftdriver\debug\ftdriver.vcxproj.filelistabsolute.txt
e:\compilacoes-pw-2024\cliente\element2_2\common\ftdriver\debug\ftdriver.tlog\cl.1100.write.1.tlog
e:\compilacoes-pw-2024\cliente\element2_2\common\ftdriver\debug\ftdriver.tlog\cl.command.1.tlog
e:\compilacoes-pw-2024\cliente\element2_2\common\ftdriver\debug\ftdriver.tlog\cl.items.tlog
e:\compilacoes-pw-2024\cliente\element2_2\common\ftdriver\debug\ftdriver.tlog\cl.read.1.tlog
e:\compilacoes-pw-2024\cliente\element2_2\common\ftdriver\debug\ftdriver.tlog\link.command.1.tlog
e:\compilacoes-pw-2024\cliente\element2_2\common\ftdriver\debug\ftdriver.tlog\link.read.1.tlog
e:\compilacoes-pw-2024\cliente\element2_2\common\ftdriver\debug\ftdriver.tlog\link.secondary.1.tlog
e:\compilacoes-pw-2024\cliente\element2_2\common\ftdriver\debug\ftdriver.tlog\link.write.1.tlog
