e:\compilacoes-pw-2024\cliente\element2_2\libraries\cximage\debug\cximage.pdb
e:\compilacoes-pw-2024\cliente\element2_2\libraries\cximage\debug\cximage.idb
e:\compilacoes-pw-2024\cliente\element2_2\libraries\cximage\debug\ximajas.obj
e:\compilacoes-pw-2024\cliente\element2_2\libraries\cximage\debug\ximajbg.obj
e:\compilacoes-pw-2024\cliente\element2_2\libraries\cximage\debug\ximajpg.obj
e:\compilacoes-pw-2024\cliente\element2_2\libraries\cximage\debug\ximalpha.obj
e:\compilacoes-pw-2024\cliente\element2_2\libraries\cximage\debug\ximalyr.obj
e:\compilacoes-pw-2024\cliente\element2_2\libraries\cximage\debug\ximamng.obj
e:\compilacoes-pw-2024\cliente\element2_2\libraries\cximage\debug\ximapal.obj
e:\compilacoes-pw-2024\cliente\element2_2\libraries\cximage\debug\ximapcx.obj
e:\compilacoes-pw-2024\cliente\element2_2\libraries\cximage\debug\ximapng.obj
e:\compilacoes-pw-2024\cliente\element2_2\libraries\cximage\debug\ximaraw.obj
e:\compilacoes-pw-2024\cliente\element2_2\libraries\cximage\debug\ximasel.obj
e:\compilacoes-pw-2024\cliente\element2_2\libraries\cximage\debug\ximaska.obj
e:\compilacoes-pw-2024\cliente\element2_2\libraries\cximage\debug\ximatga.obj
e:\compilacoes-pw-2024\cliente\element2_2\libraries\cximage\debug\ximath.obj
e:\compilacoes-pw-2024\cliente\element2_2\libraries\cximage\debug\ximatif.obj
e:\compilacoes-pw-2024\cliente\element2_2\libraries\cximage\debug\ximatran.obj
e:\compilacoes-pw-2024\cliente\element2_2\libraries\cximage\debug\ximawbmp.obj
e:\compilacoes-pw-2024\cliente\element2_2\libraries\cximage\debug\ximawmf.obj
e:\compilacoes-pw-2024\cliente\element2_2\libraries\cximage\debug\ximawnd.obj
e:\compilacoes-pw-2024\cliente\element2_2\libraries\cximage\debug\xmemfile.obj
e:\compilacoes-pw-2024\cliente\element2_2\libraries\cximage\debug\tif_xfile.obj
e:\compilacoes-pw-2024\cliente\element2_2\libraries\cximage\debug\ximabmp.obj
e:\compilacoes-pw-2024\cliente\element2_2\libraries\cximage\debug\ximadsp.obj
e:\compilacoes-pw-2024\cliente\element2_2\libraries\cximage\debug\ximaenc.obj
e:\compilacoes-pw-2024\cliente\element2_2\libraries\cximage\debug\ximaexif.obj
e:\compilacoes-pw-2024\cliente\element2_2\libraries\cximage\debug\ximage.obj
e:\compilacoes-pw-2024\cliente\element2_2\libraries\cximage\debug\ximagif.obj
e:\compilacoes-pw-2024\cliente\element2_2\libraries\cximage\debug\ximahist.obj
e:\compilacoes-pw-2024\cliente\element2_2\libraries\cximage\debug\ximaico.obj
e:\compilacoes-pw-2024\cliente\element2_2\libraries\cximage\debug\ximainfo.obj
e:\compilacoes-pw-2024\cliente\element2_2\libraries\cximage\debug\ximaint.obj
e:\compilacoes-pw-2024\cliente\element2_2\output\lib\cximage_d.lib
e:\compilacoes-pw-2024\cliente\element2_2\libraries\cximage\debug\cximage.vcxproj.filelistabsolute.txt
e:\compilacoes-pw-2024\cliente\element2_2\libraries\cximage\debug\cximage.tlog\cl.command.1.tlog
e:\compilacoes-pw-2024\cliente\element2_2\libraries\cximage\debug\cximage.tlog\cl.items.tlog
e:\compilacoes-pw-2024\cliente\element2_2\libraries\cximage\debug\cximage.tlog\cl.read.1.tlog
e:\compilacoes-pw-2024\cliente\element2_2\libraries\cximage\debug\cximage.tlog\cl.write.1.tlog
e:\compilacoes-pw-2024\cliente\element2_2\libraries\cximage\debug\cximage.tlog\lib-link.read.1.tlog
e:\compilacoes-pw-2024\cliente\element2_2\libraries\cximage\debug\cximage.tlog\lib-link.write.1.tlog
e:\compilacoes-pw-2024\cliente\element2_2\libraries\cximage\debug\cximage.tlog\lib.command.1.tlog
