e:\compilacoes-pw-2024\cliente\element2_2\common\auinterface2\debug\auinterface.bsc
e:\compilacoes-pw-2024\cliente\element2_2\common\auinterface2\debug\auinterface.pdb
e:\compilacoes-pw-2024\cliente\element2_2\common\auinterface2\debug\auinterface.idb
e:\compilacoes-pw-2024\cliente\element2_2\common\auinterface2\debug\auinterface.pch
e:\compilacoes-pw-2024\cliente\element2_2\common\auinterface2\debug\aui.sbr
e:\compilacoes-pw-2024\cliente\element2_2\common\auinterface2\debug\aui.obj
e:\compilacoes-pw-2024\cliente\element2_2\common\auinterface2\debug\imewrapper.sbr
e:\compilacoes-pw-2024\cliente\element2_2\common\auinterface2\debug\imeui.sbr
e:\compilacoes-pw-2024\cliente\element2_2\common\auinterface2\debug\auitag.sbr
e:\compilacoes-pw-2024\cliente\element2_2\common\auinterface2\debug\auiobjecttemplatemanager.sbr
e:\compilacoes-pw-2024\cliente\element2_2\common\auinterface2\debug\a2ddotlineman.sbr
e:\compilacoes-pw-2024\cliente\element2_2\common\auinterface2\debug\a2ddotline.sbr
e:\compilacoes-pw-2024\cliente\element2_2\common\auinterface2\debug\a2ddotline.obj
e:\compilacoes-pw-2024\cliente\element2_2\common\auinterface2\debug\a2ddotlineman.obj
e:\compilacoes-pw-2024\cliente\element2_2\common\auinterface2\debug\auiobjecttemplatemanager.obj
e:\compilacoes-pw-2024\cliente\element2_2\common\auinterface2\debug\auitag.obj
e:\compilacoes-pw-2024\cliente\element2_2\common\auinterface2\debug\imeui.obj
e:\compilacoes-pw-2024\cliente\element2_2\common\auinterface2\debug\imewrapper.obj
e:\compilacoes-pw-2024\cliente\element2_2\common\auinterface2\debug\wndthreadmanager.sbr
e:\compilacoes-pw-2024\cliente\element2_2\common\auinterface2\debug\uirendertarget.sbr
e:\compilacoes-pw-2024\cliente\element2_2\common\auinterface2\debug\luadlgapi.sbr
e:\compilacoes-pw-2024\cliente\element2_2\common\auinterface2\debug\csplit.sbr
e:\compilacoes-pw-2024\cliente\element2_2\common\auinterface2\debug\axmlfile.sbr
e:\compilacoes-pw-2024\cliente\element2_2\common\auinterface2\debug\auiwindowpicture.sbr
e:\compilacoes-pw-2024\cliente\element2_2\common\auinterface2\debug\auiverticaltext.sbr
e:\compilacoes-pw-2024\cliente\element2_2\common\auinterface2\debug\auitreeview.sbr
e:\compilacoes-pw-2024\cliente\element2_2\common\auinterface2\debug\auitextarea.sbr
e:\compilacoes-pw-2024\cliente\element2_2\common\auinterface2\debug\auisubdialog.sbr
e:\compilacoes-pw-2024\cliente\element2_2\common\auinterface2\debug\auistillimagebutton.sbr
e:\compilacoes-pw-2024\cliente\element2_2\common\auinterface2\debug\auislider.sbr
e:\compilacoes-pw-2024\cliente\element2_2\common\auinterface2\debug\auiscroll.sbr
e:\compilacoes-pw-2024\cliente\element2_2\common\auinterface2\debug\auiradiobutton.sbr
e:\compilacoes-pw-2024\cliente\element2_2\common\auinterface2\debug\auiprogress.sbr
e:\compilacoes-pw-2024\cliente\element2_2\common\auinterface2\debug\auipicture.sbr
e:\compilacoes-pw-2024\cliente\element2_2\common\auinterface2\debug\auiobject.sbr
e:\compilacoes-pw-2024\cliente\element2_2\common\auinterface2\debug\auimodelpicture.sbr
e:\compilacoes-pw-2024\cliente\element2_2\common\auinterface2\debug\auimanager.sbr
e:\compilacoes-pw-2024\cliente\element2_2\common\auinterface2\debug\auiluamanager.sbr
e:\compilacoes-pw-2024\cliente\element2_2\common\auinterface2\debug\auiluamanager.obj
e:\compilacoes-pw-2024\cliente\element2_2\common\auinterface2\debug\auimanager.obj
e:\compilacoes-pw-2024\cliente\element2_2\common\auinterface2\debug\auimodelpicture.obj
e:\compilacoes-pw-2024\cliente\element2_2\common\auinterface2\debug\auiobject.obj
e:\compilacoes-pw-2024\cliente\element2_2\common\auinterface2\debug\auipicture.obj
e:\compilacoes-pw-2024\cliente\element2_2\common\auinterface2\debug\auiprogress.obj
e:\compilacoes-pw-2024\cliente\element2_2\common\auinterface2\debug\auiradiobutton.obj
e:\compilacoes-pw-2024\cliente\element2_2\common\auinterface2\debug\auiscroll.obj
e:\compilacoes-pw-2024\cliente\element2_2\common\auinterface2\debug\auislider.obj
e:\compilacoes-pw-2024\cliente\element2_2\common\auinterface2\debug\auistillimagebutton.obj
e:\compilacoes-pw-2024\cliente\element2_2\common\auinterface2\debug\auisubdialog.obj
e:\compilacoes-pw-2024\cliente\element2_2\common\auinterface2\debug\auitextarea.obj
e:\compilacoes-pw-2024\cliente\element2_2\common\auinterface2\debug\auitreeview.obj
e:\compilacoes-pw-2024\cliente\element2_2\common\auinterface2\debug\auiverticaltext.obj
e:\compilacoes-pw-2024\cliente\element2_2\common\auinterface2\debug\auiwindowpicture.obj
e:\compilacoes-pw-2024\cliente\element2_2\common\auinterface2\debug\axmlfile.obj
e:\compilacoes-pw-2024\cliente\element2_2\common\auinterface2\debug\csplit.obj
e:\compilacoes-pw-2024\cliente\element2_2\common\auinterface2\debug\luadlgapi.obj
e:\compilacoes-pw-2024\cliente\element2_2\common\auinterface2\debug\uirendertarget.obj
e:\compilacoes-pw-2024\cliente\element2_2\common\auinterface2\debug\wndthreadmanager.obj
e:\compilacoes-pw-2024\cliente\element2_2\common\auinterface2\debug\auiluadialog.sbr
e:\compilacoes-pw-2024\cliente\element2_2\common\auinterface2\debug\auilistbox.sbr
e:\compilacoes-pw-2024\cliente\element2_2\common\auinterface2\debug\auilabel.sbr
e:\compilacoes-pw-2024\cliente\element2_2\common\auinterface2\debug\auiimehook.sbr
e:\compilacoes-pw-2024\cliente\element2_2\common\auinterface2\debug\auiimagepicture.sbr
e:\compilacoes-pw-2024\cliente\element2_2\common\auinterface2\debug\auiframe.sbr
e:\compilacoes-pw-2024\cliente\element2_2\common\auinterface2\debug\auieditbox.sbr
e:\compilacoes-pw-2024\cliente\element2_2\common\auinterface2\debug\auidialog.sbr
e:\compilacoes-pw-2024\cliente\element2_2\common\auinterface2\debug\auicustomize.sbr
e:\compilacoes-pw-2024\cliente\element2_2\common\auinterface2\debug\auictranslate.sbr
e:\compilacoes-pw-2024\cliente\element2_2\common\auinterface2\debug\auiconsole.sbr
e:\compilacoes-pw-2024\cliente\element2_2\common\auinterface2\debug\auicommon.sbr
e:\compilacoes-pw-2024\cliente\element2_2\common\auinterface2\debug\auicombobox.sbr
e:\compilacoes-pw-2024\cliente\element2_2\common\auinterface2\debug\auiclockicon.sbr
e:\compilacoes-pw-2024\cliente\element2_2\common\auinterface2\debug\auicheckbox.sbr
e:\compilacoes-pw-2024\cliente\element2_2\common\auinterface2\debug\astringwithwildcard.sbr
e:\compilacoes-pw-2024\cliente\element2_2\common\auinterface2\debug\a3dftfontman.sbr
e:\compilacoes-pw-2024\cliente\element2_2\common\auinterface2\debug\a3dftfont.sbr
e:\compilacoes-pw-2024\cliente\element2_2\common\auinterface2\debug\a3dalterableskinmodel.sbr
e:\compilacoes-pw-2024\cliente\element2_2\common\auinterface2\debug\a3dalterableskinmodel.obj
e:\compilacoes-pw-2024\cliente\element2_2\common\auinterface2\debug\a3dftfont.obj
e:\compilacoes-pw-2024\cliente\element2_2\common\auinterface2\debug\a3dftfontman.obj
e:\compilacoes-pw-2024\cliente\element2_2\common\auinterface2\debug\astringwithwildcard.obj
e:\compilacoes-pw-2024\cliente\element2_2\common\auinterface2\debug\auicheckbox.obj
e:\compilacoes-pw-2024\cliente\element2_2\common\auinterface2\debug\auiclockicon.obj
e:\compilacoes-pw-2024\cliente\element2_2\common\auinterface2\debug\auicombobox.obj
e:\compilacoes-pw-2024\cliente\element2_2\common\auinterface2\debug\auicommon.obj
e:\compilacoes-pw-2024\cliente\element2_2\common\auinterface2\debug\auiconsole.obj
e:\compilacoes-pw-2024\cliente\element2_2\common\auinterface2\debug\auictranslate.obj
e:\compilacoes-pw-2024\cliente\element2_2\common\auinterface2\debug\auicustomize.obj
e:\compilacoes-pw-2024\cliente\element2_2\common\auinterface2\debug\auidialog.obj
e:\compilacoes-pw-2024\cliente\element2_2\common\auinterface2\debug\auieditbox.obj
e:\compilacoes-pw-2024\cliente\element2_2\common\auinterface2\debug\auiframe.obj
e:\compilacoes-pw-2024\cliente\element2_2\common\auinterface2\debug\auiimagepicture.obj
e:\compilacoes-pw-2024\cliente\element2_2\common\auinterface2\debug\auiimehook.obj
e:\compilacoes-pw-2024\cliente\element2_2\common\auinterface2\debug\auilabel.obj
e:\compilacoes-pw-2024\cliente\element2_2\common\auinterface2\debug\auilistbox.obj
e:\compilacoes-pw-2024\cliente\element2_2\common\auinterface2\debug\auiluadialog.obj
e:\compilacoes-pw-2024\cliente\element2_2\common\auinterface2\debug\auinterface_d.lib
e:\compilacoes-pw-2024\cliente\element2_2\common\auinterface2\debug\auinterface_2.2.vcxproj.filelistabsolute.txt
e:\compilacoes-pw-2024\cliente\element2_2\common\auinterface2\debug\auinterface.tlog\bscmake.command.1.tlog
e:\compilacoes-pw-2024\cliente\element2_2\common\auinterface2\debug\auinterface.tlog\bscmake.read.1.tlog
e:\compilacoes-pw-2024\cliente\element2_2\common\auinterface2\debug\auinterface.tlog\bscmake.write.1.tlog
e:\compilacoes-pw-2024\cliente\element2_2\common\auinterface2\debug\auinterface.tlog\cl.command.1.tlog
e:\compilacoes-pw-2024\cliente\element2_2\common\auinterface2\debug\auinterface.tlog\cl.items.tlog
e:\compilacoes-pw-2024\cliente\element2_2\common\auinterface2\debug\auinterface.tlog\cl.read.1.tlog
e:\compilacoes-pw-2024\cliente\element2_2\common\auinterface2\debug\auinterface.tlog\cl.write.1.tlog
e:\compilacoes-pw-2024\cliente\element2_2\common\auinterface2\debug\auinterface.tlog\lib-link.read.1.tlog
e:\compilacoes-pw-2024\cliente\element2_2\common\auinterface2\debug\auinterface.tlog\lib-link.write.1.tlog
e:\compilacoes-pw-2024\cliente\element2_2\common\auinterface2\debug\auinterface.tlog\lib.command.1.tlog
