e:\compilacoes-pw-2024\cliente\element2_2\angelica2_2\angelicamedia\debug\angelicamedia.pdb
e:\compilacoes-pw-2024\cliente\element2_2\angelica2_2\angelicamedia\debug\angelicamedia.idb
e:\compilacoes-pw-2024\cliente\element2_2\angelica2_2\angelicamedia\debug\am3dsoundbuffer.obj
e:\compilacoes-pw-2024\cliente\element2_2\angelica2_2\angelicamedia\debug\am3dsounddevice.obj
e:\compilacoes-pw-2024\cliente\element2_2\angelica2_2\angelicamedia\debug\amconfig.obj
e:\compilacoes-pw-2024\cliente\element2_2\angelica2_2\angelicamedia\debug\amengine.obj
e:\compilacoes-pw-2024\cliente\element2_2\angelica2_2\angelicamedia\debug\ammp3file.obj
e:\compilacoes-pw-2024\cliente\element2_2\angelica2_2\angelicamedia\debug\amoggfile.obj
e:\compilacoes-pw-2024\cliente\element2_2\angelica2_2\angelicamedia\debug\ampi.obj
e:\compilacoes-pw-2024\cliente\element2_2\angelica2_2\angelicamedia\debug\amsoundbuffer.obj
e:\compilacoes-pw-2024\cliente\element2_2\angelica2_2\angelicamedia\debug\amsoundbufferman.obj
e:\compilacoes-pw-2024\cliente\element2_2\angelica2_2\angelicamedia\debug\amsounddevice.obj
e:\compilacoes-pw-2024\cliente\element2_2\angelica2_2\angelicamedia\debug\amsoundengine.obj
e:\compilacoes-pw-2024\cliente\element2_2\angelica2_2\angelicamedia\debug\amsoundstream.obj
e:\compilacoes-pw-2024\cliente\element2_2\angelica2_2\angelicamedia\debug\amsurfacerenderer.obj
e:\compilacoes-pw-2024\cliente\element2_2\angelica2_2\angelicamedia\debug\amvideoclip.obj
e:\compilacoes-pw-2024\cliente\element2_2\angelica2_2\angelicamedia\debug\amvideoengine.obj
e:\compilacoes-pw-2024\cliente\element2_2\angelica2_2\angelicamedia\debug\amwavefile.obj
e:\compilacoes-pw-2024\cliente\element2_2\angelica2_2\angelicamedia\debug\fft.obj
e:\compilacoes-pw-2024\cliente\element2_2\angelica2_2\angelicamedia\debug\angelicamedia_d.lib
e:\compilacoes-pw-2024\cliente\element2_2\angelica2_2\angelicamedia\debug\angelicamedia.vcxproj.filelistabsolute.txt
e:\compilacoes-pw-2024\cliente\element2_2\angelica2_2\angelicamedia\debug\angelicamedia.tlog\cl.command.1.tlog
e:\compilacoes-pw-2024\cliente\element2_2\angelica2_2\angelicamedia\debug\angelicamedia.tlog\cl.items.tlog
e:\compilacoes-pw-2024\cliente\element2_2\angelica2_2\angelicamedia\debug\angelicamedia.tlog\cl.read.1.tlog
e:\compilacoes-pw-2024\cliente\element2_2\angelica2_2\angelicamedia\debug\angelicamedia.tlog\cl.write.1.tlog
e:\compilacoes-pw-2024\cliente\element2_2\angelica2_2\angelicamedia\debug\angelicamedia.tlog\lib-link.read.1.tlog
e:\compilacoes-pw-2024\cliente\element2_2\angelica2_2\angelicamedia\debug\angelicamedia.tlog\lib-link.write.1.tlog
e:\compilacoes-pw-2024\cliente\element2_2\angelica2_2\angelicamedia\debug\angelicamedia.tlog\lib.command.1.tlog
