e:\compilacoes-pw-2024\cliente\element2_2\libraries\tiff\debug\tiff.pdb
e:\compilacoes-pw-2024\cliente\element2_2\libraries\tiff\debug\tiff.idb
e:\compilacoes-pw-2024\cliente\element2_2\libraries\tiff\debug\tif_getimage.obj
e:\compilacoes-pw-2024\cliente\element2_2\libraries\tiff\debug\tif_jpeg.obj
e:\compilacoes-pw-2024\cliente\element2_2\libraries\tiff\debug\tif_luv.obj
e:\compilacoes-pw-2024\cliente\element2_2\libraries\tiff\debug\tif_lzw.obj
e:\compilacoes-pw-2024\cliente\element2_2\libraries\tiff\debug\tif_next.obj
e:\compilacoes-pw-2024\cliente\element2_2\libraries\tiff\debug\tif_ojpeg.obj
e:\compilacoes-pw-2024\cliente\element2_2\libraries\tiff\debug\tif_open.obj
e:\compilacoes-pw-2024\cliente\element2_2\libraries\tiff\debug\tif_packbits.obj
e:\compilacoes-pw-2024\cliente\element2_2\libraries\tiff\debug\tif_pixarlog.obj
e:\compilacoes-pw-2024\cliente\element2_2\libraries\tiff\debug\tif_predict.obj
e:\compilacoes-pw-2024\cliente\element2_2\libraries\tiff\debug\tif_print.obj
e:\compilacoes-pw-2024\cliente\element2_2\libraries\tiff\debug\tif_read.obj
e:\compilacoes-pw-2024\cliente\element2_2\libraries\tiff\debug\tif_strip.obj
e:\compilacoes-pw-2024\cliente\element2_2\libraries\tiff\debug\tif_swab.obj
e:\compilacoes-pw-2024\cliente\element2_2\libraries\tiff\debug\tif_thunder.obj
e:\compilacoes-pw-2024\cliente\element2_2\libraries\tiff\debug\tif_tile.obj
e:\compilacoes-pw-2024\cliente\element2_2\libraries\tiff\debug\tif_version.obj
e:\compilacoes-pw-2024\cliente\element2_2\libraries\tiff\debug\tif_warning.obj
e:\compilacoes-pw-2024\cliente\element2_2\libraries\tiff\debug\tif_write.obj
e:\compilacoes-pw-2024\cliente\element2_2\libraries\tiff\debug\tif_zip.obj
e:\compilacoes-pw-2024\cliente\element2_2\libraries\tiff\debug\fax3sm_winnt.obj
e:\compilacoes-pw-2024\cliente\element2_2\libraries\tiff\debug\tif_aux.obj
e:\compilacoes-pw-2024\cliente\element2_2\libraries\tiff\debug\tif_close.obj
e:\compilacoes-pw-2024\cliente\element2_2\libraries\tiff\debug\tif_codec.obj
e:\compilacoes-pw-2024\cliente\element2_2\libraries\tiff\debug\tif_compress.obj
e:\compilacoes-pw-2024\cliente\element2_2\libraries\tiff\debug\tif_dir.obj
e:\compilacoes-pw-2024\cliente\element2_2\libraries\tiff\debug\tif_dirinfo.obj
e:\compilacoes-pw-2024\cliente\element2_2\libraries\tiff\debug\tif_dirread.obj
e:\compilacoes-pw-2024\cliente\element2_2\libraries\tiff\debug\tif_dirwrite.obj
e:\compilacoes-pw-2024\cliente\element2_2\libraries\tiff\debug\tif_dumpmode.obj
e:\compilacoes-pw-2024\cliente\element2_2\libraries\tiff\debug\tif_error.obj
e:\compilacoes-pw-2024\cliente\element2_2\libraries\tiff\debug\tif_fax3.obj
e:\compilacoes-pw-2024\cliente\element2_2\libraries\tiff\debug\tif_flush.obj
e:\compilacoes-pw-2024\cliente\element2_2\output\lib\tiff_d.lib
e:\compilacoes-pw-2024\cliente\element2_2\libraries\tiff\debug\tiff.vcxproj.filelistabsolute.txt
e:\compilacoes-pw-2024\cliente\element2_2\libraries\tiff\debug\tiff.tlog\cl.command.1.tlog
e:\compilacoes-pw-2024\cliente\element2_2\libraries\tiff\debug\tiff.tlog\cl.items.tlog
e:\compilacoes-pw-2024\cliente\element2_2\libraries\tiff\debug\tiff.tlog\cl.read.1.tlog
e:\compilacoes-pw-2024\cliente\element2_2\libraries\tiff\debug\tiff.tlog\cl.write.1.tlog
e:\compilacoes-pw-2024\cliente\element2_2\libraries\tiff\debug\tiff.tlog\lib-link.read.1.tlog
e:\compilacoes-pw-2024\cliente\element2_2\libraries\tiff\debug\tiff.tlog\lib-link.write.1.tlog
e:\compilacoes-pw-2024\cliente\element2_2\libraries\tiff\debug\tiff.tlog\lib.command.1.tlog
