e:\compilacoes-pw-2024\cliente\element2_2\common\chbasedcd\debug\chbasedcd.pdb
e:\compilacoes-pw-2024\cliente\element2_2\common\chbasedcd\debug\chbasedcd.idb
e:\compilacoes-pw-2024\cliente\element2_2\common\chbasedcd\debug\2dgiftwrap.obj
e:\compilacoes-pw-2024\cliente\element2_2\common\chbasedcd\debug\2dobstruct.obj
e:\compilacoes-pw-2024\cliente\element2_2\common\chbasedcd\debug\aabbcd.obj
e:\compilacoes-pw-2024\cliente\element2_2\common\chbasedcd\debug\cdwithch.obj
e:\compilacoes-pw-2024\cliente\element2_2\common\chbasedcd\debug\combgenerator.obj
e:\compilacoes-pw-2024\cliente\element2_2\common\chbasedcd\debug\convexhullalgorithm.obj
e:\compilacoes-pw-2024\cliente\element2_2\common\chbasedcd\debug\convexhulldata.obj
e:\compilacoes-pw-2024\cliente\element2_2\common\chbasedcd\debug\convexpolytope.obj
e:\compilacoes-pw-2024\cliente\element2_2\common\chbasedcd\debug\edgestack.obj
e:\compilacoes-pw-2024\cliente\element2_2\common\chbasedcd\debug\face.obj
e:\compilacoes-pw-2024\cliente\element2_2\common\chbasedcd\debug\giftwrap.obj
e:\compilacoes-pw-2024\cliente\element2_2\common\chbasedcd\debug\halfspace.obj
e:\compilacoes-pw-2024\cliente\element2_2\common\chbasedcd\debug\lequations.obj
e:\compilacoes-pw-2024\cliente\element2_2\common\chbasedcd\debug\matrix.obj
e:\compilacoes-pw-2024\cliente\element2_2\common\chbasedcd\debug\patch.obj
e:\compilacoes-pw-2024\cliente\element2_2\common\chbasedcd\debug\rightprism.obj
e:\compilacoes-pw-2024\cliente\element2_2\common\chbasedcd\debug\chbasedcd_d.lib
e:\compilacoes-pw-2024\cliente\element2_2\common\chbasedcd\debug\chbasedcd.vcxproj.filelistabsolute.txt
e:\compilacoes-pw-2024\cliente\element2_2\common\chbasedcd\debug\chbasedcd.tlog\cl.command.1.tlog
e:\compilacoes-pw-2024\cliente\element2_2\common\chbasedcd\debug\chbasedcd.tlog\cl.items.tlog
e:\compilacoes-pw-2024\cliente\element2_2\common\chbasedcd\debug\chbasedcd.tlog\cl.read.1.tlog
e:\compilacoes-pw-2024\cliente\element2_2\common\chbasedcd\debug\chbasedcd.tlog\cl.write.1.tlog
e:\compilacoes-pw-2024\cliente\element2_2\common\chbasedcd\debug\chbasedcd.tlog\lib-link.read.1.tlog
e:\compilacoes-pw-2024\cliente\element2_2\common\chbasedcd\debug\chbasedcd.tlog\lib-link.write.1.tlog
e:\compilacoes-pw-2024\cliente\element2_2\common\chbasedcd\debug\chbasedcd.tlog\lib.command.1.tlog
