e:\compilacoes-pw-2024\cliente\element2_2\libraries\zlib\debug\zliblib.pdb
e:\compilacoes-pw-2024\cliente\element2_2\libraries\zlib\debug\zliblib.idb
e:\compilacoes-pw-2024\cliente\element2_2\libraries\zlib\debug\adler32.obj
e:\compilacoes-pw-2024\cliente\element2_2\libraries\zlib\debug\compress.obj
e:\compilacoes-pw-2024\cliente\element2_2\libraries\zlib\debug\crc32.obj
e:\compilacoes-pw-2024\cliente\element2_2\libraries\zlib\debug\deflate.obj
e:\compilacoes-pw-2024\cliente\element2_2\libraries\zlib\debug\gzio.obj
e:\compilacoes-pw-2024\cliente\element2_2\libraries\zlib\debug\infblock.obj
e:\compilacoes-pw-2024\cliente\element2_2\libraries\zlib\debug\infcodes.obj
e:\compilacoes-pw-2024\cliente\element2_2\libraries\zlib\debug\inffast.obj
e:\compilacoes-pw-2024\cliente\element2_2\libraries\zlib\debug\inflate.obj
e:\compilacoes-pw-2024\cliente\element2_2\libraries\zlib\debug\inftrees.obj
e:\compilacoes-pw-2024\cliente\element2_2\libraries\zlib\debug\infutil.obj
e:\compilacoes-pw-2024\cliente\element2_2\libraries\zlib\debug\trees.obj
e:\compilacoes-pw-2024\cliente\element2_2\libraries\zlib\debug\uncompr.obj
e:\compilacoes-pw-2024\cliente\element2_2\libraries\zlib\debug\zutil.obj
e:\compilacoes-pw-2024\cliente\element2_2\output\lib\zliblib_d.lib
e:\compilacoes-pw-2024\cliente\element2_2\libraries\zlib\debug\zliblib.vcxproj.filelistabsolute.txt
e:\compilacoes-pw-2024\cliente\element2_2\libraries\zlib\debug\zliblib.tlog\cl.command.1.tlog
e:\compilacoes-pw-2024\cliente\element2_2\libraries\zlib\debug\zliblib.tlog\cl.items.tlog
e:\compilacoes-pw-2024\cliente\element2_2\libraries\zlib\debug\zliblib.tlog\cl.read.1.tlog
e:\compilacoes-pw-2024\cliente\element2_2\libraries\zlib\debug\zliblib.tlog\cl.write.1.tlog
e:\compilacoes-pw-2024\cliente\element2_2\libraries\zlib\debug\zliblib.tlog\lib-link.read.1.tlog
e:\compilacoes-pw-2024\cliente\element2_2\libraries\zlib\debug\zliblib.tlog\lib-link.write.1.tlog
e:\compilacoes-pw-2024\cliente\element2_2\libraries\zlib\debug\zliblib.tlog\lib.command.1.tlog
