e:\compilacoes-pw-2024\cliente\element2_2\common\automoveimp\debug\automoveimp.pdb
e:\compilacoes-pw-2024\cliente\element2_2\common\automoveimp\debug\automoveimp.idb
e:\compilacoes-pw-2024\cliente\element2_2\common\automoveimp\debug\clucommon.obj
e:\compilacoes-pw-2024\cliente\element2_2\common\automoveimp\debug\clugraph.obj
e:\compilacoes-pw-2024\cliente\element2_2\common\automoveimp\debug\clugraphconnector.obj
e:\compilacoes-pw-2024\cliente\element2_2\common\automoveimp\debug\clusterabstraction.obj
e:\compilacoes-pw-2024\cliente\element2_2\common\automoveimp\debug\gastar.obj
e:\compilacoes-pw-2024\cliente\element2_2\common\automoveimp\debug\gheap.obj
e:\compilacoes-pw-2024\cliente\element2_2\common\automoveimp\debug\graph.obj
e:\compilacoes-pw-2024\cliente\element2_2\common\automoveimp\debug\island.obj
e:\compilacoes-pw-2024\cliente\element2_2\common\automoveimp\debug\layermap.obj
e:\compilacoes-pw-2024\cliente\element2_2\common\automoveimp\debug\mapgraph.obj
e:\compilacoes-pw-2024\cliente\element2_2\common\automoveimp\debug\mapnode.obj
e:\compilacoes-pw-2024\cliente\element2_2\common\automoveimp\debug\mastar.obj
e:\compilacoes-pw-2024\cliente\element2_2\common\automoveimp\debug\moveagent.obj
e:\compilacoes-pw-2024\cliente\element2_2\common\automoveimp\debug\movemap.obj
e:\compilacoes-pw-2024\cliente\element2_2\common\automoveimp\debug\multiclugraph.obj
e:\compilacoes-pw-2024\cliente\element2_2\common\automoveimp\debug\optimizepath.obj
e:\compilacoes-pw-2024\cliente\element2_2\common\automoveimp\debug\pfclu.obj
e:\compilacoes-pw-2024\cliente\element2_2\common\automoveimp\debug\pfconstant.obj
e:\compilacoes-pw-2024\cliente\element2_2\common\automoveimp\debug\automoveimp_d.lib
e:\compilacoes-pw-2024\cliente\element2_2\common\automoveimp\debug\automoveimp.vcxproj.filelistabsolute.txt
e:\compilacoes-pw-2024\cliente\element2_2\common\automoveimp\debug\automoveimp.tlog\cl.command.1.tlog
e:\compilacoes-pw-2024\cliente\element2_2\common\automoveimp\debug\automoveimp.tlog\cl.items.tlog
e:\compilacoes-pw-2024\cliente\element2_2\common\automoveimp\debug\automoveimp.tlog\cl.read.1.tlog
e:\compilacoes-pw-2024\cliente\element2_2\common\automoveimp\debug\automoveimp.tlog\cl.write.1.tlog
e:\compilacoes-pw-2024\cliente\element2_2\common\automoveimp\debug\automoveimp.tlog\lib-link.read.1.tlog
e:\compilacoes-pw-2024\cliente\element2_2\common\automoveimp\debug\automoveimp.tlog\lib-link.write.1.tlog
e:\compilacoes-pw-2024\cliente\element2_2\common\automoveimp\debug\automoveimp.tlog\lib.command.1.tlog
