e:\compilacoes-pw-2024\cliente\element2_2\common\audioassistdll\debug\audioassistdll2.2.pch
e:\compilacoes-pw-2024\cliente\element2_2\common\audioassistdll\debug\vc143.pdb
e:\compilacoes-pw-2024\cliente\element2_2\common\audioassistdll\debug\vc143.idb
e:\compilacoes-pw-2024\cliente\element2_2\common\audioassistdll\debug\stdafx.obj
e:\compilacoes-pw-2024\cliente\element2_2\common\audioassistdll\debug\dynsizectrl.obj
e:\compilacoes-pw-2024\cliente\element2_2\common\audioassistdll\debug\eventdisplay.obj
e:\compilacoes-pw-2024\cliente\element2_2\common\audioassistdll\debug\treectrlex.obj
e:\compilacoes-pw-2024\cliente\element2_2\common\audioassistdll\debug\audioassistdll.obj
e:\compilacoes-pw-2024\cliente\element2_2\common\audioassistdll\debug\dlgselectevent.obj
e:\compilacoes-pw-2024\cliente\element2_2\common\audioassistdll\debug\dlgselectreverb.obj
e:\compilacoes-pw-2024\cliente\element2_2\common\audioassistdll\debug\eventselector.obj
e:\compilacoes-pw-2024\cliente\element2_2\common\audioassistdll\debug\reverbselector.obj
e:\compilacoes-pw-2024\cliente\element2_2\bin\debug-win32\common\audioassistdll2.2_d.lib
e:\compilacoes-pw-2024\cliente\element2_2\common\audioassistdll\debug\audioassistdll2.2.pdb
e:\compilacoes-pw-2024\cliente\element2_2\common\audioassistdll\debug\audioassistdll.res
e:\compilacoes-pw-2024\cliente\element2_2\common\audioassistdll\debug\audioassistdll2.2.lib
e:\compilacoes-pw-2024\cliente\element2_2\common\audioassistdll\debug\audioassistdll2.2.exp
e:\compilacoes-pw-2024\cliente\element2_2\common\audioassistdll\debug\audioassistdll2.2.ilk
e:\compilacoes-pw-2024\cliente\element2_2\common\audioassistdll\debug\audioassistdll2.2.vcxproj.filelistabsolute.txt
e:\compilacoes-pw-2024\cliente\element2_2\common\audioassistdll\debug\audioass.f274fe63.tlog\cl.command.1.tlog
e:\compilacoes-pw-2024\cliente\element2_2\common\audioassistdll\debug\audioass.f274fe63.tlog\cl.items.tlog
e:\compilacoes-pw-2024\cliente\element2_2\common\audioassistdll\debug\audioass.f274fe63.tlog\cl.read.1.tlog
e:\compilacoes-pw-2024\cliente\element2_2\common\audioassistdll\debug\audioass.f274fe63.tlog\cl.write.1.tlog
e:\compilacoes-pw-2024\cliente\element2_2\common\audioassistdll\debug\audioass.f274fe63.tlog\link.command.1.tlog
e:\compilacoes-pw-2024\cliente\element2_2\common\audioassistdll\debug\audioass.f274fe63.tlog\link.read.1.tlog
e:\compilacoes-pw-2024\cliente\element2_2\common\audioassistdll\debug\audioass.f274fe63.tlog\link.secondary.1.tlog
e:\compilacoes-pw-2024\cliente\element2_2\common\audioassistdll\debug\audioass.f274fe63.tlog\link.write.1.tlog
e:\compilacoes-pw-2024\cliente\element2_2\common\audioassistdll\debug\audioass.f274fe63.tlog\rc.command.1.tlog
e:\compilacoes-pw-2024\cliente\element2_2\common\audioassistdll\debug\audioass.f274fe63.tlog\rc.read.1.tlog
e:\compilacoes-pw-2024\cliente\element2_2\common\audioassistdll\debug\audioass.f274fe63.tlog\rc.write.1.tlog
