e:\compilacoes-pw-2024\cliente\element2_2\libraries\png\debug\png.pdb
e:\compilacoes-pw-2024\cliente\element2_2\libraries\png\debug\png.idb
e:\compilacoes-pw-2024\cliente\element2_2\libraries\png\debug\pngwutil.obj
e:\compilacoes-pw-2024\cliente\element2_2\libraries\png\debug\pngwtran.obj
e:\compilacoes-pw-2024\cliente\element2_2\libraries\png\debug\pngwrite.obj
e:\compilacoes-pw-2024\cliente\element2_2\libraries\png\debug\pngwio.obj
e:\compilacoes-pw-2024\cliente\element2_2\libraries\png\debug\pngvcrd.obj
e:\compilacoes-pw-2024\cliente\element2_2\libraries\png\debug\pngtrans.obj
e:\compilacoes-pw-2024\cliente\element2_2\libraries\png\debug\pngset.obj
e:\compilacoes-pw-2024\cliente\element2_2\libraries\png\debug\pngrutil.obj
e:\compilacoes-pw-2024\cliente\element2_2\libraries\png\debug\pngrtran.obj
e:\compilacoes-pw-2024\cliente\element2_2\libraries\png\debug\pngrio.obj
e:\compilacoes-pw-2024\cliente\element2_2\libraries\png\debug\pngread.obj
e:\compilacoes-pw-2024\cliente\element2_2\libraries\png\debug\pngpread.obj
e:\compilacoes-pw-2024\cliente\element2_2\libraries\png\debug\pngmem.obj
e:\compilacoes-pw-2024\cliente\element2_2\libraries\png\debug\pngget.obj
e:\compilacoes-pw-2024\cliente\element2_2\libraries\png\debug\pngerror.obj
e:\compilacoes-pw-2024\cliente\element2_2\libraries\png\debug\png.obj
e:\compilacoes-pw-2024\cliente\element2_2\output\lib\png_d.lib
e:\compilacoes-pw-2024\cliente\element2_2\libraries\png\debug\png.vcxproj.filelistabsolute.txt
e:\compilacoes-pw-2024\cliente\element2_2\libraries\png\debug\png.tlog\cl.command.1.tlog
e:\compilacoes-pw-2024\cliente\element2_2\libraries\png\debug\png.tlog\cl.items.tlog
e:\compilacoes-pw-2024\cliente\element2_2\libraries\png\debug\png.tlog\cl.read.1.tlog
e:\compilacoes-pw-2024\cliente\element2_2\libraries\png\debug\png.tlog\cl.write.1.tlog
e:\compilacoes-pw-2024\cliente\element2_2\libraries\png\debug\png.tlog\lib-link.read.1.tlog
e:\compilacoes-pw-2024\cliente\element2_2\libraries\png\debug\png.tlog\lib-link.write.1.tlog
e:\compilacoes-pw-2024\cliente\element2_2\libraries\png\debug\png.tlog\lib.command.1.tlog
