e:\compilacoes-pw-2024\cliente\element2_2\libraries\jpeg\debug\jpeg.pdb
e:\compilacoes-pw-2024\cliente\element2_2\libraries\jpeg\debug\jpeg.idb
e:\compilacoes-pw-2024\cliente\element2_2\libraries\jpeg\debug\jdatasrc.obj
e:\compilacoes-pw-2024\cliente\element2_2\libraries\jpeg\debug\jdatadst.obj
e:\compilacoes-pw-2024\cliente\element2_2\libraries\jpeg\debug\jdapistd.obj
e:\compilacoes-pw-2024\cliente\element2_2\libraries\jpeg\debug\jdapimin.obj
e:\compilacoes-pw-2024\cliente\element2_2\libraries\jpeg\debug\jctrans.obj
e:\compilacoes-pw-2024\cliente\element2_2\libraries\jpeg\debug\jcsample.obj
e:\compilacoes-pw-2024\cliente\element2_2\libraries\jpeg\debug\jcprepct.obj
e:\compilacoes-pw-2024\cliente\element2_2\libraries\jpeg\debug\jcphuff.obj
e:\compilacoes-pw-2024\cliente\element2_2\libraries\jpeg\debug\jcparam.obj
e:\compilacoes-pw-2024\cliente\element2_2\libraries\jpeg\debug\jcomapi.obj
e:\compilacoes-pw-2024\cliente\element2_2\libraries\jpeg\debug\jcmaster.obj
e:\compilacoes-pw-2024\cliente\element2_2\libraries\jpeg\debug\jcmarker.obj
e:\compilacoes-pw-2024\cliente\element2_2\libraries\jpeg\debug\jcmainct.obj
e:\compilacoes-pw-2024\cliente\element2_2\libraries\jpeg\debug\jcinit.obj
e:\compilacoes-pw-2024\cliente\element2_2\libraries\jpeg\debug\jchuff.obj
e:\compilacoes-pw-2024\cliente\element2_2\libraries\jpeg\debug\jcdctmgr.obj
e:\compilacoes-pw-2024\cliente\element2_2\libraries\jpeg\debug\jccolor.obj
e:\compilacoes-pw-2024\cliente\element2_2\libraries\jpeg\debug\jccoefct.obj
e:\compilacoes-pw-2024\cliente\element2_2\libraries\jpeg\debug\jcapistd.obj
e:\compilacoes-pw-2024\cliente\element2_2\libraries\jpeg\debug\jcapimin.obj
e:\compilacoes-pw-2024\cliente\element2_2\libraries\jpeg\debug\jidctint.obj
e:\compilacoes-pw-2024\cliente\element2_2\libraries\jpeg\debug\jidctfst.obj
e:\compilacoes-pw-2024\cliente\element2_2\libraries\jpeg\debug\jidctflt.obj
e:\compilacoes-pw-2024\cliente\element2_2\libraries\jpeg\debug\jfdctint.obj
e:\compilacoes-pw-2024\cliente\element2_2\libraries\jpeg\debug\jfdctfst.obj
e:\compilacoes-pw-2024\cliente\element2_2\libraries\jpeg\debug\jfdctflt.obj
e:\compilacoes-pw-2024\cliente\element2_2\libraries\jpeg\debug\jerror.obj
e:\compilacoes-pw-2024\cliente\element2_2\libraries\jpeg\debug\jdtrans.obj
e:\compilacoes-pw-2024\cliente\element2_2\libraries\jpeg\debug\jdsample.obj
e:\compilacoes-pw-2024\cliente\element2_2\libraries\jpeg\debug\jdpostct.obj
e:\compilacoes-pw-2024\cliente\element2_2\libraries\jpeg\debug\jdphuff.obj
e:\compilacoes-pw-2024\cliente\element2_2\libraries\jpeg\debug\jdmerge.obj
e:\compilacoes-pw-2024\cliente\element2_2\libraries\jpeg\debug\jdmaster.obj
e:\compilacoes-pw-2024\cliente\element2_2\libraries\jpeg\debug\jdmarker.obj
e:\compilacoes-pw-2024\cliente\element2_2\libraries\jpeg\debug\jdmainct.obj
e:\compilacoes-pw-2024\cliente\element2_2\libraries\jpeg\debug\jdinput.obj
e:\compilacoes-pw-2024\cliente\element2_2\libraries\jpeg\debug\jdhuff.obj
e:\compilacoes-pw-2024\cliente\element2_2\libraries\jpeg\debug\jddctmgr.obj
e:\compilacoes-pw-2024\cliente\element2_2\libraries\jpeg\debug\jdcolor.obj
e:\compilacoes-pw-2024\cliente\element2_2\libraries\jpeg\debug\jdcoefct.obj
e:\compilacoes-pw-2024\cliente\element2_2\libraries\jpeg\debug\jutils.obj
e:\compilacoes-pw-2024\cliente\element2_2\libraries\jpeg\debug\jquant2.obj
e:\compilacoes-pw-2024\cliente\element2_2\libraries\jpeg\debug\jquant1.obj
e:\compilacoes-pw-2024\cliente\element2_2\libraries\jpeg\debug\jmemnobs.obj
e:\compilacoes-pw-2024\cliente\element2_2\libraries\jpeg\debug\jmemmgr.obj
e:\compilacoes-pw-2024\cliente\element2_2\libraries\jpeg\debug\jidctred.obj
e:\compilacoes-pw-2024\cliente\element2_2\output\lib\jpeg_d.lib
e:\compilacoes-pw-2024\cliente\element2_2\libraries\jpeg\debug\jpeg.vcxproj.filelistabsolute.txt
e:\compilacoes-pw-2024\cliente\element2_2\libraries\jpeg\debug\jpeg.tlog\cl.command.1.tlog
e:\compilacoes-pw-2024\cliente\element2_2\libraries\jpeg\debug\jpeg.tlog\cl.items.tlog
e:\compilacoes-pw-2024\cliente\element2_2\libraries\jpeg\debug\jpeg.tlog\cl.read.1.tlog
e:\compilacoes-pw-2024\cliente\element2_2\libraries\jpeg\debug\jpeg.tlog\cl.write.1.tlog
e:\compilacoes-pw-2024\cliente\element2_2\libraries\jpeg\debug\jpeg.tlog\lib-link.read.1.tlog
e:\compilacoes-pw-2024\cliente\element2_2\libraries\jpeg\debug\jpeg.tlog\lib-link.write.1.tlog
e:\compilacoes-pw-2024\cliente\element2_2\libraries\jpeg\debug\jpeg.tlog\lib.command.1.tlog
