e:\compilacoes-pw-2024\cliente\element2_2\celementskill\release2.2\vc143.pdb
e:\compilacoes-pw-2024\cliente\element2_2\celementskill\release2.2\stubs9.obj
e:\compilacoes-pw-2024\cliente\element2_2\celementskill\release2.2\stubs8.obj
e:\compilacoes-pw-2024\cliente\element2_2\celementskill\release2.2\stubs7.obj
e:\compilacoes-pw-2024\cliente\element2_2\celementskill\release2.2\stubs6.obj
e:\compilacoes-pw-2024\cliente\element2_2\celementskill\release2.2\stubs5.obj
e:\compilacoes-pw-2024\cliente\element2_2\celementskill\release2.2\stubs4.obj
e:\compilacoes-pw-2024\cliente\element2_2\celementskill\release2.2\stubs3.obj
e:\compilacoes-pw-2024\cliente\element2_2\celementskill\release2.2\stubs2.obj
e:\compilacoes-pw-2024\cliente\element2_2\celementskill\release2.2\stubs12.obj
e:\compilacoes-pw-2024\cliente\element2_2\celementskill\release2.2\stubs11.obj
e:\compilacoes-pw-2024\cliente\element2_2\celementskill\release2.2\stubs10.obj
e:\compilacoes-pw-2024\cliente\element2_2\celementskill\release2.2\stubs1.obj
e:\compilacoes-pw-2024\cliente\element2_2\celementskill\release2.2\stdafx.obj
e:\compilacoes-pw-2024\cliente\element2_2\celementskill\release2.2\skillwrapper.obj
e:\compilacoes-pw-2024\cliente\element2_2\celementskill\release2.2\skill.obj
e:\compilacoes-pw-2024\cliente\element2_2\celementskill\release2.2\gnstring.obj
e:\compilacoes-pw-2024\cliente\element2_2\celementskill\release2.2\elementskill.obj
e:\compilacoes-pw-2024\cliente\element2_2\celementskill\release2.2\elementskill.tlog\cl.command.1.tlog
e:\compilacoes-pw-2024\cliente\element2_2\celementskill\release2.2\elementskill.tlog\cl.read.1.tlog
e:\compilacoes-pw-2024\cliente\element2_2\celementskill\release2.2\elementskill.tlog\cl.write.1.tlog
e:\compilacoes-pw-2024\cliente\element2_2\celementskill\release2.2\elementskill.tlog\link.command.1.tlog
e:\compilacoes-pw-2024\cliente\element2_2\celementskill\release2.2\elementskill.tlog\link.read.1.tlog
e:\compilacoes-pw-2024\cliente\element2_2\celementskill\release2.2\elementskill.tlog\link.write.1.tlog
