e:\compilacoes-pw-2024\cliente\element2_2\common\audioengine\debug\audioengine2.2.pdb
e:\compilacoes-pw-2024\cliente\element2_2\common\audioengine\debug\audioengine2.2.idb
e:\compilacoes-pw-2024\cliente\element2_2\common\audioengine\debug\feventparameter.obj
e:\compilacoes-pw-2024\cliente\element2_2\common\audioengine\debug\feventproject.obj
e:\compilacoes-pw-2024\cliente\element2_2\common\audioengine\debug\feventsystem.obj
e:\compilacoes-pw-2024\cliente\element2_2\common\audioengine\debug\fguid.obj
e:\compilacoes-pw-2024\cliente\element2_2\common\audioengine\debug\fintervalmanager.obj
e:\compilacoes-pw-2024\cliente\element2_2\common\audioengine\debug\flog.obj
e:\compilacoes-pw-2024\cliente\element2_2\common\audioengine\debug\flogmanager.obj
e:\compilacoes-pw-2024\cliente\element2_2\common\audioengine\debug\fpropcurves.obj
e:\compilacoes-pw-2024\cliente\element2_2\common\audioengine\debug\freverb.obj
e:\compilacoes-pw-2024\cliente\element2_2\common\audioengine\debug\freverbdatamanager.obj
e:\compilacoes-pw-2024\cliente\element2_2\common\audioengine\debug\fsounddef.obj
e:\compilacoes-pw-2024\cliente\element2_2\common\audioengine\debug\fsounddefarchive.obj
e:\compilacoes-pw-2024\cliente\element2_2\common\audioengine\debug\fsounddefmanager.obj
e:\compilacoes-pw-2024\cliente\element2_2\common\audioengine\debug\fsoundinstance.obj
e:\compilacoes-pw-2024\cliente\element2_2\common\audioengine\debug\fsoundinstancetemplate.obj
e:\compilacoes-pw-2024\cliente\element2_2\common\audioengine\debug\fsoundplaylist.obj
e:\compilacoes-pw-2024\cliente\element2_2\common\audioengine\debug\tinystr.obj
e:\compilacoes-pw-2024\cliente\element2_2\common\audioengine\debug\tinyxml.obj
e:\compilacoes-pw-2024\cliente\element2_2\common\audioengine\debug\tinyxmlerror.obj
e:\compilacoes-pw-2024\cliente\element2_2\common\audioengine\debug\tinyxmlparser.obj
e:\compilacoes-pw-2024\cliente\element2_2\common\audioengine\debug\faudio.obj
e:\compilacoes-pw-2024\cliente\element2_2\common\audioengine\debug\faudiobank.obj
e:\compilacoes-pw-2024\cliente\element2_2\common\audioengine\debug\faudiobankarchive.obj
e:\compilacoes-pw-2024\cliente\element2_2\common\audioengine\debug\faudiocontainer.obj
e:\compilacoes-pw-2024\cliente\element2_2\common\audioengine\debug\faudioengine.obj
e:\compilacoes-pw-2024\cliente\element2_2\common\audioengine\debug\faudiogroup.obj
e:\compilacoes-pw-2024\cliente\element2_2\common\audioengine\debug\faudioinstance.obj
e:\compilacoes-pw-2024\cliente\element2_2\common\audioengine\debug\faudioinstancemanager.obj
e:\compilacoes-pw-2024\cliente\element2_2\common\audioengine\debug\faudiomanager.obj
e:\compilacoes-pw-2024\cliente\element2_2\common\audioengine\debug\faudiotemplate.obj
e:\compilacoes-pw-2024\cliente\element2_2\common\audioengine\debug\fcriticalsectionwrapper.obj
e:\compilacoes-pw-2024\cliente\element2_2\common\audioengine\debug\fcurve.obj
e:\compilacoes-pw-2024\cliente\element2_2\common\audioengine\debug\feffect.obj
e:\compilacoes-pw-2024\cliente\element2_2\common\audioengine\debug\feffectfactory.obj
e:\compilacoes-pw-2024\cliente\element2_2\common\audioengine\debug\fevent.obj
e:\compilacoes-pw-2024\cliente\element2_2\common\audioengine\debug\feventgroup.obj
e:\compilacoes-pw-2024\cliente\element2_2\common\audioengine\debug\feventinstance.obj
e:\compilacoes-pw-2024\cliente\element2_2\common\audioengine\debug\feventlayer.obj
e:\compilacoes-pw-2024\cliente\element2_2\common\audioengine\debug\feventlayerinstance.obj
e:\compilacoes-pw-2024\cliente\element2_2\common\audioengine\debug\feventmanager.obj
e:\compilacoes-pw-2024\cliente\element2_2\common\audioengine\debug\audioengine2.2_d.lib
e:\compilacoes-pw-2024\cliente\element2_2\common\audioengine\debug\audioengine2.2.vcxproj.filelistabsolute.txt
e:\compilacoes-pw-2024\cliente\element2_2\common\audioengine\debug\audioengine2.2.tlog\cl.command.1.tlog
e:\compilacoes-pw-2024\cliente\element2_2\common\audioengine\debug\audioengine2.2.tlog\cl.items.tlog
e:\compilacoes-pw-2024\cliente\element2_2\common\audioengine\debug\audioengine2.2.tlog\cl.read.1.tlog
e:\compilacoes-pw-2024\cliente\element2_2\common\audioengine\debug\audioengine2.2.tlog\cl.write.1.tlog
e:\compilacoes-pw-2024\cliente\element2_2\common\audioengine\debug\audioengine2.2.tlog\lib-link.read.1.tlog
e:\compilacoes-pw-2024\cliente\element2_2\common\audioengine\debug\audioengine2.2.tlog\lib-link.write.1.tlog
e:\compilacoes-pw-2024\cliente\element2_2\common\audioengine\debug\audioengine2.2.tlog\lib.command.1.tlog
