e:\compilacoes-pw-2024\cliente\element2_2\common\luawrapper\debug\luawrapper.pdb
e:\compilacoes-pw-2024\cliente\element2_2\common\luawrapper\debug\luawrapper.idb
e:\compilacoes-pw-2024\cliente\element2_2\common\luawrapper\debug\debugger.obj
e:\compilacoes-pw-2024\cliente\element2_2\common\luawrapper\debug\ld_namevalue.obj
e:\compilacoes-pw-2024\cliente\element2_2\common\luawrapper\debug\luaapi.obj
e:\compilacoes-pw-2024\cliente\element2_2\common\luawrapper\debug\luadebug.obj
e:\compilacoes-pw-2024\cliente\element2_2\common\luawrapper\debug\luadebughelper.obj
e:\compilacoes-pw-2024\cliente\element2_2\common\luawrapper\debug\luadebugipc.obj
e:\compilacoes-pw-2024\cliente\element2_2\common\luawrapper\debug\luadebugmsg.obj
e:\compilacoes-pw-2024\cliente\element2_2\common\luawrapper\debug\luamemtbl.obj
e:\compilacoes-pw-2024\cliente\element2_2\common\luawrapper\debug\luascript.obj
e:\compilacoes-pw-2024\cliente\element2_2\common\luawrapper\debug\luastate.obj
e:\compilacoes-pw-2024\cliente\element2_2\common\luawrapper\debug\luautil.obj
e:\compilacoes-pw-2024\cliente\element2_2\common\luawrapper\debug\scriptvalue.obj
e:\compilacoes-pw-2024\cliente\element2_2\common\luawrapper\debug\luawrapper_d.lib
e:\compilacoes-pw-2024\cliente\element2_2\common\luawrapper\debug\luawrapper.vcxproj.filelistabsolute.txt
e:\compilacoes-pw-2024\cliente\element2_2\common\luawrapper\debug\luawrapper.tlog\cl.command.1.tlog
e:\compilacoes-pw-2024\cliente\element2_2\common\luawrapper\debug\luawrapper.tlog\cl.items.tlog
e:\compilacoes-pw-2024\cliente\element2_2\common\luawrapper\debug\luawrapper.tlog\cl.read.1.tlog
e:\compilacoes-pw-2024\cliente\element2_2\common\luawrapper\debug\luawrapper.tlog\cl.write.1.tlog
e:\compilacoes-pw-2024\cliente\element2_2\common\luawrapper\debug\luawrapper.tlog\lib-link.read.1.tlog
e:\compilacoes-pw-2024\cliente\element2_2\common\luawrapper\debug\luawrapper.tlog\lib-link.write.1.tlog
e:\compilacoes-pw-2024\cliente\element2_2\common\luawrapper\debug\luawrapper.tlog\lib.command.1.tlog
