e:\compilacoes-pw-2024\cliente\element2_2\angelica2_2\angelica3d\debug\angelica3d.pdb
e:\compilacoes-pw-2024\cliente\element2_2\angelica2_2\angelica3d\debug\angelica3d.idb
e:\compilacoes-pw-2024\cliente\element2_2\angelica2_2\angelica3d\debug\a3dtexcoordctrl.obj
e:\compilacoes-pw-2024\cliente\element2_2\angelica2_2\angelica3d\debug\a3dtexture.obj
e:\compilacoes-pw-2024\cliente\element2_2\angelica2_2\angelica3d\debug\a3dtextureman.obj
e:\compilacoes-pw-2024\cliente\element2_2\angelica2_2\angelica3d\debug\a3dtrace.obj
e:\compilacoes-pw-2024\cliente\element2_2\angelica2_2\angelica3d\debug\a3dtrackdata.obj
e:\compilacoes-pw-2024\cliente\element2_2\angelica2_2\angelica3d\debug\a3dtrackman.obj
e:\compilacoes-pw-2024\cliente\element2_2\angelica2_2\angelica3d\debug\a3dvectorcomp.obj
e:\compilacoes-pw-2024\cliente\element2_2\angelica2_2\angelica3d\debug\a3dvertexcollector.obj
e:\compilacoes-pw-2024\cliente\element2_2\angelica2_2\angelica3d\debug\a3dvertexshader.obj
e:\compilacoes-pw-2024\cliente\element2_2\angelica2_2\angelica3d\debug\a3dviewport.obj
e:\compilacoes-pw-2024\cliente\element2_2\angelica2_2\angelica3d\debug\a3dvolumetexture.obj
e:\compilacoes-pw-2024\cliente\element2_2\angelica2_2\angelica3d\debug\a3dvssrouteloader.obj
e:\compilacoes-pw-2024\cliente\element2_2\angelica2_2\angelica3d\debug\a3dwaterarea.obj
e:\compilacoes-pw-2024\cliente\element2_2\angelica2_2\angelica3d\debug\a3dwaterarea2.obj
e:\compilacoes-pw-2024\cliente\element2_2\angelica2_2\angelica3d\debug\a3dwaterfft.obj
e:\compilacoes-pw-2024\cliente\element2_2\angelica2_2\angelica3d\debug\a3dwaterwave.obj
e:\compilacoes-pw-2024\cliente\element2_2\angelica2_2\angelica3d\debug\a3dwaterwave2.obj
e:\compilacoes-pw-2024\cliente\element2_2\angelica2_2\angelica3d\debug\a3dwirecollector.obj
e:\compilacoes-pw-2024\cliente\element2_2\angelica2_2\angelica3d\debug\a3dworld.obj
e:\compilacoes-pw-2024\cliente\element2_2\angelica2_2\angelica3d\debug\a3dworldcds.obj
e:\compilacoes-pw-2024\cliente\element2_2\angelica2_2\angelica3d\debug\a3dterrain2blk.obj
e:\compilacoes-pw-2024\cliente\element2_2\angelica2_2\angelica3d\debug\a3dterrain2cullhc.obj
e:\compilacoes-pw-2024\cliente\element2_2\angelica2_2\angelica3d\debug\a3dterrain2env.obj
e:\compilacoes-pw-2024\cliente\element2_2\angelica2_2\angelica3d\debug\a3dterrain2loader.obj
e:\compilacoes-pw-2024\cliente\element2_2\angelica2_2\angelica3d\debug\a3dterrain2loadera.obj
e:\compilacoes-pw-2024\cliente\element2_2\angelica2_2\angelica3d\debug\a3dterrain2loaderb.obj
e:\compilacoes-pw-2024\cliente\element2_2\angelica2_2\angelica3d\debug\a3dterrain2lod.obj
e:\compilacoes-pw-2024\cliente\element2_2\angelica2_2\angelica3d\debug\a3dterrain2render.obj
e:\compilacoes-pw-2024\cliente\element2_2\angelica2_2\angelica3d\debug\a3dterrain2renderaux.obj
e:\compilacoes-pw-2024\cliente\element2_2\angelica2_2\angelica3d\debug\a3dterrain2renderhlsl.obj
e:\compilacoes-pw-2024\cliente\element2_2\angelica2_2\angelica3d\debug\a3dterrain2trace.obj
e:\compilacoes-pw-2024\cliente\element2_2\angelica2_2\angelica3d\debug\a3dterrainmark.obj
e:\compilacoes-pw-2024\cliente\element2_2\angelica2_2\angelica3d\debug\a3dterrainoutline.obj
e:\compilacoes-pw-2024\cliente\element2_2\angelica2_2\angelica3d\debug\a3dterrainwater.obj
e:\compilacoes-pw-2024\cliente\element2_2\angelica2_2\angelica3d\debug\a3dterrainwater2.obj
e:\compilacoes-pw-2024\cliente\element2_2\angelica2_2\angelica3d\debug\a3dterrainwater2normalrender.obj
e:\compilacoes-pw-2024\cliente\element2_2\angelica2_2\angelica3d\debug\a3dterrainwater2simplerender.obj
e:\compilacoes-pw-2024\cliente\element2_2\angelica2_2\angelica3d\debug\a3dterrainwaterfft.obj
e:\compilacoes-pw-2024\cliente\element2_2\angelica2_2\angelica3d\debug\a3dterrainwaterrender.obj
e:\compilacoes-pw-2024\cliente\element2_2\angelica2_2\angelica3d\debug\a3dterrainwatersimplealpharender.obj
e:\compilacoes-pw-2024\cliente\element2_2\angelica2_2\angelica3d\debug\a3dskinmodelaux.obj
e:\compilacoes-pw-2024\cliente\element2_2\angelica2_2\angelica3d\debug\a3dskinmodelman.obj
e:\compilacoes-pw-2024\cliente\element2_2\angelica2_2\angelica3d\debug\a3dskinrender.obj
e:\compilacoes-pw-2024\cliente\element2_2\angelica2_2\angelica3d\debug\a3dskinrenderwitheffect.obj
e:\compilacoes-pw-2024\cliente\element2_2\angelica2_2\angelica3d\debug\a3dsky.obj
e:\compilacoes-pw-2024\cliente\element2_2\angelica2_2\angelica3d\debug\a3dskybox.obj
e:\compilacoes-pw-2024\cliente\element2_2\angelica2_2\angelica3d\debug\a3dskygradient.obj
e:\compilacoes-pw-2024\cliente\element2_2\angelica2_2\angelica3d\debug\a3dskysphere.obj
e:\compilacoes-pw-2024\cliente\element2_2\angelica2_2\angelica3d\debug\a3dsnow.obj
e:\compilacoes-pw-2024\cliente\element2_2\angelica2_2\angelica3d\debug\a3dstars.obj
e:\compilacoes-pw-2024\cliente\element2_2\angelica2_2\angelica3d\debug\a3dstream.obj
e:\compilacoes-pw-2024\cliente\element2_2\angelica2_2\angelica3d\debug\a3dstring.obj
e:\compilacoes-pw-2024\cliente\element2_2\angelica2_2\angelica3d\debug\a3dstringset.obj
e:\compilacoes-pw-2024\cliente\element2_2\angelica2_2\angelica3d\debug\a3dsuperdecal.obj
e:\compilacoes-pw-2024\cliente\element2_2\angelica2_2\angelica3d\debug\a3dsuperspray.obj
e:\compilacoes-pw-2024\cliente\element2_2\angelica2_2\angelica3d\debug\a3dsupplemesh.obj
e:\compilacoes-pw-2024\cliente\element2_2\angelica2_2\angelica3d\debug\a3dsurface.obj
e:\compilacoes-pw-2024\cliente\element2_2\angelica2_2\angelica3d\debug\a3dsurfaceman.obj
e:\compilacoes-pw-2024\cliente\element2_2\angelica2_2\angelica3d\debug\a3dterrain.obj
e:\compilacoes-pw-2024\cliente\element2_2\angelica2_2\angelica3d\debug\a3dterrain2.obj
e:\compilacoes-pw-2024\cliente\element2_2\angelica2_2\angelica3d\debug\a3dportal.obj
e:\compilacoes-pw-2024\cliente\element2_2\angelica2_2\angelica3d\debug\a3dquaternion.obj
e:\compilacoes-pw-2024\cliente\element2_2\angelica2_2\angelica3d\debug\a3drain.obj
e:\compilacoes-pw-2024\cliente\element2_2\angelica2_2\angelica3d\debug\a3drendertarget.obj
e:\compilacoes-pw-2024\cliente\element2_2\angelica2_2\angelica3d\debug\a3drendertargetman.obj
e:\compilacoes-pw-2024\cliente\element2_2\angelica2_2\angelica3d\debug\a3drigidmesh.obj
e:\compilacoes-pw-2024\cliente\element2_2\angelica2_2\angelica3d\debug\a3droutevss.obj
e:\compilacoes-pw-2024\cliente\element2_2\angelica2_2\angelica3d\debug\a3dscene.obj
e:\compilacoes-pw-2024\cliente\element2_2\angelica2_2\angelica3d\debug\a3dscenehull.obj
e:\compilacoes-pw-2024\cliente\element2_2\angelica2_2\angelica3d\debug\a3dshader.obj
e:\compilacoes-pw-2024\cliente\element2_2\angelica2_2\angelica3d\debug\a3dshaderman.obj
e:\compilacoes-pw-2024\cliente\element2_2\angelica2_2\angelica3d\debug\a3dshadowmap.obj
e:\compilacoes-pw-2024\cliente\element2_2\angelica2_2\angelica3d\debug\a3dsimplequad.obj
e:\compilacoes-pw-2024\cliente\element2_2\angelica2_2\angelica3d\debug\a3dskeleton.obj
e:\compilacoes-pw-2024\cliente\element2_2\angelica2_2\angelica3d\debug\a3dskin.obj
e:\compilacoes-pw-2024\cliente\element2_2\angelica2_2\angelica3d\debug\a3dskinman.obj
e:\compilacoes-pw-2024\cliente\element2_2\angelica2_2\angelica3d\debug\a3dskinmesh.obj
e:\compilacoes-pw-2024\cliente\element2_2\angelica2_2\angelica3d\debug\a3dskinmeshman.obj
e:\compilacoes-pw-2024\cliente\element2_2\angelica2_2\angelica3d\debug\a3dskinmodel.obj
e:\compilacoes-pw-2024\cliente\element2_2\angelica2_2\angelica3d\debug\a3dskinmodelact.obj
e:\compilacoes-pw-2024\cliente\element2_2\angelica2_2\angelica3d\debug\a3dmodel.obj
e:\compilacoes-pw-2024\cliente\element2_2\angelica2_2\angelica3d\debug\a3dmodelcollector.obj
e:\compilacoes-pw-2024\cliente\element2_2\angelica2_2\angelica3d\debug\a3dmodelman.obj
e:\compilacoes-pw-2024\cliente\element2_2\angelica2_2\angelica3d\debug\a3dmorphmesh.obj
e:\compilacoes-pw-2024\cliente\element2_2\angelica2_2\angelica3d\debug\a3dmorphrigidmesh.obj
e:\compilacoes-pw-2024\cliente\element2_2\angelica2_2\angelica3d\debug\a3dmorphskinmesh.obj
e:\compilacoes-pw-2024\cliente\element2_2\angelica2_2\angelica3d\debug\a3dmoxman.obj
e:\compilacoes-pw-2024\cliente\element2_2\angelica2_2\angelica3d\debug\a3dmultithreadrender.obj
e:\compilacoes-pw-2024\cliente\element2_2\angelica2_2\angelica3d\debug\a3dmusclemesh.obj
e:\compilacoes-pw-2024\cliente\element2_2\angelica2_2\angelica3d\debug\a3dmuscleorgan.obj
e:\compilacoes-pw-2024\cliente\element2_2\angelica2_2\angelica3d\debug\a3docclusionmanhw.obj
e:\compilacoes-pw-2024\cliente\element2_2\angelica2_2\angelica3d\debug\a3docclusionmansw.obj
e:\compilacoes-pw-2024\cliente\element2_2\angelica2_2\angelica3d\debug\a3doccquery.obj
e:\compilacoes-pw-2024\cliente\element2_2\angelica2_2\angelica3d\debug\a3dorthocamera.obj
e:\compilacoes-pw-2024\cliente\element2_2\angelica2_2\angelica3d\debug\a3dparray.obj
e:\compilacoes-pw-2024\cliente\element2_2\angelica2_2\angelica3d\debug\a3dparticlesystem.obj
e:\compilacoes-pw-2024\cliente\element2_2\angelica2_2\angelica3d\debug\a3dperlinnormalmap.obj
e:\compilacoes-pw-2024\cliente\element2_2\angelica2_2\angelica3d\debug\a3dpi.obj
e:\compilacoes-pw-2024\cliente\element2_2\angelica2_2\angelica3d\debug\a3dpixelshader.obj
e:\compilacoes-pw-2024\cliente\element2_2\angelica2_2\angelica3d\debug\a3dplants.obj
e:\compilacoes-pw-2024\cliente\element2_2\angelica2_2\angelica3d\debug\a3dkdtree.obj
e:\compilacoes-pw-2024\cliente\element2_2\angelica2_2\angelica3d\debug\a3dlamp.obj
e:\compilacoes-pw-2024\cliente\element2_2\angelica2_2\angelica3d\debug\a3dlensflare.obj
e:\compilacoes-pw-2024\cliente\element2_2\angelica2_2\angelica3d\debug\a3dlight.obj
e:\compilacoes-pw-2024\cliente\element2_2\angelica2_2\angelica3d\debug\a3dlightingengine.obj
e:\compilacoes-pw-2024\cliente\element2_2\angelica2_2\angelica3d\debug\a3dlightman.obj
e:\compilacoes-pw-2024\cliente\element2_2\angelica2_2\angelica3d\debug\a3dlightning.obj
e:\compilacoes-pw-2024\cliente\element2_2\angelica2_2\angelica3d\debug\a3dlitmodel.obj
e:\compilacoes-pw-2024\cliente\element2_2\angelica2_2\angelica3d\debug\a3dlitmodelrender.obj
e:\compilacoes-pw-2024\cliente\element2_2\angelica2_2\angelica3d\debug\a3dlitmodelshareddata.obj
e:\compilacoes-pw-2024\cliente\element2_2\angelica2_2\angelica3d\debug\a3dlitmodelshareddataman.obj
e:\compilacoes-pw-2024\cliente\element2_2\angelica2_2\angelica3d\debug\a3dmaterial.obj
e:\compilacoes-pw-2024\cliente\element2_2\angelica2_2\angelica3d\debug\a3dmathutility.obj
e:\compilacoes-pw-2024\cliente\element2_2\angelica2_2\angelica3d\debug\a3dmatrix.obj
e:\compilacoes-pw-2024\cliente\element2_2\angelica2_2\angelica3d\debug\a3dmesh.obj
e:\compilacoes-pw-2024\cliente\element2_2\angelica2_2\angelica3d\debug\a3dmeshbase.obj
e:\compilacoes-pw-2024\cliente\element2_2\angelica2_2\angelica3d\debug\a3dmeshcollector.obj
e:\compilacoes-pw-2024\cliente\element2_2\angelica2_2\angelica3d\debug\a3dmeshman.obj
e:\compilacoes-pw-2024\cliente\element2_2\angelica2_2\angelica3d\debug\a3dmeshsorter.obj
e:\compilacoes-pw-2024\cliente\element2_2\angelica2_2\angelica3d\debug\a3dmirrorrender.obj
e:\compilacoes-pw-2024\cliente\element2_2\angelica2_2\angelica3d\debug\a3dframe.obj
e:\compilacoes-pw-2024\cliente\element2_2\angelica2_2\angelica3d\debug\a3dfrustum.obj
e:\compilacoes-pw-2024\cliente\element2_2\angelica2_2\angelica3d\debug\a3dfuncs.obj
e:\compilacoes-pw-2024\cliente\element2_2\angelica2_2\angelica3d\debug\a3dgdi.obj
e:\compilacoes-pw-2024\cliente\element2_2\angelica2_2\angelica3d\debug\a3dgeometry.obj
e:\compilacoes-pw-2024\cliente\element2_2\angelica2_2\angelica3d\debug\a3dgfxcollector.obj
e:\compilacoes-pw-2024\cliente\element2_2\angelica2_2\angelica3d\debug\a3dgfxman.obj
e:\compilacoes-pw-2024\cliente\element2_2\angelica2_2\angelica3d\debug\a3dgraphicsfx.obj
e:\compilacoes-pw-2024\cliente\element2_2\angelica2_2\angelica3d\debug\a3dhermitespline.obj
e:\compilacoes-pw-2024\cliente\element2_2\angelica2_2\angelica3d\debug\a3dhlsl.obj
e:\compilacoes-pw-2024\cliente\element2_2\angelica2_2\angelica3d\debug\a3dhlsldatasrc.obj
e:\compilacoes-pw-2024\cliente\element2_2\angelica2_2\angelica3d\debug\a3dhlslutil.obj
e:\compilacoes-pw-2024\cliente\element2_2\angelica2_2\angelica3d\debug\a3dhorizoncull.obj
e:\compilacoes-pw-2024\cliente\element2_2\angelica2_2\angelica3d\debug\a3diblmesh.obj
e:\compilacoes-pw-2024\cliente\element2_2\angelica2_2\angelica3d\debug\a3diblscene.obj
e:\compilacoes-pw-2024\cliente\element2_2\angelica2_2\angelica3d\debug\a3dikdata.obj
e:\compilacoes-pw-2024\cliente\element2_2\angelica2_2\angelica3d\debug\a3diksolver.obj
e:\compilacoes-pw-2024\cliente\element2_2\angelica2_2\angelica3d\debug\a3dimgmodel.obj
e:\compilacoes-pw-2024\cliente\element2_2\angelica2_2\angelica3d\debug\a3dimgmodelman.obj
e:\compilacoes-pw-2024\cliente\element2_2\angelica2_2\angelica3d\debug\a3djoint.obj
e:\compilacoes-pw-2024\cliente\element2_2\angelica2_2\angelica3d\debug\a3dcontroller.obj
e:\compilacoes-pw-2024\cliente\element2_2\angelica2_2\angelica3d\debug\a3dcoordinate.obj
e:\compilacoes-pw-2024\cliente\element2_2\angelica2_2\angelica3d\debug\a3dcoveragemap.obj
e:\compilacoes-pw-2024\cliente\element2_2\angelica2_2\angelica3d\debug\a3dcuberendertarget.obj
e:\compilacoes-pw-2024\cliente\element2_2\angelica2_2\angelica3d\debug\a3dcubetexture.obj
e:\compilacoes-pw-2024\cliente\element2_2\angelica2_2\angelica3d\debug\a3dcursor.obj
e:\compilacoes-pw-2024\cliente\element2_2\angelica2_2\angelica3d\debug\a3dddsfile.obj
e:\compilacoes-pw-2024\cliente\element2_2\angelica2_2\angelica3d\debug\a3ddecal.obj
e:\compilacoes-pw-2024\cliente\element2_2\angelica2_2\angelica3d\debug\a3ddevice.obj
e:\compilacoes-pw-2024\cliente\element2_2\angelica2_2\angelica3d\debug\a3ddevicecaps.obj
e:\compilacoes-pw-2024\cliente\element2_2\angelica2_2\angelica3d\debug\a3ddevicerscache.obj
e:\compilacoes-pw-2024\cliente\element2_2\angelica2_2\angelica3d\debug\a3deffect.obj
e:\compilacoes-pw-2024\cliente\element2_2\angelica2_2\angelica3d\debug\a3denvironment.obj
e:\compilacoes-pw-2024\cliente\element2_2\angelica2_2\angelica3d\debug\a3desp.obj
e:\compilacoes-pw-2024\cliente\element2_2\angelica2_2\angelica3d\debug\a3despmove.obj
e:\compilacoes-pw-2024\cliente\element2_2\angelica2_2\angelica3d\debug\a3dflash.obj
e:\compilacoes-pw-2024\cliente\element2_2\angelica2_2\angelica3d\debug\a3dflatcollector.obj
e:\compilacoes-pw-2024\cliente\element2_2\angelica2_2\angelica3d\debug\a3dfont.obj
e:\compilacoes-pw-2024\cliente\element2_2\angelica2_2\angelica3d\debug\a3dfontman.obj
e:\compilacoes-pw-2024\cliente\element2_2\angelica2_2\angelica3d\debug\a2dspritetextures.obj
e:\compilacoes-pw-2024\cliente\element2_2\angelica2_2\angelica3d\debug\a3dabstrackmaker.obj
e:\compilacoes-pw-2024\cliente\element2_2\angelica2_2\angelica3d\debug\a3dadditionalview.obj
e:\compilacoes-pw-2024\cliente\element2_2\angelica2_2\angelica3d\debug\a3dbezierpoint.obj
e:\compilacoes-pw-2024\cliente\element2_2\angelica2_2\angelica3d\debug\a3dbeziersegment.obj
e:\compilacoes-pw-2024\cliente\element2_2\angelica2_2\angelica3d\debug\a3dbillboard.obj
e:\compilacoes-pw-2024\cliente\element2_2\angelica2_2\angelica3d\debug\a3dbone.obj
e:\compilacoes-pw-2024\cliente\element2_2\angelica2_2\angelica3d\debug\a3dbonecontroller.obj
e:\compilacoes-pw-2024\cliente\element2_2\angelica2_2\angelica3d\debug\a3dbsp.obj
e:\compilacoes-pw-2024\cliente\element2_2\angelica2_2\angelica3d\debug\a3dcamera.obj
e:\compilacoes-pw-2024\cliente\element2_2\angelica2_2\angelica3d\debug\a3dcamerabase.obj
e:\compilacoes-pw-2024\cliente\element2_2\angelica2_2\angelica3d\debug\a3dcbplayer.obj
e:\compilacoes-pw-2024\cliente\element2_2\angelica2_2\angelica3d\debug\a3dcbrecorder.obj
e:\compilacoes-pw-2024\cliente\element2_2\angelica2_2\angelica3d\debug\a3dcbrecorderbase.obj
e:\compilacoes-pw-2024\cliente\element2_2\angelica2_2\angelica3d\debug\a3dcbreleaseresrecorder.obj
e:\compilacoes-pw-2024\cliente\element2_2\angelica2_2\angelica3d\debug\a3dclothmesh.obj
e:\compilacoes-pw-2024\cliente\element2_2\angelica2_2\angelica3d\debug\a3dcollision.obj
e:\compilacoes-pw-2024\cliente\element2_2\angelica2_2\angelica3d\debug\a3dcommandbuffer.obj
e:\compilacoes-pw-2024\cliente\element2_2\angelica2_2\angelica3d\debug\a3dconfig.obj
e:\compilacoes-pw-2024\cliente\element2_2\angelica2_2\angelica3d\debug\a3dcontrol.obj
e:\compilacoes-pw-2024\cliente\element2_2\angelica2_2\angelica3d\debug\a2dsprite.obj
e:\compilacoes-pw-2024\cliente\element2_2\angelica2_2\angelica3d\debug\a2dspritebuffer.obj
e:\compilacoes-pw-2024\cliente\element2_2\angelica2_2\angelica3d\debug\a2dspriteitem.obj
e:\compilacoes-pw-2024\cliente\element2_2\angelica2_2\angelica3d\debug\a2dspritetexman.obj
e:\compilacoes-pw-2024\cliente\element2_2\angelica2_2\angelica3d\debug\a3dengine.obj
e:\compilacoes-pw-2024\cliente\element2_2\angelica2_2\output\a3dsdk\lib\angelica3d.lib
e:\compilacoes-pw-2024\cliente\element2_2\angelica2_2\angelica3d\debug\angelica3d_d.lib
e:\compilacoes-pw-2024\cliente\element2_2\angelica2_2\angelica3d\debug\angelica3d.vcxproj.filelistabsolute.txt
e:\compilacoes-pw-2024\cliente\element2_2\angelica2_2\angelica3d\debug\angelica3d.tlog\cl.command.1.tlog
e:\compilacoes-pw-2024\cliente\element2_2\angelica2_2\angelica3d\debug\angelica3d.tlog\cl.items.tlog
e:\compilacoes-pw-2024\cliente\element2_2\angelica2_2\angelica3d\debug\angelica3d.tlog\cl.read.1.tlog
e:\compilacoes-pw-2024\cliente\element2_2\angelica2_2\angelica3d\debug\angelica3d.tlog\cl.write.1.tlog
e:\compilacoes-pw-2024\cliente\element2_2\angelica2_2\angelica3d\debug\angelica3d.tlog\custombuildstep.read.1u.tlog
e:\compilacoes-pw-2024\cliente\element2_2\angelica2_2\angelica3d\debug\angelica3d.tlog\custombuildstep.write.1u.tlog
e:\compilacoes-pw-2024\cliente\element2_2\angelica2_2\angelica3d\debug\angelica3d.tlog\lib-link.read.1.tlog
e:\compilacoes-pw-2024\cliente\element2_2\angelica2_2\angelica3d\debug\angelica3d.tlog\lib-link.write.1.tlog
e:\compilacoes-pw-2024\cliente\element2_2\angelica2_2\angelica3d\debug\angelica3d.tlog\lib.command.1.tlog
