e:\compilacoes-pw-2024\cliente\element2_2\angelica2_2\angelicafile\debug\angelicafile.pdb
e:\compilacoes-pw-2024\cliente\element2_2\angelica2_2\angelicafile\debug\angelicafile.idb
e:\compilacoes-pw-2024\cliente\element2_2\angelica2_2\angelicafile\debug\adir.obj
e:\compilacoes-pw-2024\cliente\element2_2\angelica2_2\angelicafile\debug\adirimage.obj
e:\compilacoes-pw-2024\cliente\element2_2\angelica2_2\angelicafile\debug\afi.obj
e:\compilacoes-pw-2024\cliente\element2_2\angelica2_2\angelicafile\debug\afile.obj
e:\compilacoes-pw-2024\cliente\element2_2\angelica2_2\angelicafile\debug\afileimage.obj
e:\compilacoes-pw-2024\cliente\element2_2\angelica2_2\angelicafile\debug\afilepackage.obj
e:\compilacoes-pw-2024\cliente\element2_2\angelica2_2\angelicafile\debug\afilepackbase.obj
e:\compilacoes-pw-2024\cliente\element2_2\angelica2_2\angelicafile\debug\afilepackgame.obj
e:\compilacoes-pw-2024\cliente\element2_2\angelica2_2\angelicafile\debug\afilepackman.obj
e:\compilacoes-pw-2024\cliente\element2_2\angelica2_2\angelicafile\debug\afileunicode.obj
e:\compilacoes-pw-2024\cliente\element2_2\angelica2_2\angelicafile\debug\ainifile.obj
e:\compilacoes-pw-2024\cliente\element2_2\angelica2_2\angelicafile\debug\amemfile.obj
e:\compilacoes-pw-2024\cliente\element2_2\angelica2_2\angelicafile\debug\ascriptfile.obj
e:\compilacoes-pw-2024\cliente\element2_2\angelica2_2\angelicafile\debug\atexttabfile.obj
e:\compilacoes-pw-2024\cliente\element2_2\angelica2_2\angelicafile\debug\awinifile.obj
e:\compilacoes-pw-2024\cliente\element2_2\angelica2_2\angelicafile\debug\awscriptfile.obj
e:\compilacoes-pw-2024\cliente\element2_2\angelica2_2\angelicafile\debug\angelicafile_d.lib
e:\compilacoes-pw-2024\cliente\element2_2\angelica2_2\angelicafile\debug\angelicafile.vcxproj.filelistabsolute.txt
e:\compilacoes-pw-2024\cliente\element2_2\angelica2_2\angelicafile\debug\angelicafile.tlog\cl.command.1.tlog
e:\compilacoes-pw-2024\cliente\element2_2\angelica2_2\angelicafile\debug\angelicafile.tlog\cl.items.tlog
e:\compilacoes-pw-2024\cliente\element2_2\angelica2_2\angelicafile\debug\angelicafile.tlog\cl.read.1.tlog
e:\compilacoes-pw-2024\cliente\element2_2\angelica2_2\angelicafile\debug\angelicafile.tlog\cl.write.1.tlog
e:\compilacoes-pw-2024\cliente\element2_2\angelica2_2\angelicafile\debug\angelicafile.tlog\lib-link.read.1.tlog
e:\compilacoes-pw-2024\cliente\element2_2\angelica2_2\angelicafile\debug\angelicafile.tlog\lib-link.write.1.tlog
e:\compilacoes-pw-2024\cliente\element2_2\angelica2_2\angelicafile\debug\angelicafile.tlog\lib.command.1.tlog
