e:\compilacoes-pw-2024\cliente\element2_2\libraries\mpg123\debug\mpg123lib.pdb
e:\compilacoes-pw-2024\cliente\element2_2\libraries\mpg123\debug\mpg123lib.idb
e:\compilacoes-pw-2024\cliente\element2_2\libraries\mpg123\debug\common.obj
e:\compilacoes-pw-2024\cliente\element2_2\libraries\mpg123\debug\dct64_i386.obj
e:\compilacoes-pw-2024\cliente\element2_2\libraries\mpg123\debug\decode_2to1.obj
e:\compilacoes-pw-2024\cliente\element2_2\libraries\mpg123\debug\decode_4to1.obj
e:\compilacoes-pw-2024\cliente\element2_2\libraries\mpg123\debug\decode_i386.obj
e:\compilacoes-pw-2024\cliente\element2_2\libraries\mpg123\debug\decode_ntom.obj
e:\compilacoes-pw-2024\cliente\element2_2\libraries\mpg123\debug\equalizer.obj
e:\compilacoes-pw-2024\cliente\element2_2\libraries\mpg123\debug\getbits.obj
e:\compilacoes-pw-2024\cliente\element2_2\libraries\mpg123\debug\layer1.obj
e:\compilacoes-pw-2024\cliente\element2_2\libraries\mpg123\debug\layer2.obj
e:\compilacoes-pw-2024\cliente\element2_2\libraries\mpg123\debug\layer3.obj
e:\compilacoes-pw-2024\cliente\element2_2\libraries\mpg123\debug\mpg123.obj
e:\compilacoes-pw-2024\cliente\element2_2\libraries\mpg123\debug\readers.obj
e:\compilacoes-pw-2024\cliente\element2_2\libraries\mpg123\debug\tabinit.obj
e:\compilacoes-pw-2024\cliente\element2_2\output\lib\mpg123lib_d.lib
e:\compilacoes-pw-2024\cliente\element2_2\libraries\mpg123\debug\mpg123lib.vcxproj.filelistabsolute.txt
e:\compilacoes-pw-2024\cliente\element2_2\libraries\mpg123\debug\mpg123lib.tlog\cl.command.1.tlog
e:\compilacoes-pw-2024\cliente\element2_2\libraries\mpg123\debug\mpg123lib.tlog\cl.items.tlog
e:\compilacoes-pw-2024\cliente\element2_2\libraries\mpg123\debug\mpg123lib.tlog\cl.read.1.tlog
e:\compilacoes-pw-2024\cliente\element2_2\libraries\mpg123\debug\mpg123lib.tlog\cl.write.1.tlog
e:\compilacoes-pw-2024\cliente\element2_2\libraries\mpg123\debug\mpg123lib.tlog\lib-link.read.1.tlog
e:\compilacoes-pw-2024\cliente\element2_2\libraries\mpg123\debug\mpg123lib.tlog\lib-link.write.1.tlog
e:\compilacoes-pw-2024\cliente\element2_2\libraries\mpg123\debug\mpg123lib.tlog\lib.command.1.tlog
