e:\compilacoes-pw-2024\cliente\element2_2\libraries\lua5.1\debug\lbaselib.obj
e:\compilacoes-pw-2024\cliente\element2_2\libraries\lua5.1\debug\loslib.obj
e:\compilacoes-pw-2024\cliente\element2_2\libraries\lua5.1\debug\print.obj
e:\compilacoes-pw-2024\cliente\element2_2\libraries\lua5.1\debug\ldebug.obj
e:\compilacoes-pw-2024\cliente\element2_2\libraries\lua5.1\debug\ltable.obj
e:\compilacoes-pw-2024\cliente\element2_2\libraries\lua5.1\debug\lcode.obj
e:\compilacoes-pw-2024\cliente\element2_2\libraries\lua5.1\debug\lmathlib.obj
e:\compilacoes-pw-2024\cliente\element2_2\libraries\lua5.1\debug\luac.obj
e:\compilacoes-pw-2024\cliente\element2_2\libraries\lua5.1\debug\lapi.obj
e:\compilacoes-pw-2024\cliente\element2_2\libraries\lua5.1\debug\lparser.obj
e:\compilacoes-pw-2024\cliente\element2_2\libraries\lua5.1\debug\lzio.obj
e:\compilacoes-pw-2024\cliente\element2_2\libraries\lua5.1\debug\lfunc.obj
e:\compilacoes-pw-2024\cliente\element2_2\libraries\lua5.1\debug\lopcodes.obj
e:\compilacoes-pw-2024\cliente\element2_2\libraries\lua5.1\debug\lua.obj
e:\compilacoes-pw-2024\cliente\element2_2\libraries\lua5.1\debug\ldump.obj
e:\compilacoes-pw-2024\cliente\element2_2\libraries\lua5.1\debug\lstring.obj
e:\compilacoes-pw-2024\cliente\element2_2\libraries\lua5.1\debug\lvm.obj
e:\compilacoes-pw-2024\cliente\element2_2\libraries\lua5.1\debug\liolib.obj
e:\compilacoes-pw-2024\cliente\element2_2\libraries\lua5.1\debug\loadlib.obj
e:\compilacoes-pw-2024\cliente\element2_2\libraries\lua5.1\debug\ldo.obj
e:\compilacoes-pw-2024\cliente\element2_2\libraries\lua5.1\debug\lobject.obj
e:\compilacoes-pw-2024\cliente\element2_2\libraries\lua5.1\debug\lundump.obj
e:\compilacoes-pw-2024\cliente\element2_2\libraries\lua5.1\debug\linit.obj
e:\compilacoes-pw-2024\cliente\element2_2\libraries\lua5.1\debug\lstate.obj
e:\compilacoes-pw-2024\cliente\element2_2\libraries\lua5.1\debug\lgc.obj
e:\compilacoes-pw-2024\cliente\element2_2\libraries\lua5.1\debug\ltablib.obj
e:\compilacoes-pw-2024\cliente\element2_2\libraries\lua5.1\debug\lauxlib.obj
e:\compilacoes-pw-2024\cliente\element2_2\libraries\lua5.1\debug\lmem.obj
e:\compilacoes-pw-2024\cliente\element2_2\libraries\lua5.1\debug\lstrlib.obj
e:\compilacoes-pw-2024\cliente\element2_2\libraries\lua5.1\debug\ldblib.obj
e:\compilacoes-pw-2024\cliente\element2_2\libraries\lua5.1\debug\llex.obj
e:\compilacoes-pw-2024\cliente\element2_2\libraries\lua5.1\debug\ltm.obj
e:\compilacoes-pw-2024\cliente\element2_2\libraries\lua5.1\debug\lua5.1.pdb
e:\compilacoes-pw-2024\cliente\element2_2\output\lib\lua5.1_d.lib
e:\compilacoes-pw-2024\cliente\element2_2\libraries\lua5.1\debug\lua5.1.idb
e:\compilacoes-pw-2024\cliente\element2_2\libraries\lua5.1\debug\lua5.1.vcxproj.filelistabsolute.txt
e:\compilacoes-pw-2024\cliente\element2_2\libraries\lua5.1\debug\lua5.1.tlog\cl.11036.write.1.tlog
e:\compilacoes-pw-2024\cliente\element2_2\libraries\lua5.1\debug\lua5.1.tlog\cl.command.1.tlog
e:\compilacoes-pw-2024\cliente\element2_2\libraries\lua5.1\debug\lua5.1.tlog\cl.items.tlog
e:\compilacoes-pw-2024\cliente\element2_2\libraries\lua5.1\debug\lua5.1.tlog\cl.read.1.tlog
e:\compilacoes-pw-2024\cliente\element2_2\libraries\lua5.1\debug\lua5.1.tlog\lib-link.read.1.tlog
e:\compilacoes-pw-2024\cliente\element2_2\libraries\lua5.1\debug\lua5.1.tlog\lib-link.write.1.tlog
e:\compilacoes-pw-2024\cliente\element2_2\libraries\lua5.1\debug\lua5.1.tlog\lib.command.1.tlog
