e:\compilacoes-pw-2024\cliente\element2_2\angelica2_2\angelicacommon\debug\angelicacommon.pdb
e:\compilacoes-pw-2024\cliente\element2_2\angelica2_2\angelicacommon\debug\angelicacommon.idb
e:\compilacoes-pw-2024\cliente\element2_2\angelica2_2\angelicacommon\debug\aassist.obj
e:\compilacoes-pw-2024\cliente\element2_2\angelica2_2\angelicacommon\debug\acounter.obj
e:\compilacoes-pw-2024\cliente\element2_2\angelica2_2\angelicacommon\debug\agpaperfintegration.obj
e:\compilacoes-pw-2024\cliente\element2_2\angelica2_2\angelicacommon\debug\alist.obj
e:\compilacoes-pw-2024\cliente\element2_2\angelica2_2\angelicacommon\debug\alog.obj
e:\compilacoes-pw-2024\cliente\element2_2\angelica2_2\angelicacommon\debug\amemory.obj
e:\compilacoes-pw-2024\cliente\element2_2\angelica2_2\angelicacommon\debug\aperlinnoise1d.obj
e:\compilacoes-pw-2024\cliente\element2_2\angelica2_2\angelicacommon\debug\aperlinnoise2d.obj
e:\compilacoes-pw-2024\cliente\element2_2\angelica2_2\angelicacommon\debug\aperlinnoise3d.obj
e:\compilacoes-pw-2024\cliente\element2_2\angelica2_2\angelicacommon\debug\aperlinnoisebase.obj
e:\compilacoes-pw-2024\cliente\element2_2\angelica2_2\angelicacommon\debug\arandomgen.obj
e:\compilacoes-pw-2024\cliente\element2_2\angelica2_2\angelicacommon\debug\astring.obj
e:\compilacoes-pw-2024\cliente\element2_2\angelica2_2\angelicacommon\debug\atempmemman.obj
e:\compilacoes-pw-2024\cliente\element2_2\angelica2_2\angelicacommon\debug\atime.obj
e:\compilacoes-pw-2024\cliente\element2_2\angelica2_2\angelicacommon\debug\awstring.obj
e:\compilacoes-pw-2024\cliente\element2_2\angelica2_2\angelicacommon\debug\base64.obj
e:\compilacoes-pw-2024\cliente\element2_2\angelica2_2\angelicacommon\debug\angelicacommon_d.lib
e:\compilacoes-pw-2024\cliente\element2_2\angelica2_2\angelicacommon\debug\angelicacommon.vcxproj.filelistabsolute.txt
e:\compilacoes-pw-2024\cliente\element2_2\angelica2_2\angelicacommon\debug\angelicacommon.tlog\cl.command.1.tlog
e:\compilacoes-pw-2024\cliente\element2_2\angelica2_2\angelicacommon\debug\angelicacommon.tlog\cl.items.tlog
e:\compilacoes-pw-2024\cliente\element2_2\angelica2_2\angelicacommon\debug\angelicacommon.tlog\cl.read.1.tlog
e:\compilacoes-pw-2024\cliente\element2_2\angelica2_2\angelicacommon\debug\angelicacommon.tlog\cl.write.1.tlog
e:\compilacoes-pw-2024\cliente\element2_2\angelica2_2\angelicacommon\debug\angelicacommon.tlog\lib-link.read.1.tlog
e:\compilacoes-pw-2024\cliente\element2_2\angelica2_2\angelicacommon\debug\angelicacommon.tlog\lib-link.write.1.tlog
e:\compilacoes-pw-2024\cliente\element2_2\angelica2_2\angelicacommon\debug\angelicacommon.tlog\lib.command.1.tlog
