e:\compilacoes-pw-2024\cliente\element2_2\celementclient\release2.2\a3dautobutterfly.obj
e:\compilacoes-pw-2024\cliente\element2_2\celementclient\release2.2\a3dautocrow.obj
e:\compilacoes-pw-2024\cliente\element2_2\celementclient\release2.2\a3dautoeagle.obj
e:\compilacoes-pw-2024\cliente\element2_2\celementclient\release2.2\a3dautofirefly.obj
e:\compilacoes-pw-2024\cliente\element2_2\celementclient\release2.2\a3dautofish.obj
e:\compilacoes-pw-2024\cliente\element2_2\celementclient\release2.2\a3dautonomousagent.obj
e:\compilacoes-pw-2024\cliente\element2_2\celementclient\release2.2\a3dautonomousbehaviour.obj
e:\compilacoes-pw-2024\cliente\element2_2\celementclient\release2.2\a3dautonomousgroup.obj
e:\compilacoes-pw-2024\cliente\element2_2\celementclient\release2.2\a3dskillgfxcomposer2.obj
e:\compilacoes-pw-2024\cliente\element2_2\celementclient\release2.2\a3dskillgfxevent2.obj
e:\compilacoes-pw-2024\cliente\element2_2\celementclient\release2.2\aminidump.obj
e:\compilacoes-pw-2024\cliente\element2_2\celementclient\release2.2\apiloader.obj
e:\compilacoes-pw-2024\cliente\element2_2\celementclient\release2.2\aui_imagegrid.obj
e:\compilacoes-pw-2024\cliente\element2_2\celementclient\release2.2\autobuilding.obj
e:\compilacoes-pw-2024\cliente\element2_2\celementclient\release2.2\autobuildingman.obj
e:\compilacoes-pw-2024\cliente\element2_2\celementclient\release2.2\autoforest.obj
e:\compilacoes-pw-2024\cliente\element2_2\celementclient\release2.2\autoforestline.obj
e:\compilacoes-pw-2024\cliente\element2_2\celementclient\release2.2\autoforestpoly.obj
e:\compilacoes-pw-2024\cliente\element2_2\celementclient\release2.2\autograss.obj
e:\compilacoes-pw-2024\cliente\element2_2\celementclient\release2.2\autograsspoly.obj
e:\compilacoes-pw-2024\cliente\element2_2\celementclient\release2.2\autohillline.obj
e:\compilacoes-pw-2024\cliente\element2_2\celementclient\release2.2\autohillpoly.obj
e:\compilacoes-pw-2024\cliente\element2_2\celementclient\release2.2\autohome.obj
e:\compilacoes-pw-2024\cliente\element2_2\celementclient\release2.2\autohomeaction.obj
e:\compilacoes-pw-2024\cliente\element2_2\celementclient\release2.2\autohomeborder.obj
e:\compilacoes-pw-2024\cliente\element2_2\celementclient\release2.2\autohomeborderdata.obj
e:\compilacoes-pw-2024\cliente\element2_2\celementclient\release2.2\autohomeman.obj
e:\compilacoes-pw-2024\cliente\element2_2\celementclient\release2.2\autoparameters.obj
e:\compilacoes-pw-2024\cliente\element2_2\celementclient\release2.2\autopartterrainbase.obj
e:\compilacoes-pw-2024\cliente\element2_2\celementclient\release2.2\autoparttexture.obj
e:\compilacoes-pw-2024\cliente\element2_2\celementclient\release2.2\autoroad.obj
e:\compilacoes-pw-2024\cliente\element2_2\celementclient\release2.2\autoscene.obj
e:\compilacoes-pw-2024\cliente\element2_2\celementclient\release2.2\autosceneconfig.obj
e:\compilacoes-pw-2024\cliente\element2_2\celementclient\release2.2\autoscenefunc.obj
e:\compilacoes-pw-2024\cliente\element2_2\celementclient\release2.2\autoselectedarea.obj
e:\compilacoes-pw-2024\cliente\element2_2\celementclient\release2.2\autoterrain.obj
e:\compilacoes-pw-2024\cliente\element2_2\celementclient\release2.2\autoterrainflat.obj
e:\compilacoes-pw-2024\cliente\element2_2\celementclient\release2.2\autotexture.obj
e:\compilacoes-pw-2024\cliente\element2_2\celementclient\release2.2\autowater.obj
e:\compilacoes-pw-2024\cliente\element2_2\celementclient\release2.2\awstringwithwildcard.obj
e:\compilacoes-pw-2024\cliente\element2_2\celementclient\release2.2\base64.obj
e:\compilacoes-pw-2024\cliente\element2_2\celementclient\release2.2\bitchunk.obj
e:\compilacoes-pw-2024\cliente\element2_2\celementclient\release2.2\bitmap.obj
e:\compilacoes-pw-2024\cliente\element2_2\celementclient\release2.2\cheaterkiller.obj
e:\compilacoes-pw-2024\cliente\element2_2\celementclient\release2.2\closedarea.obj
e:\compilacoes-pw-2024\cliente\element2_2\celementclient\release2.2\curvepoint.obj
e:\compilacoes-pw-2024\cliente\element2_2\celementclient\release2.2\curveview.obj
e:\compilacoes-pw-2024\cliente\element2_2\celementclient\release2.2\datapathman.obj
e:\compilacoes-pw-2024\cliente\element2_2\celementclient\release2.2\defence.obj
e:\compilacoes-pw-2024\cliente\element2_2\celementclient\release2.2\dlgaction.obj
e:\compilacoes-pw-2024\cliente\element2_2\celementclient\release2.2\dlgactivity.obj
e:\compilacoes-pw-2024\cliente\element2_2\celementclient\release2.2\dlgagreement.obj
e:\compilacoes-pw-2024\cliente\element2_2\celementclient\release2.2\dlgarrangeteam.obj
e:\compilacoes-pw-2024\cliente\element2_2\celementclient\release2.2\dlgaskhelptogm.obj
e:\compilacoes-pw-2024\cliente\element2_2\celementclient\release2.2\dlgaskhelptogm2.obj
e:\compilacoes-pw-2024\cliente\element2_2\celementclient\release2.2\dlgauctionbase.obj
e:\compilacoes-pw-2024\cliente\element2_2\celementclient\release2.2\dlgauctionbuylist.obj
e:\compilacoes-pw-2024\cliente\element2_2\celementclient\release2.2\dlgauctionlist.obj
e:\compilacoes-pw-2024\cliente\element2_2\celementclient\release2.2\dlgauctionsearch.obj
e:\compilacoes-pw-2024\cliente\element2_2\celementclient\release2.2\dlgauctionselllist.obj
e:\compilacoes-pw-2024\cliente\element2_2\celementclient\release2.2\dlgautoallres.obj
e:\compilacoes-pw-2024\cliente\element2_2\celementclient\release2.2\dlgautobaselocaltex.obj
e:\compilacoes-pw-2024\cliente\element2_2\celementclient\release2.2\dlgautobasemountain.obj
e:\compilacoes-pw-2024\cliente\element2_2\celementclient\release2.2\dlgautobasemountain2.obj
e:\compilacoes-pw-2024\cliente\element2_2\celementclient\release2.2\dlgautobaseroad.obj
e:\compilacoes-pw-2024\cliente\element2_2\celementclient\release2.2\dlgautobaseterrain.obj
e:\compilacoes-pw-2024\cliente\element2_2\celementclient\release2.2\dlgautobasewater.obj
e:\compilacoes-pw-2024\cliente\element2_2\celementclient\release2.2\dlgautocamera.obj
e:\compilacoes-pw-2024\cliente\element2_2\celementclient\release2.2\dlgautochoosecolor.obj
e:\compilacoes-pw-2024\cliente\element2_2\celementclient\release2.2\dlgautochooselight.obj
e:\compilacoes-pw-2024\cliente\element2_2\celementclient\release2.2\dlgautochoosetexture.obj
e:\compilacoes-pw-2024\cliente\element2_2\celementclient\release2.2\dlgautoctrl.obj
e:\compilacoes-pw-2024\cliente\element2_2\celementclient\release2.2\dlgautoctrleditarea.obj
e:\compilacoes-pw-2024\cliente\element2_2\celementclient\release2.2\dlgautogenlightmapprogress.obj
e:\compilacoes-pw-2024\cliente\element2_2\celementclient\release2.2\dlgautohelp.obj
e:\compilacoes-pw-2024\cliente\element2_2\celementclient\release2.2\dlgautohpmp.obj
e:\compilacoes-pw-2024\cliente\element2_2\celementclient\release2.2\dlgautoindoorfurniture.obj
e:\compilacoes-pw-2024\cliente\element2_2\celementclient\release2.2\dlgautoindoorplant.obj
e:\compilacoes-pw-2024\cliente\element2_2\celementclient\release2.2\dlgautoindoortoy.obj
e:\compilacoes-pw-2024\cliente\element2_2\celementclient\release2.2\dlgautoindoorvirtu.obj
e:\compilacoes-pw-2024\cliente\element2_2\celementclient\release2.2\dlgautoleveloff.obj
e:\compilacoes-pw-2024\cliente\element2_2\celementclient\release2.2\dlgautolight.obj
e:\compilacoes-pw-2024\cliente\element2_2\celementclient\release2.2\dlgautolocaltexture.obj
e:\compilacoes-pw-2024\cliente\element2_2\celementclient\release2.2\dlgautolock.obj
e:\compilacoes-pw-2024\cliente\element2_2\celementclient\release2.2\dlgautomountain.obj
e:\compilacoes-pw-2024\cliente\element2_2\celementclient\release2.2\dlgautomountain2.obj
e:\compilacoes-pw-2024\cliente\element2_2\celementclient\release2.2\dlgautomove.obj
e:\compilacoes-pw-2024\cliente\element2_2\celementclient\release2.2\dlgautonote.obj
e:\compilacoes-pw-2024\cliente\element2_2\celementclient\release2.2\dlgautonote2.obj
e:\compilacoes-pw-2024\cliente\element2_2\celementclient\release2.2\dlgautooutdoorbuilding.obj
e:\compilacoes-pw-2024\cliente\element2_2\celementclient\release2.2\dlgautooutdoorgrass.obj
e:\compilacoes-pw-2024\cliente\element2_2\celementclient\release2.2\dlgautooutdoorotherobject.obj
e:\compilacoes-pw-2024\cliente\element2_2\celementclient\release2.2\dlgautooutdoortree.obj
e:\compilacoes-pw-2024\cliente\element2_2\celementclient\release2.2\dlgautopolicy.obj
e:\compilacoes-pw-2024\cliente\element2_2\celementclient\release2.2\dlgautopolicymatter.obj
e:\compilacoes-pw-2024\cliente\element2_2\celementclient\release2.2\dlgautoroad.obj
e:\compilacoes-pw-2024\cliente\element2_2\celementclient\release2.2\dlgautoswitchdlg.obj
e:\compilacoes-pw-2024\cliente\element2_2\celementclient\release2.2\dlgautotask.obj
e:\compilacoes-pw-2024\cliente\element2_2\celementclient\release2.2\dlgautoterrain.obj
e:\compilacoes-pw-2024\cliente\element2_2\celementclient\release2.2\dlgautotools.obj
e:\compilacoes-pw-2024\cliente\element2_2\celementclient\release2.2\dlgautowater.obj
e:\compilacoes-pw-2024\cliente\element2_2\celementclient\release2.2\dlgaward.obj
e:\compilacoes-pw-2024\cliente\element2_2\celementclient\release2.2\dlgbackhelp.obj
e:\compilacoes-pw-2024\cliente\element2_2\celementclient\release2.2\dlgbackothers.obj
e:\compilacoes-pw-2024\cliente\element2_2\celementclient\release2.2\dlgbackself.obj
e:\compilacoes-pw-2024\cliente\element2_2\celementclient\release2.2\dlgbag.obj
e:\compilacoes-pw-2024\cliente\element2_2\celementclient\release2.2\dlgbase.obj
e:\compilacoes-pw-2024\cliente\element2_2\celementclient\release2.2\dlgbbs.obj
e:\compilacoes-pw-2024\cliente\element2_2\celementclient\release2.2\dlgblacklist.obj
e:\compilacoes-pw-2024\cliente\element2_2\celementclient\release2.2\dlgblackscreen.obj
e:\compilacoes-pw-2024\cliente\element2_2\celementclient\release2.2\dlgbooth.obj
e:\compilacoes-pw-2024\cliente\element2_2\celementclient\release2.2\dlgbroadcast.obj
e:\compilacoes-pw-2024\cliente\element2_2\celementclient\release2.2\dlgbshop.obj
e:\compilacoes-pw-2024\cliente\element2_2\celementclient\release2.2\dlgbuddystate.obj
e:\compilacoes-pw-2024\cliente\element2_2\celementclient\release2.2\dlgbuyconfirm.obj
e:\compilacoes-pw-2024\cliente\element2_2\celementclient\release2.2\dlgcamera.obj
e:\compilacoes-pw-2024\cliente\element2_2\celementclient\release2.2\dlgcardbuy.obj
e:\compilacoes-pw-2024\cliente\element2_2\celementclient\release2.2\dlgcardsell.obj
e:\compilacoes-pw-2024\cliente\element2_2\celementclient\release2.2\dlgchangeskirt.obj
e:\compilacoes-pw-2024\cliente\element2_2\celementclient\release2.2\dlgchangestoragepw.obj
e:\compilacoes-pw-2024\cliente\element2_2\celementclient\release2.2\dlgchannelchat.obj
e:\compilacoes-pw-2024\cliente\element2_2\celementclient\release2.2\dlgchannelcreate.obj
e:\compilacoes-pw-2024\cliente\element2_2\celementclient\release2.2\dlgchanneljoin.obj
e:\compilacoes-pw-2024\cliente\element2_2\celementclient\release2.2\dlgchanneloption.obj
e:\compilacoes-pw-2024\cliente\element2_2\celementclient\release2.2\dlgchannelpw.obj
e:\compilacoes-pw-2024\cliente\element2_2\celementclient\release2.2\dlgcharacter.obj
e:\compilacoes-pw-2024\cliente\element2_2\celementclient\release2.2\dlgchariot.obj
e:\compilacoes-pw-2024\cliente\element2_2\celementclient\release2.2\dlgchat.obj
e:\compilacoes-pw-2024\cliente\element2_2\celementclient\release2.2\dlgcomboskillshortcut.obj
e:\compilacoes-pw-2024\cliente\element2_2\celementclient\release2.2\dlgcomplextitle.obj
e:\compilacoes-pw-2024\cliente\element2_2\celementclient\release2.2\dlgcongregate.obj
e:\compilacoes-pw-2024\cliente\element2_2\celementclient\release2.2\dlgconsole.obj
e:\compilacoes-pw-2024\cliente\element2_2\celementclient\release2.2\dlgcountrymap.obj
e:\compilacoes-pw-2024\cliente\element2_2\celementclient\release2.2\dlgcountrymapsub.obj
e:\compilacoes-pw-2024\cliente\element2_2\celementclient\release2.2\dlgcountryreward.obj
e:\compilacoes-pw-2024\cliente\element2_2\celementclient\release2.2\dlgcountryscore.obj
e:\compilacoes-pw-2024\cliente\element2_2\celementclient\release2.2\dlgcountrywarmap.obj
e:\compilacoes-pw-2024\cliente\element2_2\celementclient\release2.2\dlgcoupon.obj
e:\compilacoes-pw-2024\cliente\element2_2\celementclient\release2.2\dlgcreate.obj
e:\compilacoes-pw-2024\cliente\element2_2\celementclient\release2.2\dlgcurrentserver.obj
e:\compilacoes-pw-2024\cliente\element2_2\celementclient\release2.2\dlgcurve.obj
e:\compilacoes-pw-2024\cliente\element2_2\celementclient\release2.2\dlgcustomize.obj
e:\compilacoes-pw-2024\cliente\element2_2\celementclient\release2.2\dlgcustomizeadv.obj
e:\compilacoes-pw-2024\cliente\element2_2\celementclient\release2.2\dlgcustomizebase.obj
e:\compilacoes-pw-2024\cliente\element2_2\celementclient\release2.2\dlgcustomizechspre.obj
e:\compilacoes-pw-2024\cliente\element2_2\celementclient\release2.2\dlgcustomizeeye.obj
e:\compilacoes-pw-2024\cliente\element2_2\celementclient\release2.2\dlgcustomizeeyebrow.obj
e:\compilacoes-pw-2024\cliente\element2_2\celementclient\release2.2\dlgcustomizeface.obj
e:\compilacoes-pw-2024\cliente\element2_2\celementclient\release2.2\dlgcustomizehair.obj
e:\compilacoes-pw-2024\cliente\element2_2\celementclient\release2.2\dlgcustomizemouth.obj
e:\compilacoes-pw-2024\cliente\element2_2\celementclient\release2.2\dlgcustomizemovecamera.obj
e:\compilacoes-pw-2024\cliente\element2_2\celementclient\release2.2\dlgcustomizenose.obj
e:\compilacoes-pw-2024\cliente\element2_2\celementclient\release2.2\dlgcustomizepaint.obj
e:\compilacoes-pw-2024\cliente\element2_2\celementclient\release2.2\dlgcustomizepre.obj
e:\compilacoes-pw-2024\cliente\element2_2\celementclient\release2.2\dlgcustomizepreforfree.obj
e:\compilacoes-pw-2024\cliente\element2_2\celementclient\release2.2\dlgcustomizestature.obj
e:\compilacoes-pw-2024\cliente\element2_2\celementclient\release2.2\dlgcustomizethirdeye.obj
e:\compilacoes-pw-2024\cliente\element2_2\celementclient\release2.2\dlgcustomizeuserpic.obj
e:\compilacoes-pw-2024\cliente\element2_2\celementclient\release2.2\dlgcwindow.obj
e:\compilacoes-pw-2024\cliente\element2_2\celementclient\release2.2\dlgdamagerep.obj
e:\compilacoes-pw-2024\cliente\element2_2\celementclient\release2.2\dlgdelmsgreason.obj
e:\compilacoes-pw-2024\cliente\element2_2\celementclient\release2.2\dlgdomaincondition.obj
e:\compilacoes-pw-2024\cliente\element2_2\celementclient\release2.2\dlgdoubleexp.obj
e:\compilacoes-pw-2024\cliente\element2_2\celementclient\release2.2\dlgdoubleexps.obj
e:\compilacoes-pw-2024\cliente\element2_2\celementclient\release2.2\dlgdownloadspeed.obj
e:\compilacoes-pw-2024\cliente\element2_2\celementclient\release2.2\dlgdragdrop.obj
e:\compilacoes-pw-2024\cliente\element2_2\celementclient\release2.2\dlgearthbagrank.obj
e:\compilacoes-pw-2024\cliente\element2_2\celementclient\release2.2\dlgelfequipremove.obj
e:\compilacoes-pw-2024\cliente\element2_2\celementclient\release2.2\dlgelfgenius.obj
e:\compilacoes-pw-2024\cliente\element2_2\celementclient\release2.2\dlgelfgeniusreset.obj
e:\compilacoes-pw-2024\cliente\element2_2\celementclient\release2.2\dlgelfinexp.obj
e:\compilacoes-pw-2024\cliente\element2_2\celementclient\release2.2\dlgelflearn.obj
e:\compilacoes-pw-2024\cliente\element2_2\celementclient\release2.2\dlgelfprop.obj
e:\compilacoes-pw-2024\cliente\element2_2\celementclient\release2.2\dlgelfrefine.obj
e:\compilacoes-pw-2024\cliente\element2_2\celementclient\release2.2\dlgelfrefinetrans.obj
e:\compilacoes-pw-2024\cliente\element2_2\celementclient\release2.2\dlgelfretrain.obj
e:\compilacoes-pw-2024\cliente\element2_2\celementclient\release2.2\dlgelfskilltree.obj
e:\compilacoes-pw-2024\cliente\element2_2\celementclient\release2.2\dlgelftopill.obj
e:\compilacoes-pw-2024\cliente\element2_2\celementclient\release2.2\dlgelftransaction.obj
e:\compilacoes-pw-2024\cliente\element2_2\celementclient\release2.2\dlgelfxidian.obj
e:\compilacoes-pw-2024\cliente\element2_2\celementclient\release2.2\dlgengrave.obj
e:\compilacoes-pw-2024\cliente\element2_2\celementclient\release2.2\dlgepequip.obj
e:\compilacoes-pw-2024\cliente\element2_2\celementclient\release2.2\dlgequipbind.obj
e:\compilacoes-pw-2024\cliente\element2_2\celementclient\release2.2\dlgequipdestroy.obj
e:\compilacoes-pw-2024\cliente\element2_2\celementclient\release2.2\dlgequipdye.obj
e:\compilacoes-pw-2024\cliente\element2_2\celementclient\release2.2\dlgequipmark.obj
e:\compilacoes-pw-2024\cliente\element2_2\celementclient\release2.2\dlgequiprefine.obj
e:\compilacoes-pw-2024\cliente\element2_2\celementclient\release2.2\dlgequipslot.obj
e:\compilacoes-pw-2024\cliente\element2_2\celementclient\release2.2\dlgequipundestroy.obj
e:\compilacoes-pw-2024\cliente\element2_2\celementclient\release2.2\dlgequipup.obj
e:\compilacoes-pw-2024\cliente\element2_2\celementclient\release2.2\dlgequipupensure.obj
e:\compilacoes-pw-2024\cliente\element2_2\celementclient\release2.2\dlgexclusiveaward.obj
e:\compilacoes-pw-2024\cliente\element2_2\celementclient\release2.2\dlgexit.obj
e:\compilacoes-pw-2024\cliente\element2_2\celementclient\release2.2\dlgexp.obj
e:\compilacoes-pw-2024\cliente\element2_2\celementclient\release2.2\dlgexplorer.obj
e:\compilacoes-pw-2024\cliente\element2_2\celementclient\release2.2\dlgfacelift.obj
e:\compilacoes-pw-2024\cliente\element2_2\celementclient\release2.2\dlgfacename.obj
e:\compilacoes-pw-2024\cliente\element2_2\celementclient\release2.2\dlgfactionpvprank.obj
e:\compilacoes-pw-2024\cliente\element2_2\celementclient\release2.2\dlgfactionpvpstatus.obj
e:\compilacoes-pw-2024\cliente\element2_2\celementclient\release2.2\dlgfashionshop.obj
e:\compilacoes-pw-2024\cliente\element2_2\celementclient\release2.2\dlgfashionshopitem.obj
e:\compilacoes-pw-2024\cliente\element2_2\celementclient\release2.2\dlgfashionsplit.obj
e:\compilacoes-pw-2024\cliente\element2_2\celementclient\release2.2\dlgfindplayer.obj
e:\compilacoes-pw-2024\cliente\element2_2\celementclient\release2.2\dlgfindserver.obj
e:\compilacoes-pw-2024\cliente\element2_2\celementclient\release2.2\dlgfittingroom.obj
e:\compilacoes-pw-2024\cliente\element2_2\celementclient\release2.2\dlgflyswordimprove.obj
e:\compilacoes-pw-2024\cliente\element2_2\celementclient\release2.2\dlgforce.obj
e:\compilacoes-pw-2024\cliente\element2_2\celementclient\release2.2\dlgforceactivity.obj
e:\compilacoes-pw-2024\cliente\element2_2\celementclient\release2.2\dlgforceactivityicon.obj
e:\compilacoes-pw-2024\cliente\element2_2\celementclient\release2.2\dlgforcenpc.obj
e:\compilacoes-pw-2024\cliente\element2_2\celementclient\release2.2\dlgfortressbuild.obj
e:\compilacoes-pw-2024\cliente\element2_2\celementclient\release2.2\dlgfortressbuildhelp.obj
e:\compilacoes-pw-2024\cliente\element2_2\celementclient\release2.2\dlgfortressbuildsub.obj
e:\compilacoes-pw-2024\cliente\element2_2\celementclient\release2.2\dlgfortressbuildsublist.obj
e:\compilacoes-pw-2024\cliente\element2_2\celementclient\release2.2\dlgfortresscontrib.obj
e:\compilacoes-pw-2024\cliente\element2_2\celementclient\release2.2\dlgfortressexchange.obj
e:\compilacoes-pw-2024\cliente\element2_2\celementclient\release2.2\dlgfortressinfo.obj
e:\compilacoes-pw-2024\cliente\element2_2\celementclient\release2.2\dlgfortressmaterial.obj
e:\compilacoes-pw-2024\cliente\element2_2\celementclient\release2.2\dlgfortressmini.obj
e:\compilacoes-pw-2024\cliente\element2_2\celementclient\release2.2\dlgfortressstatus.obj
e:\compilacoes-pw-2024\cliente\element2_2\celementclient\release2.2\dlgfortresstechnology.obj
e:\compilacoes-pw-2024\cliente\element2_2\celementclient\release2.2\dlgfortresswar.obj
e:\compilacoes-pw-2024\cliente\element2_2\celementclient\release2.2\dlgfortresswarlist.obj
e:\compilacoes-pw-2024\cliente\element2_2\celementclient\release2.2\dlgfortunepallete.obj
e:\compilacoes-pw-2024\cliente\element2_2\celementclient\release2.2\dlgfriendchat.obj
e:\compilacoes-pw-2024\cliente\element2_2\celementclient\release2.2\dlgfriendcolor.obj
e:\compilacoes-pw-2024\cliente\element2_2\celementclient\release2.2\dlgfriendgroup.obj
e:\compilacoes-pw-2024\cliente\element2_2\celementclient\release2.2\dlgfriendhistory.obj
e:\compilacoes-pw-2024\cliente\element2_2\celementclient\release2.2\dlgfriendlist.obj
e:\compilacoes-pw-2024\cliente\element2_2\celementclient\release2.2\dlgfriendoptiongroup.obj
e:\compilacoes-pw-2024\cliente\element2_2\celementclient\release2.2\dlgfriendoptionname.obj
e:\compilacoes-pw-2024\cliente\element2_2\celementclient\release2.2\dlgfriendoptionnormal.obj
e:\compilacoes-pw-2024\cliente\element2_2\celementclient\release2.2\dlgfriendrequest.obj
e:\compilacoes-pw-2024\cliente\element2_2\celementclient\release2.2\dlggeneralcard.obj
e:\compilacoes-pw-2024\cliente\element2_2\celementclient\release2.2\dlggeneralcardbuy.obj
e:\compilacoes-pw-2024\cliente\element2_2\celementclient\release2.2\dlggeneralcardcollection.obj
e:\compilacoes-pw-2024\cliente\element2_2\celementclient\release2.2\dlggeneralcardrespawn.obj
e:\compilacoes-pw-2024\cliente\element2_2\celementclient\release2.2\dlggiftcard.obj
e:\compilacoes-pw-2024\cliente\element2_2\celementclient\release2.2\dlggivingfor.obj
e:\compilacoes-pw-2024\cliente\element2_2\celementclient\release2.2\dlggmconsole.obj
e:\compilacoes-pw-2024\cliente\element2_2\celementclient\release2.2\dlggmconsoleforbid.obj
e:\compilacoes-pw-2024\cliente\element2_2\celementclient\release2.2\dlggmfinishmsg.obj
e:\compilacoes-pw-2024\cliente\element2_2\celementclient\release2.2\dlggmparam.obj
e:\compilacoes-pw-2024\cliente\element2_2\celementclient\release2.2\dlggmqueryitem.obj
e:\compilacoes-pw-2024\cliente\element2_2\celementclient\release2.2\dlggodevilconvert.obj
e:\compilacoes-pw-2024\cliente\element2_2\celementclient\release2.2\dlggoldaccount.obj
e:\compilacoes-pw-2024\cliente\element2_2\celementclient\release2.2\dlggoldinquire.obj
e:\compilacoes-pw-2024\cliente\element2_2\celementclient\release2.2\dlggoldpassword.obj
e:\compilacoes-pw-2024\cliente\element2_2\celementclient\release2.2\dlggoldtrade.obj
e:\compilacoes-pw-2024\cliente\element2_2\celementclient\release2.2\dlgguildcreate.obj
e:\compilacoes-pw-2024\cliente\element2_2\celementclient\release2.2\dlgguilddiplomacyapply.obj
e:\compilacoes-pw-2024\cliente\element2_2\celementclient\release2.2\dlgguilddiplomacyman.obj
e:\compilacoes-pw-2024\cliente\element2_2\celementclient\release2.2\dlgguildman.obj
e:\compilacoes-pw-2024\cliente\element2_2\celementclient\release2.2\dlgguildmap.obj
e:\compilacoes-pw-2024\cliente\element2_2\celementclient\release2.2\dlgguildmapstatus.obj
e:\compilacoes-pw-2024\cliente\element2_2\celementclient\release2.2\dlgguildmaptravel.obj
e:\compilacoes-pw-2024\cliente\element2_2\celementclient\release2.2\dlgguildplayersearch.obj
e:\compilacoes-pw-2024\cliente\element2_2\celementclient\release2.2\dlgguildsearch.obj
e:\compilacoes-pw-2024\cliente\element2_2\celementclient\release2.2\dlghelp.obj
e:\compilacoes-pw-2024\cliente\element2_2\celementclient\release2.2\dlghistorystage.obj
e:\compilacoes-pw-2024\cliente\element2_2\celementclient\release2.2\dlghomebase.obj
e:\compilacoes-pw-2024\cliente\element2_2\celementclient\release2.2\dlghost.obj
e:\compilacoes-pw-2024\cliente\element2_2\celementclient\release2.2\dlghostelf.obj
e:\compilacoes-pw-2024\cliente\element2_2\celementclient\release2.2\dlghostpet.obj
e:\compilacoes-pw-2024\cliente\element2_2\celementclient\release2.2\dlgicethunderball.obj
e:\compilacoes-pw-2024\cliente\element2_2\celementclient\release2.2\dlgidentify.obj
e:\compilacoes-pw-2024\cliente\element2_2\celementclient\release2.2\dlginfo.obj
e:\compilacoes-pw-2024\cliente\element2_2\celementclient\release2.2\dlginputname.obj
e:\compilacoes-pw-2024\cliente\element2_2\celementclient\release2.2\dlginputno.obj
e:\compilacoes-pw-2024\cliente\element2_2\celementclient\release2.2\dlginstall.obj
e:\compilacoes-pw-2024\cliente\element2_2\celementclient\release2.2\dlginventory.obj
e:\compilacoes-pw-2024\cliente\element2_2\celementclient\release2.2\dlginventorydetail.obj
e:\compilacoes-pw-2024\cliente\element2_2\celementclient\release2.2\dlginvisiblelist.obj
e:\compilacoes-pw-2024\cliente\element2_2\celementclient\release2.2\dlgitemdesc.obj
e:\compilacoes-pw-2024\cliente\element2_2\celementclient\release2.2\dlgkingauction.obj
e:\compilacoes-pw-2024\cliente\element2_2\celementclient\release2.2\dlgkingcommand.obj
e:\compilacoes-pw-2024\cliente\element2_2\celementclient\release2.2\dlgkingelection.obj
e:\compilacoes-pw-2024\cliente\element2_2\celementclient\release2.2\dlglevel2upgradeshow.obj
e:\compilacoes-pw-2024\cliente\element2_2\celementclient\release2.2\dlglibproduce.obj
e:\compilacoes-pw-2024\cliente\element2_2\celementclient\release2.2\dlglibproducerelationship.obj
e:\compilacoes-pw-2024\cliente\element2_2\celementclient\release2.2\dlglibproducerelationshipawardsub.obj
e:\compilacoes-pw-2024\cliente\element2_2\celementclient\release2.2\dlglibproducerelationshipawardsublist.obj
e:\compilacoes-pw-2024\cliente\element2_2\celementclient\release2.2\dlglibproducerelationshipcostsub.obj
e:\compilacoes-pw-2024\cliente\element2_2\celementclient\release2.2\dlglibproducerelationshipcostsublist.obj
e:\compilacoes-pw-2024\cliente\element2_2\celementclient\release2.2\dlglogin.obj
e:\compilacoes-pw-2024\cliente\element2_2\celementclient\release2.2\dlgloginbutton.obj
e:\compilacoes-pw-2024\cliente\element2_2\celementclient\release2.2\dlgloginother.obj
e:\compilacoes-pw-2024\cliente\element2_2\celementclient\release2.2\dlgloginpage.obj
e:\compilacoes-pw-2024\cliente\element2_2\celementclient\release2.2\dlgloginqueue.obj
e:\compilacoes-pw-2024\cliente\element2_2\celementclient\release2.2\dlgloginreward.obj
e:\compilacoes-pw-2024\cliente\element2_2\celementclient\release2.2\dlgloginserverlist.obj
e:\compilacoes-pw-2024\cliente\element2_2\celementclient\release2.2\dlgloginversion.obj
e:\compilacoes-pw-2024\cliente\element2_2\celementclient\release2.2\dlgmaillist.obj
e:\compilacoes-pw-2024\cliente\element2_2\celementclient\release2.2\dlgmailoption.obj
e:\compilacoes-pw-2024\cliente\element2_2\celementclient\release2.2\dlgmailread.obj
e:\compilacoes-pw-2024\cliente\element2_2\celementclient\release2.2\dlgmailtofriends.obj
e:\compilacoes-pw-2024\cliente\element2_2\celementclient\release2.2\dlgmailtofriendsremind.obj
e:\compilacoes-pw-2024\cliente\element2_2\celementclient\release2.2\dlgmailwrite.obj
e:\compilacoes-pw-2024\cliente\element2_2\celementclient\release2.2\dlgmatchprofile.obj
e:\compilacoes-pw-2024\cliente\element2_2\celementclient\release2.2\dlgmatchresult.obj
e:\compilacoes-pw-2024\cliente\element2_2\celementclient\release2.2\dlgmeridians.obj
e:\compilacoes-pw-2024\cliente\element2_2\celementclient\release2.2\dlgmeridiansimpact.obj
e:\compilacoes-pw-2024\cliente\element2_2\celementclient\release2.2\dlgmessagebox.obj
e:\compilacoes-pw-2024\cliente\element2_2\celementclient\release2.2\dlgminimap.obj
e:\compilacoes-pw-2024\cliente\element2_2\celementclient\release2.2\dlgminimizebar.obj
e:\compilacoes-pw-2024\cliente\element2_2\celementclient\release2.2\dlgmonsterspirit.obj
e:\compilacoes-pw-2024\cliente\element2_2\celementclient\release2.2\dlgnamelink.obj
e:\compilacoes-pw-2024\cliente\element2_2\celementclient\release2.2\dlgnewtransportation.obj
e:\compilacoes-pw-2024\cliente\element2_2\celementclient\release2.2\dlgnpc.obj
e:\compilacoes-pw-2024\cliente\element2_2\celementclient\release2.2\dlgofflineshopcreate.obj
e:\compilacoes-pw-2024\cliente\element2_2\celementclient\release2.2\dlgofflineshopitemslist.obj
e:\compilacoes-pw-2024\cliente\element2_2\celementclient\release2.2\dlgofflineshoplist.obj
e:\compilacoes-pw-2024\cliente\element2_2\celementclient\release2.2\dlgofflineshopselfsetting.obj
e:\compilacoes-pw-2024\cliente\element2_2\celementclient\release2.2\dlgofflineshopstore.obj
e:\compilacoes-pw-2024\cliente\element2_2\celementclient\release2.2\dlgonlineaward.obj
e:\compilacoes-pw-2024\cliente\element2_2\celementclient\release2.2\dlgopenchest.obj
e:\compilacoes-pw-2024\cliente\element2_2\celementclient\release2.2\dlgoptimizebase.obj
e:\compilacoes-pw-2024\cliente\element2_2\celementclient\release2.2\dlgoptimizefunc.obj
e:\compilacoes-pw-2024\cliente\element2_2\celementclient\release2.2\dlgoptimizegfx.obj
e:\compilacoes-pw-2024\cliente\element2_2\celementclient\release2.2\dlgoptimizemem.obj
e:\compilacoes-pw-2024\cliente\element2_2\celementclient\release2.2\dlgoptimizeos.obj
e:\compilacoes-pw-2024\cliente\element2_2\celementclient\release2.2\dlgpalette.obj
e:\compilacoes-pw-2024\cliente\element2_2\celementclient\release2.2\dlgpalette2.obj
e:\compilacoes-pw-2024\cliente\element2_2\celementclient\release2.2\dlgpalettebase.obj
e:\compilacoes-pw-2024\cliente\element2_2\celementclient\release2.2\dlgpetdetail.obj
e:\compilacoes-pw-2024\cliente\element2_2\celementclient\release2.2\dlgpetdye.obj
e:\compilacoes-pw-2024\cliente\element2_2\celementclient\release2.2\dlgpetevolution.obj
e:\compilacoes-pw-2024\cliente\element2_2\celementclient\release2.2\dlgpetevolutionanim.obj
e:\compilacoes-pw-2024\cliente\element2_2\celementclient\release2.2\dlgpetfittingroom.obj
e:\compilacoes-pw-2024\cliente\element2_2\celementclient\release2.2\dlgpethatch.obj
e:\compilacoes-pw-2024\cliente\element2_2\celementclient\release2.2\dlgpetlist.obj
e:\compilacoes-pw-2024\cliente\element2_2\celementclient\release2.2\dlgpetnature.obj
e:\compilacoes-pw-2024\cliente\element2_2\celementclient\release2.2\dlgpetrec.obj
e:\compilacoes-pw-2024\cliente\element2_2\celementclient\release2.2\dlgpetrename.obj
e:\compilacoes-pw-2024\cliente\element2_2\celementclient\release2.2\dlgpetretrain.obj
e:\compilacoes-pw-2024\cliente\element2_2\celementclient\release2.2\dlgpksetting.obj
e:\compilacoes-pw-2024\cliente\element2_2\celementclient\release2.2\dlgplantpet.obj
e:\compilacoes-pw-2024\cliente\element2_2\celementclient\release2.2\dlgplayerrename.obj
e:\compilacoes-pw-2024\cliente\element2_2\celementclient\release2.2\dlgpopmsg.obj
e:\compilacoes-pw-2024\cliente\element2_2\celementclient\release2.2\dlgpq.obj
e:\compilacoes-pw-2024\cliente\element2_2\celementclient\release2.2\dlgpreviewpetrebuild.obj
e:\compilacoes-pw-2024\cliente\element2_2\celementclient\release2.2\dlgpreviewproduce.obj
e:\compilacoes-pw-2024\cliente\element2_2\celementclient\release2.2\dlgproclaim.obj
e:\compilacoes-pw-2024\cliente\element2_2\celementclient\release2.2\dlgproduce.obj
e:\compilacoes-pw-2024\cliente\element2_2\celementclient\release2.2\dlgprofview.obj
e:\compilacoes-pw-2024\cliente\element2_2\celementclient\release2.2\dlgpurecolorfashiontip.obj
e:\compilacoes-pw-2024\cliente\element2_2\celementclient\release2.2\dlgpwdhint.obj
e:\compilacoes-pw-2024\cliente\element2_2\celementclient\release2.2\dlgpwdprotect.obj
e:\compilacoes-pw-2024\cliente\element2_2\celementclient\release2.2\dlgqshop.obj
e:\compilacoes-pw-2024\cliente\element2_2\celementclient\release2.2\dlgqshopbuy.obj
e:\compilacoes-pw-2024\cliente\element2_2\celementclient\release2.2\dlgqshopitem.obj
e:\compilacoes-pw-2024\cliente\element2_2\celementclient\release2.2\dlgquestion.obj
e:\compilacoes-pw-2024\cliente\element2_2\celementclient\release2.2\dlgquestiontask.obj
e:\compilacoes-pw-2024\cliente\element2_2\celementclient\release2.2\dlgquickaction.obj
e:\compilacoes-pw-2024\cliente\element2_2\celementclient\release2.2\dlgquickbar.obj
e:\compilacoes-pw-2024\cliente\element2_2\celementclient\release2.2\dlgquickbarpet.obj
e:\compilacoes-pw-2024\cliente\element2_2\celementclient\release2.2\dlgquickbuybase.obj
e:\compilacoes-pw-2024\cliente\element2_2\celementclient\release2.2\dlgquickbuypop.obj
e:\compilacoes-pw-2024\cliente\element2_2\celementclient\release2.2\dlgquickpay.obj
e:\compilacoes-pw-2024\cliente\element2_2\celementclient\release2.2\dlgrandommap.obj
e:\compilacoes-pw-2024\cliente\element2_2\celementclient\release2.2\dlgrandprop.obj
e:\compilacoes-pw-2024\cliente\element2_2\celementclient\release2.2\dlgredspark.obj
e:\compilacoes-pw-2024\cliente\element2_2\celementclient\release2.2\dlgrefinetrans.obj
e:\compilacoes-pw-2024\cliente\element2_2\celementclient\release2.2\dlgreincarnation.obj
e:\compilacoes-pw-2024\cliente\element2_2\celementclient\release2.2\dlgreincarnationbook.obj
e:\compilacoes-pw-2024\cliente\element2_2\celementclient\release2.2\dlgreincarnationrewrite.obj
e:\compilacoes-pw-2024\cliente\element2_2\celementclient\release2.2\dlgreincarnationshow.obj
e:\compilacoes-pw-2024\cliente\element2_2\celementclient\release2.2\dlgreporttogm.obj
e:\compilacoes-pw-2024\cliente\element2_2\celementclient\release2.2\dlgresetprop.obj
e:\compilacoes-pw-2024\cliente\element2_2\celementclient\release2.2\dlgrevive.obj
e:\compilacoes-pw-2024\cliente\element2_2\celementclient\release2.2\dlgscripthelp.obj
e:\compilacoes-pw-2024\cliente\element2_2\celementclient\release2.2\dlgscripthelphistory.obj
e:\compilacoes-pw-2024\cliente\element2_2\celementclient\release2.2\dlgscripttip.obj
e:\compilacoes-pw-2024\cliente\element2_2\celementclient\release2.2\dlgselect.obj
e:\compilacoes-pw-2024\cliente\element2_2\celementclient\release2.2\dlgsetting.obj
e:\compilacoes-pw-2024\cliente\element2_2\celementclient\release2.2\dlgsettinggame.obj
e:\compilacoes-pw-2024\cliente\element2_2\celementclient\release2.2\dlgsettingquickkey.obj
e:\compilacoes-pw-2024\cliente\element2_2\celementclient\release2.2\dlgsettingscripthelp.obj
e:\compilacoes-pw-2024\cliente\element2_2\celementclient\release2.2\dlgsettingsystem.obj
e:\compilacoes-pw-2024\cliente\element2_2\celementclient\release2.2\dlgsettingvideo.obj
e:\compilacoes-pw-2024\cliente\element2_2\celementclient\release2.2\dlgshop.obj
e:\compilacoes-pw-2024\cliente\element2_2\celementclient\release2.2\dlgshopcart.obj
e:\compilacoes-pw-2024\cliente\element2_2\celementclient\release2.2\dlgshopcartsub.obj
e:\compilacoes-pw-2024\cliente\element2_2\celementclient\release2.2\dlgshopcartsublist.obj
e:\compilacoes-pw-2024\cliente\element2_2\celementclient\release2.2\dlgsignin.obj
e:\compilacoes-pw-2024\cliente\element2_2\celementclient\release2.2\dlgsimplecostitemservice.obj
e:\compilacoes-pw-2024\cliente\element2_2\celementclient\release2.2\dlgskill.obj
e:\compilacoes-pw-2024\cliente\element2_2\celementclient\release2.2\dlgskillaction.obj
e:\compilacoes-pw-2024\cliente\element2_2\celementclient\release2.2\dlgskilledit.obj
e:\compilacoes-pw-2024\cliente\element2_2\celementclient\release2.2\dlgskillsubaction.obj
e:\compilacoes-pw-2024\cliente\element2_2\celementclient\release2.2\dlgskillsublist.obj
e:\compilacoes-pw-2024\cliente\element2_2\celementclient\release2.2\dlgskillsublistitem.obj
e:\compilacoes-pw-2024\cliente\element2_2\celementclient\release2.2\dlgskillsublistrankitem.obj
e:\compilacoes-pw-2024\cliente\element2_2\celementclient\release2.2\dlgskillsubother.obj
e:\compilacoes-pw-2024\cliente\element2_2\celementclient\release2.2\dlgskillsubpool.obj
e:\compilacoes-pw-2024\cliente\element2_2\celementclient\release2.2\dlgskillsubtree.obj
e:\compilacoes-pw-2024\cliente\element2_2\celementclient\release2.2\dlgskilltree.obj
e:\compilacoes-pw-2024\cliente\element2_2\celementclient\release2.2\dlgsplit.obj
e:\compilacoes-pw-2024\cliente\element2_2\celementclient\release2.2\dlgstonechange.obj
e:\compilacoes-pw-2024\cliente\element2_2\celementclient\release2.2\dlgstonereplace.obj
e:\compilacoes-pw-2024\cliente\element2_2\celementclient\release2.2\dlgstonetransfer.obj
e:\compilacoes-pw-2024\cliente\element2_2\celementclient\release2.2\dlgstorage.obj
e:\compilacoes-pw-2024\cliente\element2_2\celementclient\release2.2\dlgstoragechangepw.obj
e:\compilacoes-pw-2024\cliente\element2_2\celementclient\release2.2\dlgstoragepw.obj
e:\compilacoes-pw-2024\cliente\element2_2\celementclient\release2.2\dlgsysmodulequickbar.obj
e:\compilacoes-pw-2024\cliente\element2_2\celementclient\release2.2\dlgsystem.obj
e:\compilacoes-pw-2024\cliente\element2_2\celementclient\release2.2\dlgsystem2.obj
e:\compilacoes-pw-2024\cliente\element2_2\celementclient\release2.2\dlgsystem3.obj
e:\compilacoes-pw-2024\cliente\element2_2\celementclient\release2.2\dlgtabsetting.obj
e:\compilacoes-pw-2024\cliente\element2_2\celementclient\release2.2\dlgtarget.obj
e:\compilacoes-pw-2024\cliente\element2_2\celementclient\release2.2\dlgtargetitem.obj
e:\compilacoes-pw-2024\cliente\element2_2\celementclient\release2.2\dlgtask.obj
e:\compilacoes-pw-2024\cliente\element2_2\celementclient\release2.2\dlgtaskconfirm.obj
e:\compilacoes-pw-2024\cliente\element2_2\celementclient\release2.2\dlgtasklist.obj
e:\compilacoes-pw-2024\cliente\element2_2\celementclient\release2.2\dlgtasktrace.obj
e:\compilacoes-pw-2024\cliente\element2_2\celementclient\release2.2\dlgteach.obj
e:\compilacoes-pw-2024\cliente\element2_2\celementclient\release2.2\dlgteamcontext.obj
e:\compilacoes-pw-2024\cliente\element2_2\celementclient\release2.2\dlgteammain.obj
e:\compilacoes-pw-2024\cliente\element2_2\celementclient\release2.2\dlgteammate.obj
e:\compilacoes-pw-2024\cliente\element2_2\celementclient\release2.2\dlgtexthelp.obj
e:\compilacoes-pw-2024\cliente\element2_2\celementclient\release2.2\dlgtheme.obj
e:\compilacoes-pw-2024\cliente\element2_2\celementclient\release2.2\dlgtitlebubble.obj
e:\compilacoes-pw-2024\cliente\element2_2\celementclient\release2.2\dlgtitlechallenge.obj
e:\compilacoes-pw-2024\cliente\element2_2\celementclient\release2.2\dlgtitlelist.obj
e:\compilacoes-pw-2024\cliente\element2_2\celementclient\release2.2\dlgtokenshop.obj
e:\compilacoes-pw-2024\cliente\element2_2\celementclient\release2.2\dlgtouchshop.obj
e:\compilacoes-pw-2024\cliente\element2_2\celementclient\release2.2\dlgtrade.obj
e:\compilacoes-pw-2024\cliente\element2_2\celementclient\release2.2\dlgtreasuremap.obj
e:\compilacoes-pw-2024\cliente\element2_2\celementclient\release2.2\dlgviewmodel.obj
e:\compilacoes-pw-2024\cliente\element2_2\celementclient\release2.2\dlgwartower.obj
e:\compilacoes-pw-2024\cliente\element2_2\celementclient\release2.2\dlgweblist.obj
e:\compilacoes-pw-2024\cliente\element2_2\celementclient\release2.2\dlgwebmyshop.obj
e:\compilacoes-pw-2024\cliente\element2_2\celementclient\release2.2\dlgwebroletrade.obj
e:\compilacoes-pw-2024\cliente\element2_2\celementclient\release2.2\dlgwebtradebase.obj
e:\compilacoes-pw-2024\cliente\element2_2\celementclient\release2.2\dlgwebtradeinfo.obj
e:\compilacoes-pw-2024\cliente\element2_2\celementclient\release2.2\dlgwebtradeoption.obj
e:\compilacoes-pw-2024\cliente\element2_2\celementclient\release2.2\dlgwebviewproduct.obj
e:\compilacoes-pw-2024\cliente\element2_2\celementclient\release2.2\dlgwedding.obj
e:\compilacoes-pw-2024\cliente\element2_2\celementclient\release2.2\dlgweddinginvite.obj
e:\compilacoes-pw-2024\cliente\element2_2\celementclient\release2.2\dlgwiki.obj
e:\compilacoes-pw-2024\cliente\element2_2\celementclient\release2.2\dlgwikiarealist.obj
e:\compilacoes-pw-2024\cliente\element2_2\celementclient\release2.2\dlgwikibase.obj
e:\compilacoes-pw-2024\cliente\element2_2\celementclient\release2.2\dlgwikibynamebase.obj
e:\compilacoes-pw-2024\cliente\element2_2\celementclient\release2.2\dlgwikiequipment.obj
e:\compilacoes-pw-2024\cliente\element2_2\celementclient\release2.2\dlgwikiequipmentdrop.obj
e:\compilacoes-pw-2024\cliente\element2_2\celementclient\release2.2\dlgwikifeature.obj
e:\compilacoes-pw-2024\cliente\element2_2\celementclient\release2.2\dlgwikiguide.obj
e:\compilacoes-pw-2024\cliente\element2_2\celementclient\release2.2\dlgwikiitem.obj
e:\compilacoes-pw-2024\cliente\element2_2\celementclient\release2.2\dlgwikiitemconfirm.obj
e:\compilacoes-pw-2024\cliente\element2_2\celementclient\release2.2\dlgwikiitemlistbase.obj
e:\compilacoes-pw-2024\cliente\element2_2\celementclient\release2.2\dlgwikimonster.obj
e:\compilacoes-pw-2024\cliente\element2_2\celementclient\release2.2\dlgwikimonsterdrop.obj
e:\compilacoes-pw-2024\cliente\element2_2\celementclient\release2.2\dlgwikimonsterlist.obj
e:\compilacoes-pw-2024\cliente\element2_2\celementclient\release2.2\dlgwikimonstertask.obj
e:\compilacoes-pw-2024\cliente\element2_2\celementclient\release2.2\dlgwikinpclist.obj
e:\compilacoes-pw-2024\cliente\element2_2\celementclient\release2.2\dlgwikirandomproperty.obj
e:\compilacoes-pw-2024\cliente\element2_2\celementclient\release2.2\dlgwikirecipe.obj
e:\compilacoes-pw-2024\cliente\element2_2\celementclient\release2.2\dlgwikirecipedetail.obj
e:\compilacoes-pw-2024\cliente\element2_2\celementclient\release2.2\dlgwikiskill.obj
e:\compilacoes-pw-2024\cliente\element2_2\celementclient\release2.2\dlgwikitask.obj
e:\compilacoes-pw-2024\cliente\element2_2\celementclient\release2.2\dlgwikitaskdetail.obj
e:\compilacoes-pw-2024\cliente\element2_2\celementclient\release2.2\dlgwikitasklist.obj
e:\compilacoes-pw-2024\cliente\element2_2\celementclient\release2.2\dlgworldmap.obj
e:\compilacoes-pw-2024\cliente\element2_2\celementclient\release2.2\ecparamlist.obj
e:\compilacoes-pw-2024\cliente\element2_2\celementclient\release2.2\ecscript.obj
e:\compilacoes-pw-2024\cliente\element2_2\celementclient\release2.2\ecscriptboolexp.obj
e:\compilacoes-pw-2024\cliente\element2_2\celementclient\release2.2\ecscriptcheckbase.obj
e:\compilacoes-pw-2024\cliente\element2_2\celementclient\release2.2\ecscriptcheckimp.obj
e:\compilacoes-pw-2024\cliente\element2_2\celementclient\release2.2\ecscriptcheckstate.obj
e:\compilacoes-pw-2024\cliente\element2_2\celementclient\release2.2\ecscriptcheckstateingame.obj
e:\compilacoes-pw-2024\cliente\element2_2\celementclient\release2.2\ecscriptcontext.obj
e:\compilacoes-pw-2024\cliente\element2_2\celementclient\release2.2\ecscriptcontroller.obj
e:\compilacoes-pw-2024\cliente\element2_2\celementclient\release2.2\ecscriptfunctionbase.obj
e:\compilacoes-pw-2024\cliente\element2_2\celementclient\release2.2\ecscriptfunctioningame.obj
e:\compilacoes-pw-2024\cliente\element2_2\celementclient\release2.2\ecscriptglobalresourceingame.obj
e:\compilacoes-pw-2024\cliente\element2_2\celementclient\release2.2\ecscriptman.obj
e:\compilacoes-pw-2024\cliente\element2_2\celementclient\release2.2\ecscriptmaningame.obj
e:\compilacoes-pw-2024\cliente\element2_2\celementclient\release2.2\ecscriptoption.obj
e:\compilacoes-pw-2024\cliente\element2_2\celementclient\release2.2\ecscriptoptioningame.obj
e:\compilacoes-pw-2024\cliente\element2_2\celementclient\release2.2\ecscripttipwork.obj
e:\compilacoes-pw-2024\cliente\element2_2\celementclient\release2.2\ecscripttipworkman.obj
e:\compilacoes-pw-2024\cliente\element2_2\celementclient\release2.2\ecscriptuiingame.obj
e:\compilacoes-pw-2024\cliente\element2_2\celementclient\release2.2\ecscriptunit.obj
e:\compilacoes-pw-2024\cliente\element2_2\celementclient\release2.2\ecscriptunitexecutor.obj
e:\compilacoes-pw-2024\cliente\element2_2\celementclient\release2.2\ec_actionswitcher.obj
e:\compilacoes-pw-2024\cliente\element2_2\celementclient\release2.2\ec_assuremove.obj
e:\compilacoes-pw-2024\cliente\element2_2\celementclient\release2.2\ec_autohomeinputfilter.obj
e:\compilacoes-pw-2024\cliente\element2_2\celementclient\release2.2\ec_autopolicy.obj
e:\compilacoes-pw-2024\cliente\element2_2\celementclient\release2.2\ec_autoteam.obj
e:\compilacoes-pw-2024\cliente\element2_2\celementclient\release2.2\ec_autoteamconfig.obj
e:\compilacoes-pw-2024\cliente\element2_2\celementclient\release2.2\ec_basecolor.obj
e:\compilacoes-pw-2024\cliente\element2_2\celementclient\release2.2\ec_baseuiman.obj
e:\compilacoes-pw-2024\cliente\element2_2\celementclient\release2.2\ec_bbsfiledownloader.obj
e:\compilacoes-pw-2024\cliente\element2_2\celementclient\release2.2\ec_bbspage.obj
e:\compilacoes-pw-2024\cliente\element2_2\celementclient\release2.2\ec_bbspagefile.obj
e:\compilacoes-pw-2024\cliente\element2_2\celementclient\release2.2\ec_bezier.obj
e:\compilacoes-pw-2024\cliente\element2_2\celementclient\release2.2\ec_brushman.obj
e:\compilacoes-pw-2024\cliente\element2_2\celementclient\release2.2\ec_c2scmdcache.obj
e:\compilacoes-pw-2024\cliente\element2_2\celementclient\release2.2\ec_cameractrl.obj
e:\compilacoes-pw-2024\cliente\element2_2\celementclient\release2.2\ec_castskillwhenmove.obj
e:\compilacoes-pw-2024\cliente\element2_2\celementclient\release2.2\ec_cdr.obj
e:\compilacoes-pw-2024\cliente\element2_2\celementclient\release2.2\ec_cds.obj
e:\compilacoes-pw-2024\cliente\element2_2\celementclient\release2.2\ec_changepill.obj
e:\compilacoes-pw-2024\cliente\element2_2\celementclient\release2.2\ec_clipboard.obj
e:\compilacoes-pw-2024\cliente\element2_2\celementclient\release2.2\ec_clockicon.obj
e:\compilacoes-pw-2024\cliente\element2_2\celementclient\release2.2\ec_comboskill.obj
e:\compilacoes-pw-2024\cliente\element2_2\celementclient\release2.2\ec_comboskillstate.obj
e:\compilacoes-pw-2024\cliente\element2_2\celementclient\release2.2\ec_commandline.obj
e:\compilacoes-pw-2024\cliente\element2_2\celementclient\release2.2\ec_computeraid.obj
e:\compilacoes-pw-2024\cliente\element2_2\celementclient\release2.2\ec_configs.obj
e:\compilacoes-pw-2024\cliente\element2_2\celementclient\release2.2\ec_continueload.obj
e:\compilacoes-pw-2024\cliente\element2_2\celementclient\release2.2\ec_controlloopanimation.obj
e:\compilacoes-pw-2024\cliente\element2_2\celementclient\release2.2\ec_countryconfig.obj
e:\compilacoes-pw-2024\cliente\element2_2\celementclient\release2.2\ec_crittergroup.obj
e:\compilacoes-pw-2024\cliente\element2_2\celementclient\release2.2\ec_crossserver.obj
e:\compilacoes-pw-2024\cliente\element2_2\celementclient\release2.2\ec_crossserverlist.obj
e:\compilacoes-pw-2024\cliente\element2_2\celementclient\release2.2\ec_customizebound.obj
e:\compilacoes-pw-2024\cliente\element2_2\celementclient\release2.2\ec_customizemgr.obj
e:\compilacoes-pw-2024\cliente\element2_2\celementclient\release2.2\ec_customizepolicy.obj
e:\compilacoes-pw-2024\cliente\element2_2\celementclient\release2.2\ec_dealinventory.obj
e:\compilacoes-pw-2024\cliente\element2_2\celementclient\release2.2\ec_decal.obj
e:\compilacoes-pw-2024\cliente\element2_2\celementclient\release2.2\ec_dlgcmdconsole.obj
e:\compilacoes-pw-2024\cliente\element2_2\celementclient\release2.2\ec_domainbase.obj
e:\compilacoes-pw-2024\cliente\element2_2\celementclient\release2.2\ec_domaincountry.obj
e:\compilacoes-pw-2024\cliente\element2_2\celementclient\release2.2\ec_domainguild.obj
e:\compilacoes-pw-2024\cliente\element2_2\celementclient\release2.2\ec_dragdrophelper.obj
e:\compilacoes-pw-2024\cliente\element2_2\celementclient\release2.2\ec_ease.obj
e:\compilacoes-pw-2024\cliente\element2_2\celementclient\release2.2\ec_elementdatahelper.obj
e:\compilacoes-pw-2024\cliente\element2_2\celementclient\release2.2\ec_elseplayer.obj
e:\compilacoes-pw-2024\cliente\element2_2\celementclient\release2.2\ec_epwork.obj
e:\compilacoes-pw-2024\cliente\element2_2\celementclient\release2.2\ec_face.obj
e:\compilacoes-pw-2024\cliente\element2_2\celementclient\release2.2\ec_faction.obj
e:\compilacoes-pw-2024\cliente\element2_2\celementclient\release2.2\ec_factionpvp.obj
e:\compilacoes-pw-2024\cliente\element2_2\celementclient\release2.2\ec_fashionmodel.obj
e:\compilacoes-pw-2024\cliente\element2_2\celementclient\release2.2\ec_fashionshop.obj
e:\compilacoes-pw-2024\cliente\element2_2\celementclient\release2.2\ec_forcemgr.obj
e:\compilacoes-pw-2024\cliente\element2_2\celementclient\release2.2\ec_friend.obj
e:\compilacoes-pw-2024\cliente\element2_2\celementclient\release2.2\ec_fullglowrender.obj
e:\compilacoes-pw-2024\cliente\element2_2\celementclient\release2.2\ec_game.obj
e:\compilacoes-pw-2024\cliente\element2_2\celementclient\release2.2\ec_gamedataprtc.obj
e:\compilacoes-pw-2024\cliente\element2_2\celementclient\release2.2\ec_gamerun.obj
e:\compilacoes-pw-2024\cliente\element2_2\celementclient\release2.2\ec_gamesession.obj
e:\compilacoes-pw-2024\cliente\element2_2\celementclient\release2.2\ec_gametalk.obj
e:\compilacoes-pw-2024\cliente\element2_2\celementclient\release2.2\ec_gameuiman.obj
e:\compilacoes-pw-2024\cliente\element2_2\celementclient\release2.2\ec_gameuimandlgs.obj
e:\compilacoes-pw-2024\cliente\element2_2\celementclient\release2.2\ec_gethostbyname.obj
e:\compilacoes-pw-2024\cliente\element2_2\celementclient\release2.2\ec_gfxcaster.obj
e:\compilacoes-pw-2024\cliente\element2_2\celementclient\release2.2\ec_ghostinputfilter.obj
e:\compilacoes-pw-2024\cliente\element2_2\celementclient\release2.2\ec_global.obj
e:\compilacoes-pw-2024\cliente\element2_2\celementclient\release2.2\ec_goblin.obj
e:\compilacoes-pw-2024\cliente\element2_2\celementclient\release2.2\ec_grassarea.obj
e:\compilacoes-pw-2024\cliente\element2_2\celementclient\release2.2\ec_guilddiplomacyreminder.obj
e:\compilacoes-pw-2024\cliente\element2_2\celementclient\release2.2\ec_homedlgsmgr.obj
e:\compilacoes-pw-2024\cliente\element2_2\celementclient\release2.2\ec_homeornament.obj
e:\compilacoes-pw-2024\cliente\element2_2\celementclient\release2.2\ec_hostcmd.obj
e:\compilacoes-pw-2024\cliente\element2_2\celementclient\release2.2\ec_hostgoblin.obj
e:\compilacoes-pw-2024\cliente\element2_2\celementclient\release2.2\ec_hostinputfilter.obj
e:\compilacoes-pw-2024\cliente\element2_2\celementclient\release2.2\ec_hostmove.obj
e:\compilacoes-pw-2024\cliente\element2_2\celementclient\release2.2\ec_hostmsg.obj
e:\compilacoes-pw-2024\cliente\element2_2\celementclient\release2.2\ec_hostplayer.obj
e:\compilacoes-pw-2024\cliente\element2_2\celementclient\release2.2\ec_hostskillmodel.obj
e:\compilacoes-pw-2024\cliente\element2_2\celementclient\release2.2\ec_hpwork.obj
e:\compilacoes-pw-2024\cliente\element2_2\celementclient\release2.2\ec_hpworkdead.obj
e:\compilacoes-pw-2024\cliente\element2_2\celementclient\release2.2\ec_hpworkfall.obj
e:\compilacoes-pw-2024\cliente\element2_2\celementclient\release2.2\ec_hpworkfly.obj
e:\compilacoes-pw-2024\cliente\element2_2\celementclient\release2.2\ec_hpworkfollow.obj
e:\compilacoes-pw-2024\cliente\element2_2\celementclient\release2.2\ec_hpworkforcenavigate.obj
e:\compilacoes-pw-2024\cliente\element2_2\celementclient\release2.2\ec_hpworkmelee.obj
e:\compilacoes-pw-2024\cliente\element2_2\celementclient\release2.2\ec_hpworkmove.obj
e:\compilacoes-pw-2024\cliente\element2_2\celementclient\release2.2\ec_hpworksit.obj
e:\compilacoes-pw-2024\cliente\element2_2\celementclient\release2.2\ec_hpworkspell.obj
e:\compilacoes-pw-2024\cliente\element2_2\celementclient\release2.2\ec_hpworkstand.obj
e:\compilacoes-pw-2024\cliente\element2_2\celementclient\release2.2\ec_hpworktrace.obj
e:\compilacoes-pw-2024\cliente\element2_2\celementclient\release2.2\ec_hpworkuse.obj
e:\compilacoes-pw-2024\cliente\element2_2\celementclient\release2.2\ec_imagedrawing.obj
e:\compilacoes-pw-2024\cliente\element2_2\celementclient\release2.2\ec_imageres.obj
e:\compilacoes-pw-2024\cliente\element2_2\celementclient\release2.2\ec_inputctrl.obj
e:\compilacoes-pw-2024\cliente\element2_2\celementclient\release2.2\ec_inputfilter.obj
e:\compilacoes-pw-2024\cliente\element2_2\celementclient\release2.2\ec_instance.obj
e:\compilacoes-pw-2024\cliente\element2_2\celementclient\release2.2\ec_instancereenter.obj
e:\compilacoes-pw-2024\cliente\element2_2\celementclient\release2.2\ec_intelligentroute.obj
e:\compilacoes-pw-2024\cliente\element2_2\celementclient\release2.2\ec_intelligentrouteutil.obj
e:\compilacoes-pw-2024\cliente\element2_2\celementclient\release2.2\ec_inventory.obj
e:\compilacoes-pw-2024\cliente\element2_2\celementclient\release2.2\ec_ivtrarmor.obj
e:\compilacoes-pw-2024\cliente\element2_2\celementclient\release2.2\ec_ivtrarrow.obj
e:\compilacoes-pw-2024\cliente\element2_2\celementclient\release2.2\ec_ivtrconsume.obj
e:\compilacoes-pw-2024\cliente\element2_2\celementclient\release2.2\ec_ivtrdecoration.obj
e:\compilacoes-pw-2024\cliente\element2_2\celementclient\release2.2\ec_ivtrdestroyingessence.obj
e:\compilacoes-pw-2024\cliente\element2_2\celementclient\release2.2\ec_ivtrequip.obj
e:\compilacoes-pw-2024\cliente\element2_2\celementclient\release2.2\ec_ivtrequipmatter.obj
e:\compilacoes-pw-2024\cliente\element2_2\celementclient\release2.2\ec_ivtrfashion.obj
e:\compilacoes-pw-2024\cliente\element2_2\celementclient\release2.2\ec_ivtrflysword.obj
e:\compilacoes-pw-2024\cliente\element2_2\celementclient\release2.2\ec_ivtrgoblin.obj
e:\compilacoes-pw-2024\cliente\element2_2\celementclient\release2.2\ec_ivtritem.obj
e:\compilacoes-pw-2024\cliente\element2_2\celementclient\release2.2\ec_ivtrmaterial.obj
e:\compilacoes-pw-2024\cliente\element2_2\celementclient\release2.2\ec_ivtrmoneyconvertible.obj
e:\compilacoes-pw-2024\cliente\element2_2\celementclient\release2.2\ec_ivtrpetitem.obj
e:\compilacoes-pw-2024\cliente\element2_2\celementclient\release2.2\ec_ivtrscroll.obj
e:\compilacoes-pw-2024\cliente\element2_2\celementclient\release2.2\ec_ivtrstone.obj
e:\compilacoes-pw-2024\cliente\element2_2\celementclient\release2.2\ec_ivtrtaskitem.obj
e:\compilacoes-pw-2024\cliente\element2_2\celementclient\release2.2\ec_ivtrweapon.obj
e:\compilacoes-pw-2024\cliente\element2_2\celementclient\release2.2\ec_loadprogress.obj
e:\compilacoes-pw-2024\cliente\element2_2\celementclient\release2.2\ec_logichelper.obj
e:\compilacoes-pw-2024\cliente\element2_2\celementclient\release2.2\ec_logincg.obj
e:\compilacoes-pw-2024\cliente\element2_2\celementclient\release2.2\ec_loginplayer.obj
e:\compilacoes-pw-2024\cliente\element2_2\celementclient\release2.2\ec_loginqueue.obj
e:\compilacoes-pw-2024\cliente\element2_2\celementclient\release2.2\ec_loginswitch.obj
e:\compilacoes-pw-2024\cliente\element2_2\celementclient\release2.2\ec_loginuiman.obj
e:\compilacoes-pw-2024\cliente\element2_2\celementclient\release2.2\ec_manager.obj
e:\compilacoes-pw-2024\cliente\element2_2\celementclient\release2.2\ec_manattacks.obj
e:\compilacoes-pw-2024\cliente\element2_2\celementclient\release2.2\ec_mandecal.obj
e:\compilacoes-pw-2024\cliente\element2_2\celementclient\release2.2\ec_manmatter.obj
e:\compilacoes-pw-2024\cliente\element2_2\celementclient\release2.2\ec_manmessage.obj
e:\compilacoes-pw-2024\cliente\element2_2\celementclient\release2.2\ec_mannpc.obj
e:\compilacoes-pw-2024\cliente\element2_2\celementclient\release2.2\ec_manornament.obj
e:\compilacoes-pw-2024\cliente\element2_2\celementclient\release2.2\ec_manplayer.obj
e:\compilacoes-pw-2024\cliente\element2_2\celementclient\release2.2\ec_manskillgfx.obj
e:\compilacoes-pw-2024\cliente\element2_2\celementclient\release2.2\ec_matter.obj
e:\compilacoes-pw-2024\cliente\element2_2\celementclient\release2.2\ec_mcdownload.obj
e:\compilacoes-pw-2024\cliente\element2_2\celementclient\release2.2\ec_memsimplify.obj
e:\compilacoes-pw-2024\cliente\element2_2\celementclient\release2.2\ec_meridians.obj
e:\compilacoes-pw-2024\cliente\element2_2\celementclient\release2.2\ec_monster.obj
e:\compilacoes-pw-2024\cliente\element2_2\celementclient\release2.2\ec_msgdef.obj
e:\compilacoes-pw-2024\cliente\element2_2\celementclient\release2.2\ec_npc.obj
e:\compilacoes-pw-2024\cliente\element2_2\celementclient\release2.2\ec_npcmodel.obj
e:\compilacoes-pw-2024\cliente\element2_2\celementclient\release2.2\ec_npcserver.obj
e:\compilacoes-pw-2024\cliente\element2_2\celementclient\release2.2\ec_object.obj
e:\compilacoes-pw-2024\cliente\element2_2\celementclient\release2.2\ec_offlineshopctrl.obj
e:\compilacoes-pw-2024\cliente\element2_2\celementclient\release2.2\ec_optimize.obj
e:\compilacoes-pw-2024\cliente\element2_2\celementclient\release2.2\ec_ornament.obj
e:\compilacoes-pw-2024\cliente\element2_2\celementclient\release2.2\ec_patetext.obj
e:\compilacoes-pw-2024\cliente\element2_2\celementclient\release2.2\ec_pendingaction.obj
e:\compilacoes-pw-2024\cliente\element2_2\celementclient\release2.2\ec_pet.obj
e:\compilacoes-pw-2024\cliente\element2_2\celementclient\release2.2\ec_petcorral.obj
e:\compilacoes-pw-2024\cliente\element2_2\celementclient\release2.2\ec_petwords.obj
e:\compilacoes-pw-2024\cliente\element2_2\celementclient\release2.2\ec_player.obj
e:\compilacoes-pw-2024\cliente\element2_2\celementclient\release2.2\ec_playeractioncontroller.obj
e:\compilacoes-pw-2024\cliente\element2_2\celementclient\release2.2\ec_playerapi.obj
e:\compilacoes-pw-2024\cliente\element2_2\celementclient\release2.2\ec_playerbodycontroller.obj
e:\compilacoes-pw-2024\cliente\element2_2\celementclient\release2.2\ec_playerclone.obj
e:\compilacoes-pw-2024\cliente\element2_2\celementclient\release2.2\ec_playerlevelrankrealmchangecheck.obj
e:\compilacoes-pw-2024\cliente\element2_2\celementclient\release2.2\ec_playerwrapper.obj
e:\compilacoes-pw-2024\cliente\element2_2\celementclient\release2.2\ec_policyaction.obj
e:\compilacoes-pw-2024\cliente\element2_2\celementclient\release2.2\ec_portraitrender.obj
e:\compilacoes-pw-2024\cliente\element2_2\celementclient\release2.2\ec_profconfigs.obj
e:\compilacoes-pw-2024\cliente\element2_2\celementclient\release2.2\ec_profdisplay.obj
e:\compilacoes-pw-2024\cliente\element2_2\celementclient\release2.2\ec_profile.obj
e:\compilacoes-pw-2024\cliente\element2_2\celementclient\release2.2\ec_protocoldebug.obj
e:\compilacoes-pw-2024\cliente\element2_2\celementclient\release2.2\ec_prtcproc.obj
e:\compilacoes-pw-2024\cliente\element2_2\celementclient\release2.2\ec_quickbuyactivity.obj
e:\compilacoes-pw-2024\cliente\element2_2\celementclient\release2.2\ec_quickbuypopman.obj
e:\compilacoes-pw-2024\cliente\element2_2\celementclient\release2.2\ec_quickbuypoppolicy.obj
e:\compilacoes-pw-2024\cliente\element2_2\celementclient\release2.2\ec_quickbuysavelife.obj
e:\compilacoes-pw-2024\cliente\element2_2\celementclient\release2.2\ec_randmallshopping.obj
e:\compilacoes-pw-2024\cliente\element2_2\celementclient\release2.2\ec_randommappreprocessor.obj
e:\compilacoes-pw-2024\cliente\element2_2\celementclient\release2.2\ec_reconnect.obj
e:\compilacoes-pw-2024\cliente\element2_2\celementclient\release2.2\ec_recordaccount.obj
e:\compilacoes-pw-2024\cliente\element2_2\celementclient\release2.2\ec_resource.obj
e:\compilacoes-pw-2024\cliente\element2_2\celementclient\release2.2\ec_rewushader.obj
e:\compilacoes-pw-2024\cliente\element2_2\celementclient\release2.2\ec_rtdebug.obj
e:\compilacoes-pw-2024\cliente\element2_2\celementclient\release2.2\ec_scene.obj
e:\compilacoes-pw-2024\cliente\element2_2\celementclient\release2.2\ec_sceneblock.obj
e:\compilacoes-pw-2024\cliente\element2_2\celementclient\release2.2\ec_scenecheck.obj
e:\compilacoes-pw-2024\cliente\element2_2\celementclient\release2.2\ec_scenelights.obj
e:\compilacoes-pw-2024\cliente\element2_2\celementclient\release2.2\ec_sceneloader.obj
e:\compilacoes-pw-2024\cliente\element2_2\celementclient\release2.2\ec_scnboxarea.obj
e:\compilacoes-pw-2024\cliente\element2_2\celementclient\release2.2\ec_screeneffect.obj
e:\compilacoes-pw-2024\cliente\element2_2\celementclient\release2.2\ec_sendc2scmds.obj
e:\compilacoes-pw-2024\cliente\element2_2\celementclient\release2.2\ec_serverlist.obj
e:\compilacoes-pw-2024\cliente\element2_2\celementclient\release2.2\ec_serversimulate.obj
e:\compilacoes-pw-2024\cliente\element2_2\celementclient\release2.2\ec_shadowrender.obj
e:\compilacoes-pw-2024\cliente\element2_2\celementclient\release2.2\ec_shakecamera.obj
e:\compilacoes-pw-2024\cliente\element2_2\celementclient\release2.2\ec_shop.obj
e:\compilacoes-pw-2024\cliente\element2_2\celementclient\release2.2\ec_shoppingcart.obj
e:\compilacoes-pw-2024\cliente\element2_2\celementclient\release2.2\ec_shoppingcartchecker.obj
e:\compilacoes-pw-2024\cliente\element2_2\celementclient\release2.2\ec_shoppingcontroller.obj
e:\compilacoes-pw-2024\cliente\element2_2\celementclient\release2.2\ec_shoppingitemsmover.obj
e:\compilacoes-pw-2024\cliente\element2_2\celementclient\release2.2\ec_shoppingmanager.obj
e:\compilacoes-pw-2024\cliente\element2_2\celementclient\release2.2\ec_shopsearch.obj
e:\compilacoes-pw-2024\cliente\element2_2\celementclient\release2.2\ec_shortcut.obj
e:\compilacoes-pw-2024\cliente\element2_2\celementclient\release2.2\ec_shortcutmgr.obj
e:\compilacoes-pw-2024\cliente\element2_2\celementclient\release2.2\ec_shortcutset.obj
e:\compilacoes-pw-2024\cliente\element2_2\celementclient\release2.2\ec_skill.obj
e:\compilacoes-pw-2024\cliente\element2_2\celementclient\release2.2\ec_skillconvert.obj
e:\compilacoes-pw-2024\cliente\element2_2\celementclient\release2.2\ec_skincache.obj
e:\compilacoes-pw-2024\cliente\element2_2\celementclient\release2.2\ec_soundcache.obj
e:\compilacoes-pw-2024\cliente\element2_2\celementclient\release2.2\ec_split.obj
e:\compilacoes-pw-2024\cliente\element2_2\celementclient\release2.2\ec_sprite.obj
e:\compilacoes-pw-2024\cliente\element2_2\celementclient\release2.2\ec_stringtab.obj
e:\compilacoes-pw-2024\cliente\element2_2\celementclient\release2.2\ec_stubbornnetsender.obj
e:\compilacoes-pw-2024\cliente\element2_2\celementclient\release2.2\ec_sunmoon.obj
e:\compilacoes-pw-2024\cliente\element2_2\celementclient\release2.2\ec_taoistrank.obj
e:\compilacoes-pw-2024\cliente\element2_2\celementclient\release2.2\ec_taskinterface.obj
e:\compilacoes-pw-2024\cliente\element2_2\celementclient\release2.2\ec_team.obj
e:\compilacoes-pw-2024\cliente\element2_2\celementclient\release2.2\ec_teamman.obj
e:\compilacoes-pw-2024\cliente\element2_2\celementclient\release2.2\ec_time.obj
e:\compilacoes-pw-2024\cliente\element2_2\celementclient\release2.2\ec_timesafechecker.obj
e:\compilacoes-pw-2024\cliente\element2_2\celementclient\release2.2\ec_triangleman.obj
e:\compilacoes-pw-2024\cliente\element2_2\celementclient\release2.2\ec_uianimation.obj
e:\compilacoes-pw-2024\cliente\element2_2\celementclient\release2.2\ec_uiconfigs.obj
e:\compilacoes-pw-2024\cliente\element2_2\celementclient\release2.2\ec_uihelper.obj
e:\compilacoes-pw-2024\cliente\element2_2\celementclient\release2.2\ec_uimanager.obj
e:\compilacoes-pw-2024\cliente\element2_2\celementclient\release2.2\ec_universaltokenvisithttpcommand.obj
e:\compilacoes-pw-2024\cliente\element2_2\celementclient\release2.2\ec_urlosnavigator.obj
e:\compilacoes-pw-2024\cliente\element2_2\celementclient\release2.2\ec_useuniversaltoken.obj
e:\compilacoes-pw-2024\cliente\element2_2\celementclient\release2.2\ec_utility.obj
e:\compilacoes-pw-2024\cliente\element2_2\celementclient\release2.2\ec_viewport.obj
e:\compilacoes-pw-2024\cliente\element2_2\celementclient\release2.2\ec_winapi.obj
e:\compilacoes-pw-2024\cliente\element2_2\celementclient\release2.2\ec_world.obj
e:\compilacoes-pw-2024\cliente\element2_2\celementclient\release2.2\elementclient.obj
e:\compilacoes-pw-2024\cliente\element2_2\celementclient\release2.2\elementdataman.obj
e:\compilacoes-pw-2024\cliente\element2_2\celementclient\release2.2\eloutlinequadtree.obj
e:\compilacoes-pw-2024\cliente\element2_2\celementclient\release2.2\eloutlinetexture.obj
e:\compilacoes-pw-2024\cliente\element2_2\celementclient\release2.2\elterrainoutline2.obj
e:\compilacoes-pw-2024\cliente\element2_2\celementclient\release2.2\el_archive.obj
e:\compilacoes-pw-2024\cliente\element2_2\celementclient\release2.2\el_backmusic.obj
e:\compilacoes-pw-2024\cliente\element2_2\celementclient\release2.2\el_brushbuilding.obj
e:\compilacoes-pw-2024\cliente\element2_2\celementclient\release2.2\el_building.obj
e:\compilacoes-pw-2024\cliente\element2_2\celementclient\release2.2\el_buildingwithbrush.obj
e:\compilacoes-pw-2024\cliente\element2_2\celementclient\release2.2\el_cloud.obj
e:\compilacoes-pw-2024\cliente\element2_2\celementclient\release2.2\el_cloudmanager.obj
e:\compilacoes-pw-2024\cliente\element2_2\celementclient\release2.2\el_cloudsprite.obj
e:\compilacoes-pw-2024\cliente\element2_2\celementclient\release2.2\el_forest.obj
e:\compilacoes-pw-2024\cliente\element2_2\celementclient\release2.2\el_grassland.obj
e:\compilacoes-pw-2024\cliente\element2_2\celementclient\release2.2\el_grasstype.obj
e:\compilacoes-pw-2024\cliente\element2_2\celementclient\release2.2\el_precinct.obj
e:\compilacoes-pw-2024\cliente\element2_2\celementclient\release2.2\el_randommapinfo.obj
e:\compilacoes-pw-2024\cliente\element2_2\celementclient\release2.2\el_region.obj
e:\compilacoes-pw-2024\cliente\element2_2\celementclient\release2.2\el_tree.obj
e:\compilacoes-pw-2024\cliente\element2_2\celementclient\release2.2\enumwin32pro.obj
e:\compilacoes-pw-2024\cliente\element2_2\celementclient\release2.2\expression.obj
e:\compilacoes-pw-2024\cliente\element2_2\celementclient\release2.2\faceanimation.obj
e:\compilacoes-pw-2024\cliente\element2_2\celementclient\release2.2\facebone.obj
e:\compilacoes-pw-2024\cliente\element2_2\celementclient\release2.2\facebonecontroller.obj
e:\compilacoes-pw-2024\cliente\element2_2\celementclient\release2.2\gameclient.obj
e:\compilacoes-pw-2024\cliente\element2_2\celementclient\release2.2\globaldataman.obj
e:\compilacoes-pw-2024\cliente\element2_2\celementclient\release2.2\gmcdatabase.obj
e:\compilacoes-pw-2024\cliente\element2_2\celementclient\release2.2\gmcdbman.obj
e:\compilacoes-pw-2024\cliente\element2_2\celementclient\release2.2\gmcommandfactory.obj
e:\compilacoes-pw-2024\cliente\element2_2\celementclient\release2.2\gmcommandingame.obj
e:\compilacoes-pw-2024\cliente\element2_2\celementclient\release2.2\gmcommandlistbox.obj
e:\compilacoes-pw-2024\cliente\element2_2\celementclient\release2.2\gnstatic.obj
e:\compilacoes-pw-2024\cliente\element2_2\celementclient\release2.2\gt_overlay.obj
e:\compilacoes-pw-2024\cliente\element2_2\celementclient\release2.2\gt_overlay_implement.obj
e:\compilacoes-pw-2024\cliente\element2_2\celementclient\release2.2\hometerrain.obj
e:\compilacoes-pw-2024\cliente\element2_2\celementclient\release2.2\hometrnmask.obj
e:\compilacoes-pw-2024\cliente\element2_2\celementclient\release2.2\imagechecker.obj
e:\compilacoes-pw-2024\cliente\element2_2\celementclient\release2.2\itemdataman.obj
e:\compilacoes-pw-2024\cliente\element2_2\celementclient\release2.2\luabind.obj
e:\compilacoes-pw-2024\cliente\element2_2\celementclient\release2.2\mouse.obj
e:\compilacoes-pw-2024\cliente\element2_2\celementclient\release2.2\msgtransfun.obj
e:\compilacoes-pw-2024\cliente\element2_2\celementclient\release2.2\param.obj
e:\compilacoes-pw-2024\cliente\element2_2\celementclient\release2.2\perlinnoise2d.obj
e:\compilacoes-pw-2024\cliente\element2_2\celementclient\release2.2\polygonmountain.obj
e:\compilacoes-pw-2024\cliente\element2_2\celementclient\release2.2\predefinedgmhelpmsg.obj
e:\compilacoes-pw-2024\cliente\element2_2\celementclient\release2.2\process.obj
e:\compilacoes-pw-2024\cliente\element2_2\celementclient\release2.2\pwacp.obj
e:\compilacoes-pw-2024\cliente\element2_2\celementclient\release2.2\pwbrowser.obj
e:\compilacoes-pw-2024\cliente\element2_2\celementclient\release2.2\qqclient.obj
e:\compilacoes-pw-2024\cliente\element2_2\celementclient\release2.2\render.obj
e:\compilacoes-pw-2024\cliente\element2_2\celementclient\release2.2\replaceapi.obj
e:\compilacoes-pw-2024\cliente\element2_2\celementclient\release2.2\sdbmisc.obj
e:\compilacoes-pw-2024\cliente\element2_2\celementclient\release2.2\sha256.obj
e:\compilacoes-pw-2024\cliente\element2_2\celementclient\release2.2\socket_helper.obj
e:\compilacoes-pw-2024\cliente\element2_2\celementclient\release2.2\softgouraud.obj
e:\compilacoes-pw-2024\cliente\element2_2\celementclient\release2.2\stackchecker.obj
e:\compilacoes-pw-2024\cliente\element2_2\celementclient\release2.2\stackinfocollection.obj
e:\compilacoes-pw-2024\cliente\element2_2\celementclient\release2.2\state.obj
e:\compilacoes-pw-2024\cliente\element2_2\celementclient\release2.2\stubs.obj
e:\compilacoes-pw-2024\cliente\element2_2\celementclient\release2.2\taskclient.obj
e:\compilacoes-pw-2024\cliente\element2_2\celementclient\release2.2\taskexpanalyser.obj
e:\compilacoes-pw-2024\cliente\element2_2\celementclient\release2.2\taskprocess.obj
e:\compilacoes-pw-2024\cliente\element2_2\celementclient\release2.2\tasktempl.obj
e:\compilacoes-pw-2024\cliente\element2_2\celementclient\release2.2\tasktemplman.obj
e:\compilacoes-pw-2024\cliente\element2_2\celementclient\release2.2\terrainwater.obj
e:\compilacoes-pw-2024\cliente\element2_2\celementclient\release2.2\tracer.obj
e:\compilacoes-pw-2024\cliente\element2_2\celementclient\release2.2\vector_string.obj
e:\compilacoes-pw-2024\cliente\element2_2\celementclient\release2.2\wikidatareader.obj
e:\compilacoes-pw-2024\cliente\element2_2\celementclient\release2.2\wikientity.obj
e:\compilacoes-pw-2024\cliente\element2_2\celementclient\release2.2\wikiequipmentprop.obj
e:\compilacoes-pw-2024\cliente\element2_2\celementclient\release2.2\wikiguidedata.obj
e:\compilacoes-pw-2024\cliente\element2_2\celementclient\release2.2\wikiitemprop.obj
e:\compilacoes-pw-2024\cliente\element2_2\celementclient\release2.2\wikisearchcommand.obj
e:\compilacoes-pw-2024\cliente\element2_2\celementclient\release2.2\wikisearcher.obj
e:\compilacoes-pw-2024\cliente\element2_2\celementclient\release2.2\wikisearchnpc.obj
e:\compilacoes-pw-2024\cliente\element2_2\celementclient\release2.2\wikisearchtask.obj
e:\compilacoes-pw-2024\cliente\element2_2\celementclient\release2.2\elementclient.exe.intermediate.manifest
e:\compilacoes-pw-2024\cliente\element2_2\celementclient\release2.2\elementclient_2_2.exe.intermediate.manifest
e:\compilacoes-pw-2024\cliente\element2_2\celementclient\release2.2\elementclient.res
e:\compilacoes-pw-2024\cliente\element2_2\celementclient\release2.2\vc80.idb
