e:\compilacoes-pw-2024\cliente\element2_2\libraries\strmbase\debug\outputq.obj
e:\compilacoes-pw-2024\cliente\element2_2\libraries\strmbase\debug\pstream.obj
e:\compilacoes-pw-2024\cliente\element2_2\libraries\strmbase\debug\wxlist.obj
e:\compilacoes-pw-2024\cliente\element2_2\libraries\strmbase\debug\amvideo.obj
e:\compilacoes-pw-2024\cliente\element2_2\libraries\strmbase\debug\refclock.obj
e:\compilacoes-pw-2024\cliente\element2_2\libraries\strmbase\debug\videoctl.obj
e:\compilacoes-pw-2024\cliente\element2_2\libraries\strmbase\debug\combase.obj
e:\compilacoes-pw-2024\cliente\element2_2\libraries\strmbase\debug\pullpin.obj
e:\compilacoes-pw-2024\cliente\element2_2\libraries\strmbase\debug\winctrl.obj
e:\compilacoes-pw-2024\cliente\element2_2\libraries\strmbase\debug\amextra.obj
e:\compilacoes-pw-2024\cliente\element2_2\libraries\strmbase\debug\source.obj
e:\compilacoes-pw-2024\cliente\element2_2\libraries\strmbase\debug\winutil.obj
e:\compilacoes-pw-2024\cliente\element2_2\libraries\strmbase\debug\dllentry.obj
e:\compilacoes-pw-2024\cliente\element2_2\libraries\strmbase\debug\sysclock.obj
e:\compilacoes-pw-2024\cliente\element2_2\libraries\strmbase\debug\dllsetup.obj
e:\compilacoes-pw-2024\cliente\element2_2\libraries\strmbase\debug\strmctl.obj
e:\compilacoes-pw-2024\cliente\element2_2\libraries\strmbase\debug\amfilter.obj
e:\compilacoes-pw-2024\cliente\element2_2\libraries\strmbase\debug\transip.obj
e:\compilacoes-pw-2024\cliente\element2_2\libraries\strmbase\debug\mtype.obj
e:\compilacoes-pw-2024\cliente\element2_2\libraries\strmbase\debug\schedule.obj
e:\compilacoes-pw-2024\cliente\element2_2\libraries\strmbase\debug\vtrans.obj
e:\compilacoes-pw-2024\cliente\element2_2\libraries\strmbase\debug\arithutil.obj
e:\compilacoes-pw-2024\cliente\element2_2\libraries\strmbase\debug\seekpt.obj
e:\compilacoes-pw-2024\cliente\element2_2\libraries\strmbase\debug\wxdebug.obj
e:\compilacoes-pw-2024\cliente\element2_2\libraries\strmbase\debug\ctlutil.obj
e:\compilacoes-pw-2024\cliente\element2_2\libraries\strmbase\debug\transfrm.obj
e:\compilacoes-pw-2024\cliente\element2_2\libraries\strmbase\debug\cprop.obj
e:\compilacoes-pw-2024\cliente\element2_2\libraries\strmbase\debug\renbase.obj
e:\compilacoes-pw-2024\cliente\element2_2\libraries\strmbase\debug\wxutil.obj
e:\compilacoes-pw-2024\cliente\element2_2\libraries\strmbase\debug\ddmm.obj
e:\compilacoes-pw-2024\cliente\element2_2\libraries\strmbase\debug\perflog.obj
e:\compilacoes-pw-2024\cliente\element2_2\libraries\strmbase\debug\strmbase.pdb
e:\compilacoes-pw-2024\cliente\element2_2\output\lib\strmbase_d.lib
e:\compilacoes-pw-2024\cliente\element2_2\libraries\strmbase\debug\strmbase.idb
e:\compilacoes-pw-2024\cliente\element2_2\libraries\strmbase\debug\strmbase.vcxproj.filelistabsolute.txt
e:\compilacoes-pw-2024\cliente\element2_2\libraries\strmbase\debug\strmbase.tlog\cl.11168.write.1.tlog
e:\compilacoes-pw-2024\cliente\element2_2\libraries\strmbase\debug\strmbase.tlog\cl.command.1.tlog
e:\compilacoes-pw-2024\cliente\element2_2\libraries\strmbase\debug\strmbase.tlog\cl.items.tlog
e:\compilacoes-pw-2024\cliente\element2_2\libraries\strmbase\debug\strmbase.tlog\cl.read.1.tlog
e:\compilacoes-pw-2024\cliente\element2_2\libraries\strmbase\debug\strmbase.tlog\lib-link.read.1.tlog
e:\compilacoes-pw-2024\cliente\element2_2\libraries\strmbase\debug\strmbase.tlog\lib-link.write.1.tlog
e:\compilacoes-pw-2024\cliente\element2_2\libraries\strmbase\debug\strmbase.tlog\lib.command.1.tlog
