e:\compilacoes-pw-2024\cliente\element2_2\common\gfxcommon2\debug\gfxcommon.bsc
e:\compilacoes-pw-2024\cliente\element2_2\common\gfxcommon2\debug\gfxcommon_noaudio.pch
e:\compilacoes-pw-2024\cliente\element2_2\common\gfxcommon2\debug\vc80.pdb
e:\compilacoes-pw-2024\cliente\element2_2\common\gfxcommon2\debug\vc80.idb
e:\compilacoes-pw-2024\cliente\element2_2\common\gfxcommon2\debug\stdafx.sbr
e:\compilacoes-pw-2024\cliente\element2_2\common\gfxcommon2\debug\stdafx.obj
e:\compilacoes-pw-2024\cliente\element2_2\common\gfxcommon2\debug\traillist.sbr
e:\compilacoes-pw-2024\cliente\element2_2\common\gfxcommon2\debug\randstringcontainer.sbr
e:\compilacoes-pw-2024\cliente\element2_2\common\gfxcommon2\debug\gfxrequestqueue.sbr
e:\compilacoes-pw-2024\cliente\element2_2\common\gfxcommon2\debug\gfxeditorutil.sbr
e:\compilacoes-pw-2024\cliente\element2_2\common\gfxcommon2\debug\fx_binding.sbr
e:\compilacoes-pw-2024\cliente\element2_2\common\gfxcommon2\debug\ec_modelshell.sbr
e:\compilacoes-pw-2024\cliente\element2_2\common\gfxcommon2\debug\ec_modelphys.sbr
e:\compilacoes-pw-2024\cliente\element2_2\common\gfxcommon2\debug\ec_modelman.sbr
e:\compilacoes-pw-2024\cliente\element2_2\common\gfxcommon2\debug\ec_modelluaapi.sbr
e:\compilacoes-pw-2024\cliente\element2_2\common\gfxcommon2\debug\ec_modellua.sbr
e:\compilacoes-pw-2024\cliente\element2_2\common\gfxcommon2\debug\ec_modelhook.sbr
e:\compilacoes-pw-2024\cliente\element2_2\common\gfxcommon2\debug\ec_modelblur.sbr
e:\compilacoes-pw-2024\cliente\element2_2\common\gfxcommon2\debug\ec_model.sbr
e:\compilacoes-pw-2024\cliente\element2_2\common\gfxcommon2\debug\ec_camerakeypoint.sbr
e:\compilacoes-pw-2024\cliente\element2_2\common\gfxcommon2\debug\criticalsectionwrapper.sbr
e:\compilacoes-pw-2024\cliente\element2_2\common\gfxcommon2\debug\base64.sbr
e:\compilacoes-pw-2024\cliente\element2_2\common\gfxcommon2\debug\a3dtrailex.sbr
e:\compilacoes-pw-2024\cliente\element2_2\common\gfxcommon2\debug\a3dtrail.sbr
e:\compilacoes-pw-2024\cliente\element2_2\common\gfxcommon2\debug\a3dskinphyssyncdata.sbr
e:\compilacoes-pw-2024\cliente\element2_2\common\gfxcommon2\debug\a3dskinphyssync.sbr
e:\compilacoes-pw-2024\cliente\element2_2\common\gfxcommon2\debug\a3dskinphyssync.obj
e:\compilacoes-pw-2024\cliente\element2_2\common\gfxcommon2\debug\a3dskinphyssyncdata.obj
e:\compilacoes-pw-2024\cliente\element2_2\common\gfxcommon2\debug\a3dtrail.obj
e:\compilacoes-pw-2024\cliente\element2_2\common\gfxcommon2\debug\a3dtrailex.obj
e:\compilacoes-pw-2024\cliente\element2_2\common\gfxcommon2\debug\base64.obj
e:\compilacoes-pw-2024\cliente\element2_2\common\gfxcommon2\debug\criticalsectionwrapper.obj
e:\compilacoes-pw-2024\cliente\element2_2\common\gfxcommon2\debug\ec_camerakeypoint.obj
e:\compilacoes-pw-2024\cliente\element2_2\common\gfxcommon2\debug\ec_model.obj
e:\compilacoes-pw-2024\cliente\element2_2\common\gfxcommon2\debug\ec_modelblur.obj
e:\compilacoes-pw-2024\cliente\element2_2\common\gfxcommon2\debug\ec_modelhook.obj
e:\compilacoes-pw-2024\cliente\element2_2\common\gfxcommon2\debug\ec_modellua.obj
e:\compilacoes-pw-2024\cliente\element2_2\common\gfxcommon2\debug\ec_modelluaapi.obj
e:\compilacoes-pw-2024\cliente\element2_2\common\gfxcommon2\debug\ec_modelman.obj
e:\compilacoes-pw-2024\cliente\element2_2\common\gfxcommon2\debug\ec_modelphys.obj
e:\compilacoes-pw-2024\cliente\element2_2\common\gfxcommon2\debug\ec_modelshell.obj
e:\compilacoes-pw-2024\cliente\element2_2\common\gfxcommon2\debug\fx_binding.obj
e:\compilacoes-pw-2024\cliente\element2_2\common\gfxcommon2\debug\gfxeditorutil.obj
e:\compilacoes-pw-2024\cliente\element2_2\common\gfxcommon2\debug\gfxrequestqueue.obj
e:\compilacoes-pw-2024\cliente\element2_2\common\gfxcommon2\debug\randstringcontainer.obj
e:\compilacoes-pw-2024\cliente\element2_2\common\gfxcommon2\debug\traillist.obj
e:\compilacoes-pw-2024\cliente\element2_2\common\gfxcommon2\debug\a3dskillgfxevent.sbr
e:\compilacoes-pw-2024\cliente\element2_2\common\gfxcommon2\debug\a3dskillgfxcomposer.sbr
e:\compilacoes-pw-2024\cliente\element2_2\common\gfxcommon2\debug\a3dskeletonemitter.sbr
e:\compilacoes-pw-2024\cliente\element2_2\common\gfxcommon2\debug\a3dribbon.sbr
e:\compilacoes-pw-2024\cliente\element2_2\common\gfxcommon2\debug\a3dpointemitter.sbr
e:\compilacoes-pw-2024\cliente\element2_2\common\gfxcommon2\debug\a3dphysrbcreator.sbr
e:\compilacoes-pw-2024\cliente\element2_2\common\gfxcommon2\debug\a3dphyspointemitter.sbr
e:\compilacoes-pw-2024\cliente\element2_2\common\gfxcommon2\debug\a3dphysfluidsyncdata.sbr
e:\compilacoes-pw-2024\cliente\element2_2\common\gfxcommon2\debug\a3dphysfluidemitter.sbr
e:\compilacoes-pw-2024\cliente\element2_2\common\gfxcommon2\debug\a3dphysemitter.sbr
e:\compilacoes-pw-2024\cliente\element2_2\common\gfxcommon2\debug\a3dphyselement.sbr
e:\compilacoes-pw-2024\cliente\element2_2\common\gfxcommon2\debug\a3dphysactor.sbr
e:\compilacoes-pw-2024\cliente\element2_2\common\gfxcommon2\debug\a3dparticlesystemex.sbr
e:\compilacoes-pw-2024\cliente\element2_2\common\gfxcommon2\debug\a3dparticleemitter.sbr
e:\compilacoes-pw-2024\cliente\element2_2\common\gfxcommon2\debug\a3dparaboloid.sbr
e:\compilacoes-pw-2024\cliente\element2_2\common\gfxcommon2\debug\a3dmultiplaneemitter.sbr
e:\compilacoes-pw-2024\cliente\element2_2\common\gfxcommon2\debug\a3dmodelsoftkeyframe.sbr
e:\compilacoes-pw-2024\cliente\element2_2\common\gfxcommon2\debug\a3dmodelphysics.sbr
e:\compilacoes-pw-2024\cliente\element2_2\common\gfxcommon2\debug\a3dmodelphyssyncdata.sbr
e:\compilacoes-pw-2024\cliente\element2_2\common\gfxcommon2\debug\a3dmodelphyssync.sbr
e:\compilacoes-pw-2024\cliente\element2_2\common\gfxcommon2\debug\a3dmodelphyssync.obj
e:\compilacoes-pw-2024\cliente\element2_2\common\gfxcommon2\debug\a3dmodelphyssyncdata.obj
e:\compilacoes-pw-2024\cliente\element2_2\common\gfxcommon2\debug\a3dmodelphysics.obj
e:\compilacoes-pw-2024\cliente\element2_2\common\gfxcommon2\debug\a3dmodelsoftkeyframe.obj
e:\compilacoes-pw-2024\cliente\element2_2\common\gfxcommon2\debug\a3dmultiplaneemitter.obj
e:\compilacoes-pw-2024\cliente\element2_2\common\gfxcommon2\debug\a3dparaboloid.obj
e:\compilacoes-pw-2024\cliente\element2_2\common\gfxcommon2\debug\a3dparticleemitter.obj
e:\compilacoes-pw-2024\cliente\element2_2\common\gfxcommon2\debug\a3dparticlesystemex.obj
e:\compilacoes-pw-2024\cliente\element2_2\common\gfxcommon2\debug\a3dphysactor.obj
e:\compilacoes-pw-2024\cliente\element2_2\common\gfxcommon2\debug\a3dphyselement.obj
e:\compilacoes-pw-2024\cliente\element2_2\common\gfxcommon2\debug\a3dphysemitter.obj
e:\compilacoes-pw-2024\cliente\element2_2\common\gfxcommon2\debug\a3dphysfluidemitter.obj
e:\compilacoes-pw-2024\cliente\element2_2\common\gfxcommon2\debug\a3dphysfluidsyncdata.obj
e:\compilacoes-pw-2024\cliente\element2_2\common\gfxcommon2\debug\a3dphyspointemitter.obj
e:\compilacoes-pw-2024\cliente\element2_2\common\gfxcommon2\debug\a3dphysrbcreator.obj
e:\compilacoes-pw-2024\cliente\element2_2\common\gfxcommon2\debug\a3dpointemitter.obj
e:\compilacoes-pw-2024\cliente\element2_2\common\gfxcommon2\debug\a3dribbon.obj
e:\compilacoes-pw-2024\cliente\element2_2\common\gfxcommon2\debug\a3dskeletonemitter.obj
e:\compilacoes-pw-2024\cliente\element2_2\common\gfxcommon2\debug\a3dskillgfxcomposer.obj
e:\compilacoes-pw-2024\cliente\element2_2\common\gfxcommon2\debug\a3dskillgfxevent.obj
e:\compilacoes-pw-2024\cliente\element2_2\common\gfxcommon2\debug\a3dltntrail.sbr
e:\compilacoes-pw-2024\cliente\element2_2\common\gfxcommon2\debug\a3dltnbolt.sbr
e:\compilacoes-pw-2024\cliente\element2_2\common\gfxcommon2\debug\a3dhlpixelshader.sbr
e:\compilacoes-pw-2024\cliente\element2_2\common\gfxcommon2\debug\a3dgriddecalex.sbr
e:\compilacoes-pw-2024\cliente\element2_2\common\gfxcommon2\debug\a3dgfxphysdataman.sbr
e:\compilacoes-pw-2024\cliente\element2_2\common\gfxcommon2\debug\a3dgfxtexman.sbr
e:\compilacoes-pw-2024\cliente\element2_2\common\gfxcommon2\debug\a3dgfxsurfacerender.sbr
e:\compilacoes-pw-2024\cliente\element2_2\common\gfxcommon2\debug\a3dgfxstreamman.sbr
e:\compilacoes-pw-2024\cliente\element2_2\common\gfxcommon2\debug\a3dgfxsoundimp.sbr
e:\compilacoes-pw-2024\cliente\element2_2\common\gfxcommon2\debug\a3dgfxsound.sbr
e:\compilacoes-pw-2024\cliente\element2_2\common\gfxcommon2\debug\a3dgfxshakecamera.sbr
e:\compilacoes-pw-2024\cliente\element2_2\common\gfxcommon2\debug\a3dgfxring.sbr
e:\compilacoes-pw-2024\cliente\element2_2\common\gfxcommon2\debug\a3dgfxrenderslot.sbr
e:\compilacoes-pw-2024\cliente\element2_2\common\gfxcommon2\debug\a3dgfxpifuncs.sbr
e:\compilacoes-pw-2024\cliente\element2_2\common\gfxcommon2\debug\a3dgfxmodelproxy.sbr
e:\compilacoes-pw-2024\cliente\element2_2\common\gfxcommon2\debug\a3dgfxmodelman.sbr
e:\compilacoes-pw-2024\cliente\element2_2\common\gfxcommon2\debug\a3dgfxmodel.sbr
e:\compilacoes-pw-2024\cliente\element2_2\common\gfxcommon2\debug\a3dgfxlightningex.sbr
e:\compilacoes-pw-2024\cliente\element2_2\common\gfxcommon2\debug\a3dgfxlightning.sbr
e:\compilacoes-pw-2024\cliente\element2_2\common\gfxcommon2\debug\a3dgfxlight.sbr
e:\compilacoes-pw-2024\cliente\element2_2\common\gfxcommon2\debug\a3dgfxlight.obj
e:\compilacoes-pw-2024\cliente\element2_2\common\gfxcommon2\debug\a3dgfxlightning.obj
e:\compilacoes-pw-2024\cliente\element2_2\common\gfxcommon2\debug\a3dgfxlightningex.obj
e:\compilacoes-pw-2024\cliente\element2_2\common\gfxcommon2\debug\a3dgfxmodel.obj
e:\compilacoes-pw-2024\cliente\element2_2\common\gfxcommon2\debug\a3dgfxmodelman.obj
e:\compilacoes-pw-2024\cliente\element2_2\common\gfxcommon2\debug\a3dgfxmodelproxy.obj
e:\compilacoes-pw-2024\cliente\element2_2\common\gfxcommon2\debug\a3dgfxpifuncs.obj
e:\compilacoes-pw-2024\cliente\element2_2\common\gfxcommon2\debug\a3dgfxrenderslot.obj
e:\compilacoes-pw-2024\cliente\element2_2\common\gfxcommon2\debug\a3dgfxring.obj
e:\compilacoes-pw-2024\cliente\element2_2\common\gfxcommon2\debug\a3dgfxshakecamera.obj
e:\compilacoes-pw-2024\cliente\element2_2\common\gfxcommon2\debug\a3dgfxsound.obj
e:\compilacoes-pw-2024\cliente\element2_2\common\gfxcommon2\debug\a3dgfxsoundimp.obj
e:\compilacoes-pw-2024\cliente\element2_2\common\gfxcommon2\debug\a3dgfxstreamman.obj
e:\compilacoes-pw-2024\cliente\element2_2\common\gfxcommon2\debug\a3dgfxsurfacerender.obj
e:\compilacoes-pw-2024\cliente\element2_2\common\gfxcommon2\debug\a3dgfxtexman.obj
e:\compilacoes-pw-2024\cliente\element2_2\common\gfxcommon2\debug\a3dgfxphysdataman.obj
e:\compilacoes-pw-2024\cliente\element2_2\common\gfxcommon2\debug\a3dgriddecalex.obj
e:\compilacoes-pw-2024\cliente\element2_2\common\gfxcommon2\debug\a3dhlpixelshader.obj
e:\compilacoes-pw-2024\cliente\element2_2\common\gfxcommon2\debug\a3dltnbolt.obj
e:\compilacoes-pw-2024\cliente\element2_2\common\gfxcommon2\debug\a3dltntrail.obj
e:\compilacoes-pw-2024\cliente\element2_2\common\gfxcommon2\debug\a3dgfxkeypoint.sbr
e:\compilacoes-pw-2024\cliente\element2_2\common\gfxcommon2\debug\a3dgfxinterface.sbr
e:\compilacoes-pw-2024\cliente\element2_2\common\gfxcommon2\debug\a3dgfxgridanimation.sbr
e:\compilacoes-pw-2024\cliente\element2_2\common\gfxcommon2\debug\a3dgfxfuncs.sbr
e:\compilacoes-pw-2024\cliente\element2_2\common\gfxcommon2\debug\a3dgfxfloatvaluetrans.sbr
e:\compilacoes-pw-2024\cliente\element2_2\common\gfxcommon2\debug\a3dgfxexman.sbr
e:\compilacoes-pw-2024\cliente\element2_2\common\gfxcommon2\debug\a3dgfxex.sbr
e:\compilacoes-pw-2024\cliente\element2_2\common\gfxcommon2\debug\a3dgfxelement.sbr
e:\compilacoes-pw-2024\cliente\element2_2\common\gfxcommon2\debug\a3dgfxeditorinterface.sbr
e:\compilacoes-pw-2024\cliente\element2_2\common\gfxcommon2\debug\a3dgfxecmodel.sbr
e:\compilacoes-pw-2024\cliente\element2_2\common\gfxcommon2\debug\a3dgfxecmloader.sbr
e:\compilacoes-pw-2024\cliente\element2_2\common\gfxcommon2\debug\a3dgfxcontainer.sbr
e:\compilacoes-pw-2024\cliente\element2_2\common\gfxcommon2\debug\a3dgfxanimable.sbr
e:\compilacoes-pw-2024\cliente\element2_2\common\gfxcommon2\debug\a3dellipsoidemitter.sbr
e:\compilacoes-pw-2024\cliente\element2_2\common\gfxcommon2\debug\a3ddecalex.sbr
e:\compilacoes-pw-2024\cliente\element2_2\common\gfxcommon2\debug\a3dcylinderemitter.sbr
e:\compilacoes-pw-2024\cliente\element2_2\common\gfxcommon2\debug\a3dcurveemitter.sbr
e:\compilacoes-pw-2024\cliente\element2_2\common\gfxcommon2\debug\a3dcombinedaction.sbr
e:\compilacoes-pw-2024\cliente\element2_2\common\gfxcommon2\debug\a3dcombactman.sbr
e:\compilacoes-pw-2024\cliente\element2_2\common\gfxcommon2\debug\a3dcombactdyndata.sbr
e:\compilacoes-pw-2024\cliente\element2_2\common\gfxcommon2\debug\a3dcombactdyndata.obj
e:\compilacoes-pw-2024\cliente\element2_2\common\gfxcommon2\debug\a3dcombactman.obj
e:\compilacoes-pw-2024\cliente\element2_2\common\gfxcommon2\debug\a3dcombinedaction.obj
e:\compilacoes-pw-2024\cliente\element2_2\common\gfxcommon2\debug\a3dcurveemitter.obj
e:\compilacoes-pw-2024\cliente\element2_2\common\gfxcommon2\debug\a3dcylinderemitter.obj
e:\compilacoes-pw-2024\cliente\element2_2\common\gfxcommon2\debug\a3ddecalex.obj
e:\compilacoes-pw-2024\cliente\element2_2\common\gfxcommon2\debug\a3dellipsoidemitter.obj
e:\compilacoes-pw-2024\cliente\element2_2\common\gfxcommon2\debug\a3dgfxanimable.obj
e:\compilacoes-pw-2024\cliente\element2_2\common\gfxcommon2\debug\a3dgfxcontainer.obj
e:\compilacoes-pw-2024\cliente\element2_2\common\gfxcommon2\debug\a3dgfxecmloader.obj
e:\compilacoes-pw-2024\cliente\element2_2\common\gfxcommon2\debug\a3dgfxecmodel.obj
e:\compilacoes-pw-2024\cliente\element2_2\common\gfxcommon2\debug\a3dgfxeditorinterface.obj
e:\compilacoes-pw-2024\cliente\element2_2\common\gfxcommon2\debug\a3dgfxelement.obj
e:\compilacoes-pw-2024\cliente\element2_2\common\gfxcommon2\debug\a3dgfxex.obj
e:\compilacoes-pw-2024\cliente\element2_2\common\gfxcommon2\debug\a3dgfxexman.obj
e:\compilacoes-pw-2024\cliente\element2_2\common\gfxcommon2\debug\a3dgfxfloatvaluetrans.obj
e:\compilacoes-pw-2024\cliente\element2_2\common\gfxcommon2\debug\a3dgfxfuncs.obj
e:\compilacoes-pw-2024\cliente\element2_2\common\gfxcommon2\debug\a3dgfxgridanimation.obj
e:\compilacoes-pw-2024\cliente\element2_2\common\gfxcommon2\debug\a3dgfxinterface.obj
e:\compilacoes-pw-2024\cliente\element2_2\common\gfxcommon2\debug\a3dgfxkeypoint.obj
e:\compilacoes-pw-2024\cliente\element2_2\common\gfxcommon2\debug\a3dboxemitter.sbr
e:\compilacoes-pw-2024\cliente\element2_2\common\gfxcommon2\debug\a3dareaemitter.sbr
e:\compilacoes-pw-2024\cliente\element2_2\common\gfxcommon2\debug\a3danimationtrack.sbr
e:\compilacoes-pw-2024\cliente\element2_2\common\gfxcommon2\debug\a3danimatable_psconst.sbr
e:\compilacoes-pw-2024\cliente\element2_2\common\gfxcommon2\debug\a3danimatable_applynone.sbr
e:\compilacoes-pw-2024\cliente\element2_2\common\gfxcommon2\debug\a3danimatable.sbr
e:\compilacoes-pw-2024\cliente\element2_2\common\gfxcommon2\debug\a3danimatable.obj
e:\compilacoes-pw-2024\cliente\element2_2\common\gfxcommon2\debug\a3danimatable_applynone.obj
e:\compilacoes-pw-2024\cliente\element2_2\common\gfxcommon2\debug\a3danimatable_psconst.obj
e:\compilacoes-pw-2024\cliente\element2_2\common\gfxcommon2\debug\a3danimationtrack.obj
e:\compilacoes-pw-2024\cliente\element2_2\common\gfxcommon2\debug\a3dareaemitter.obj
e:\compilacoes-pw-2024\cliente\element2_2\common\gfxcommon2\debug\a3dboxemitter.obj
e:\compilacoes-pw-2024\cliente\element2_2\common\gfxcommon2\debug\gfxcommon_na_d.lib
e:\compilacoes-pw-2024\cliente\element2_2\common\gfxcommon2\debug\gfxcommon_noaudio.pdb
e:\compilacoes-pw-2024\cliente\element2_2\common\gfxcommon2\debug\gfxcommon2.2_noaudio.vcxproj.filelistabsolute.txt
e:\compilacoes-pw-2024\cliente\element2_2\common\gfxcommon2\debug\gfxcommo.0dfd9329.tlog\bscmake.command.1.tlog
e:\compilacoes-pw-2024\cliente\element2_2\common\gfxcommon2\debug\gfxcommo.0dfd9329.tlog\bscmake.read.1.tlog
e:\compilacoes-pw-2024\cliente\element2_2\common\gfxcommon2\debug\gfxcommo.0dfd9329.tlog\bscmake.write.1.tlog
e:\compilacoes-pw-2024\cliente\element2_2\common\gfxcommon2\debug\gfxcommo.0dfd9329.tlog\cl.command.1.tlog
e:\compilacoes-pw-2024\cliente\element2_2\common\gfxcommon2\debug\gfxcommo.0dfd9329.tlog\cl.items.tlog
e:\compilacoes-pw-2024\cliente\element2_2\common\gfxcommon2\debug\gfxcommo.0dfd9329.tlog\cl.read.1.tlog
e:\compilacoes-pw-2024\cliente\element2_2\common\gfxcommon2\debug\gfxcommo.0dfd9329.tlog\cl.write.1.tlog
e:\compilacoes-pw-2024\cliente\element2_2\common\gfxcommon2\debug\gfxcommo.0dfd9329.tlog\lib-link.read.1.tlog
e:\compilacoes-pw-2024\cliente\element2_2\common\gfxcommon2\debug\gfxcommo.0dfd9329.tlog\lib-link.write.1.tlog
e:\compilacoes-pw-2024\cliente\element2_2\common\gfxcommon2\debug\gfxcommo.0dfd9329.tlog\lib.command.1.tlog
