e:\compilacoes-pw-2024\cliente\element2_2\libraries\vorbis\debug\floor1.obj
e:\compilacoes-pw-2024\cliente\element2_2\libraries\vorbis\debug\codebook.obj
e:\compilacoes-pw-2024\cliente\element2_2\libraries\vorbis\debug\registry.obj
e:\compilacoes-pw-2024\cliente\element2_2\libraries\vorbis\debug\window.obj
e:\compilacoes-pw-2024\cliente\element2_2\libraries\vorbis\debug\analysis.obj
e:\compilacoes-pw-2024\cliente\element2_2\libraries\vorbis\debug\psy.obj
e:\compilacoes-pw-2024\cliente\element2_2\libraries\vorbis\debug\mapping0.obj
e:\compilacoes-pw-2024\cliente\element2_2\libraries\vorbis\debug\lookup.obj
e:\compilacoes-pw-2024\cliente\element2_2\libraries\vorbis\debug\res0.obj
e:\compilacoes-pw-2024\cliente\element2_2\libraries\vorbis\debug\bitrate.obj
e:\compilacoes-pw-2024\cliente\element2_2\libraries\vorbis\debug\mdct.obj
e:\compilacoes-pw-2024\cliente\element2_2\libraries\vorbis\debug\floor0.obj
e:\compilacoes-pw-2024\cliente\element2_2\libraries\vorbis\debug\lpc.obj
e:\compilacoes-pw-2024\cliente\element2_2\libraries\vorbis\debug\synthesis.obj
e:\compilacoes-pw-2024\cliente\element2_2\libraries\vorbis\debug\envelope.obj
e:\compilacoes-pw-2024\cliente\element2_2\libraries\vorbis\debug\vorbisfile.obj
e:\compilacoes-pw-2024\cliente\element2_2\libraries\vorbis\debug\block.obj
e:\compilacoes-pw-2024\cliente\element2_2\libraries\vorbis\debug\sharedbook.obj
e:\compilacoes-pw-2024\cliente\element2_2\libraries\vorbis\debug\lsp.obj
e:\compilacoes-pw-2024\cliente\element2_2\libraries\vorbis\debug\info.obj
e:\compilacoes-pw-2024\cliente\element2_2\libraries\vorbis\debug\smallft.obj
e:\compilacoes-pw-2024\cliente\element2_2\libraries\vorbis\debug\vorbis.pdb
e:\compilacoes-pw-2024\cliente\element2_2\output\lib\vorbis_d.lib
e:\compilacoes-pw-2024\cliente\element2_2\libraries\vorbis\debug\vorbis.idb
e:\compilacoes-pw-2024\cliente\element2_2\libraries\vorbis\debug\vorbis.vcxproj.filelistabsolute.txt
e:\compilacoes-pw-2024\cliente\element2_2\libraries\vorbis\debug\vorbis.tlog\cl.12188.write.1.tlog
e:\compilacoes-pw-2024\cliente\element2_2\libraries\vorbis\debug\vorbis.tlog\cl.command.1.tlog
e:\compilacoes-pw-2024\cliente\element2_2\libraries\vorbis\debug\vorbis.tlog\cl.items.tlog
e:\compilacoes-pw-2024\cliente\element2_2\libraries\vorbis\debug\vorbis.tlog\cl.read.1.tlog
e:\compilacoes-pw-2024\cliente\element2_2\libraries\vorbis\debug\vorbis.tlog\lib-link.read.1.tlog
e:\compilacoes-pw-2024\cliente\element2_2\libraries\vorbis\debug\vorbis.tlog\lib-link.write.1.tlog
e:\compilacoes-pw-2024\cliente\element2_2\libraries\vorbis\debug\vorbis.tlog\lib.command.1.tlog
